2021-12-02 09:36:04.506  INFO 12196 --- [main] com.isdintership.epe.EpeApplication      : Starting EpeApplication using Java 15.0.1 on WIN-BN043PJFA5A with PID 12196 (C:\Users\User\Desktop\employee-performance-evaluator\epe-backend\target\classes started by User in C:\Users\User\Desktop\employee-performance-evaluator)
2021-12-02 09:36:04.506 DEBUG 12196 --- [main] com.isdintership.epe.EpeApplication      : Running with Spring Boot v2.5.6, Spring v5.3.12
2021-12-02 09:36:04.506  INFO 12196 --- [main] com.isdintership.epe.EpeApplication      : No active profile set, falling back to default profiles: default
2021-12-02 09:36:05.882  INFO 12196 --- [main] .s.d.r.c.RepositoryConfigurationDelegate : Bootstrapping Spring Data JPA repositories in DEFAULT mode.
2021-12-02 09:36:05.966  INFO 12196 --- [main] .s.d.r.c.RepositoryConfigurationDelegate : Finished Spring Data repository scanning in 78 ms. Found 8 JPA repository interfaces.
2021-12-02 09:36:06.368  INFO 12196 --- [main] trationDelegate$BeanPostProcessorChecker : Bean 'org.springframework.security.access.expression.method.DefaultMethodSecurityExpressionHandler@32a72c4' of type [org.springframework.security.access.expression.method.DefaultMethodSecurityExpressionHandler] is not eligible for getting processed by all BeanPostProcessors (for example: not eligible for auto-proxying)
2021-12-02 09:36:06.368  INFO 12196 --- [main] trationDelegate$BeanPostProcessorChecker : Bean 'methodSecurityMetadataSource' of type [org.springframework.security.access.method.DelegatingMethodSecurityMetadataSource] is not eligible for getting processed by all BeanPostProcessors (for example: not eligible for auto-proxying)
2021-12-02 09:36:06.637  INFO 12196 --- [main] o.s.b.w.embedded.tomcat.TomcatWebServer  : Tomcat initialized with port(s): 8075 (http)
2021-12-02 09:36:06.637  INFO 12196 --- [main] o.apache.catalina.core.StandardService   : Starting service [Tomcat]
2021-12-02 09:36:06.637  INFO 12196 --- [main] org.apache.catalina.core.StandardEngine  : Starting Servlet engine: [Apache Tomcat/9.0.54]
2021-12-02 09:36:06.753  INFO 12196 --- [main] o.a.c.c.C.[Tomcat].[localhost].[/]       : Initializing Spring embedded WebApplicationContext
2021-12-02 09:36:06.753  INFO 12196 --- [main] w.s.c.ServletWebServerApplicationContext : Root WebApplicationContext: initialization completed in 2200 ms
2021-12-02 09:36:07.107 DEBUG 12196 --- [main] c.i.epe.security.ExceptionHandlerFilter  : Filter 'exceptionHandlerFilter' configured for use
2021-12-02 09:36:07.223  INFO 12196 --- [main] o.hibernate.jpa.internal.util.LogHelper  : HHH000204: Processing PersistenceUnitInfo [name: default]
2021-12-02 09:36:07.254  INFO 12196 --- [main] org.hibernate.Version                    : HHH000412: Hibernate ORM core version 5.4.32.Final
2021-12-02 09:36:07.339  INFO 12196 --- [main] o.hibernate.annotations.common.Version   : HCANN000001: Hibernate Commons Annotations {5.1.2.Final}
2021-12-02 09:36:07.408  INFO 12196 --- [main] com.zaxxer.hikari.HikariDataSource       : HikariPool-1 - Starting...
2021-12-02 09:36:07.671  INFO 12196 --- [main] com.zaxxer.hikari.HikariDataSource       : HikariPool-1 - Start completed.
2021-12-02 09:36:07.671  INFO 12196 --- [main] org.hibernate.dialect.Dialect            : HHH000400: Using dialect: org.hibernate.dialect.PostgreSQLDialect
2021-12-02 09:36:08.643  INFO 12196 --- [main] o.h.e.t.j.p.i.JtaPlatformInitiator       : HHH000490: Using JtaPlatform implementation: [org.hibernate.engine.transaction.jta.platform.internal.NoJtaPlatform]
2021-12-02 09:36:08.658  INFO 12196 --- [main] j.LocalContainerEntityManagerFactoryBean : Initialized JPA EntityManagerFactory for persistence unit 'default'
2021-12-02 09:36:10.232  INFO 12196 --- [main] o.s.b.a.e.web.EndpointLinksResolver      : Exposing 15 endpoint(s) beneath base path '/api/actuator'
2021-12-02 09:36:11.155  INFO 12196 --- [main] o.s.s.web.DefaultSecurityFilterChain     : Will secure any request with [com.isdintership.epe.security.ExceptionHandlerFilter@163e8949, com.isdintership.epe.security.SimpleCORSFilter@58164e9a, org.springframework.security.web.context.request.async.WebAsyncManagerIntegrationFilter@693afcd1, org.springframework.security.web.context.SecurityContextPersistenceFilter@7eeabaf3, org.springframework.security.web.header.HeaderWriterFilter@7310bc90, org.springframework.security.web.authentication.logout.LogoutFilter@5bb00dcc, com.isdintership.epe.security.jwt.JwtTokenFilter@4bdd6fe0, org.springframework.security.web.savedrequest.RequestCacheAwareFilter@1285ec6, org.springframework.security.web.servletapi.SecurityContextHolderAwareRequestFilter@42fe9099, org.springframework.security.web.authentication.AnonymousAuthenticationFilter@3aaeb65b, org.springframework.security.web.session.SessionManagementFilter@2a01c55, org.springframework.security.web.access.ExceptionTranslationFilter@6351efa6, org.springframework.security.web.access.intercept.FilterSecurityInterceptor@ab5c335]
2021-12-02 09:36:11.293  INFO 12196 --- [main] o.s.b.w.embedded.tomcat.TomcatWebServer  : Tomcat started on port(s): 8075 (http) with context path ''
2021-12-02 09:36:12.064  INFO 12196 --- [main] com.isdintership.epe.EpeApplication      : Started EpeApplication in 8.035 seconds (JVM running for 8.885)
2021-12-02 09:36:12.164  INFO 12196 --- [RMI TCP Connection(2)-172.17.41.51] o.a.c.c.C.[Tomcat].[localhost].[/]       : Initializing Spring DispatcherServlet 'dispatcherServlet'
2021-12-02 09:36:12.164  INFO 12196 --- [RMI TCP Connection(2)-172.17.41.51] o.s.web.servlet.DispatcherServlet        : Initializing Servlet 'dispatcherServlet'
2021-12-02 09:36:12.164  INFO 12196 --- [RMI TCP Connection(2)-172.17.41.51] o.s.web.servlet.DispatcherServlet        : Completed initialization in 0 ms
2021-12-02 09:39:17.968  INFO 9404 --- [main] com.isdintership.epe.EpeApplication      : Starting EpeApplication using Java 15.0.1 on WIN-BN043PJFA5A with PID 9404 (C:\Users\User\Desktop\employee-performance-evaluator\epe-backend\target\classes started by User in C:\Users\User\Desktop\employee-performance-evaluator)
2021-12-02 09:39:17.983 DEBUG 9404 --- [main] com.isdintership.epe.EpeApplication      : Running with Spring Boot v2.5.6, Spring v5.3.12
2021-12-02 09:39:17.983  INFO 9404 --- [main] com.isdintership.epe.EpeApplication      : No active profile set, falling back to default profiles: default
2021-12-02 09:39:19.340  INFO 9404 --- [main] .s.d.r.c.RepositoryConfigurationDelegate : Bootstrapping Spring Data JPA repositories in DEFAULT mode.
2021-12-02 09:39:19.440  INFO 9404 --- [main] .s.d.r.c.RepositoryConfigurationDelegate : Finished Spring Data repository scanning in 80 ms. Found 8 JPA repository interfaces.
2021-12-02 09:39:19.873  INFO 9404 --- [main] trationDelegate$BeanPostProcessorChecker : Bean 'org.springframework.security.access.expression.method.DefaultMethodSecurityExpressionHandler@65c17e38' of type [org.springframework.security.access.expression.method.DefaultMethodSecurityExpressionHandler] is not eligible for getting processed by all BeanPostProcessors (for example: not eligible for auto-proxying)
2021-12-02 09:39:19.873  INFO 9404 --- [main] trationDelegate$BeanPostProcessorChecker : Bean 'methodSecurityMetadataSource' of type [org.springframework.security.access.method.DelegatingMethodSecurityMetadataSource] is not eligible for getting processed by all BeanPostProcessors (for example: not eligible for auto-proxying)
2021-12-02 09:39:20.127  INFO 9404 --- [main] o.s.b.w.embedded.tomcat.TomcatWebServer  : Tomcat initialized with port(s): 8075 (http)
2021-12-02 09:39:20.142  INFO 9404 --- [main] o.apache.catalina.core.StandardService   : Starting service [Tomcat]
2021-12-02 09:39:20.142  INFO 9404 --- [main] org.apache.catalina.core.StandardEngine  : Starting Servlet engine: [Apache Tomcat/9.0.54]
2021-12-02 09:39:20.243  INFO 9404 --- [main] o.a.c.c.C.[Tomcat].[localhost].[/]       : Initializing Spring embedded WebApplicationContext
2021-12-02 09:39:20.243  INFO 9404 --- [main] w.s.c.ServletWebServerApplicationContext : Root WebApplicationContext: initialization completed in 2202 ms
2021-12-02 09:39:20.606 DEBUG 9404 --- [main] c.i.epe.security.ExceptionHandlerFilter  : Filter 'exceptionHandlerFilter' configured for use
2021-12-02 09:39:20.713  INFO 9404 --- [main] o.hibernate.jpa.internal.util.LogHelper  : HHH000204: Processing PersistenceUnitInfo [name: default]
2021-12-02 09:39:20.760  INFO 9404 --- [main] org.hibernate.Version                    : HHH000412: Hibernate ORM core version 5.4.32.Final
2021-12-02 09:39:20.844  INFO 9404 --- [main] o.hibernate.annotations.common.Version   : HCANN000001: Hibernate Commons Annotations {5.1.2.Final}
2021-12-02 09:39:20.929  INFO 9404 --- [main] com.zaxxer.hikari.HikariDataSource       : HikariPool-1 - Starting...
2021-12-02 09:39:21.060  INFO 9404 --- [main] com.zaxxer.hikari.HikariDataSource       : HikariPool-1 - Start completed.
2021-12-02 09:39:21.076  INFO 9404 --- [main] org.hibernate.dialect.Dialect            : HHH000400: Using dialect: org.hibernate.dialect.PostgreSQLDialect
2021-12-02 09:39:21.963  INFO 9404 --- [main] o.h.e.t.j.p.i.JtaPlatformInitiator       : HHH000490: Using JtaPlatform implementation: [org.hibernate.engine.transaction.jta.platform.internal.NoJtaPlatform]
2021-12-02 09:39:21.963  INFO 9404 --- [main] j.LocalContainerEntityManagerFactoryBean : Initialized JPA EntityManagerFactory for persistence unit 'default'
2021-12-02 09:39:23.521  INFO 9404 --- [main] o.s.b.a.e.web.EndpointLinksResolver      : Exposing 15 endpoint(s) beneath base path '/api/actuator'
2021-12-02 09:39:24.477  INFO 9404 --- [main] o.s.s.web.DefaultSecurityFilterChain     : Will secure any request with [com.isdintership.epe.security.ExceptionHandlerFilter@33f4c769, com.isdintership.epe.security.SimpleCORSFilter@474e34e4, org.springframework.security.web.context.request.async.WebAsyncManagerIntegrationFilter@4ec1192f, org.springframework.security.web.context.SecurityContextPersistenceFilter@4437af21, org.springframework.security.web.header.HeaderWriterFilter@32514766, org.springframework.security.web.authentication.logout.LogoutFilter@7677d320, com.isdintership.epe.security.jwt.JwtTokenFilter@b926efa, org.springframework.security.web.savedrequest.RequestCacheAwareFilter@5cc088a8, org.springframework.security.web.servletapi.SecurityContextHolderAwareRequestFilter@6fe43257, org.springframework.security.web.authentication.AnonymousAuthenticationFilter@3653bb61, org.springframework.security.web.session.SessionManagementFilter@7ecf001f, org.springframework.security.web.access.ExceptionTranslationFilter@19a2b224, org.springframework.security.web.access.intercept.FilterSecurityInterceptor@76e5d5e5]
2021-12-02 09:39:24.608  INFO 9404 --- [main] o.s.b.w.embedded.tomcat.TomcatWebServer  : Tomcat started on port(s): 8075 (http) with context path ''
2021-12-02 09:39:25.379  INFO 9404 --- [main] com.isdintership.epe.EpeApplication      : Started EpeApplication in 7.806 seconds (JVM running for 8.541)
2021-12-02 09:39:25.871  INFO 9404 --- [RMI TCP Connection(3)-172.17.41.51] o.a.c.c.C.[Tomcat].[localhost].[/]       : Initializing Spring DispatcherServlet 'dispatcherServlet'
2021-12-02 09:39:25.871  INFO 9404 --- [RMI TCP Connection(3)-172.17.41.51] o.s.web.servlet.DispatcherServlet        : Initializing Servlet 'dispatcherServlet'
2021-12-02 09:39:25.871  INFO 9404 --- [RMI TCP Connection(3)-172.17.41.51] o.s.web.servlet.DispatcherServlet        : Completed initialization in 0 ms
2021-12-02 09:40:16.245 ERROR 9404 --- [http-nio-8075-exec-3] c.i.epe.service.impl.UserServiceImpl     : User with email girlea.adrian@isa.utm.md already exists
2021-12-02 09:40:37.032 ERROR 9404 --- [http-nio-8075-exec-4] c.i.epe.service.impl.UserServiceImpl     : User with email girlea.adrian@isa.utm.md already exists
