2021-12-02 11:28:13.827  INFO 7020 --- [main] com.isdintership.epe.EpeApplication      : Starting EpeApplication using Java 15.0.1 on DESKTOP-98RMHLG with PID 7020 (D:\Projects\employee-performance-evaluator\epe-backend\target\classes started by Максим in D:\Projects\employee-performance-evaluator\epe-backend)
2021-12-02 11:28:13.828 DEBUG 7020 --- [main] com.isdintership.epe.EpeApplication      : Running with Spring Boot v2.5.6, Spring v5.3.12
2021-12-02 11:28:13.828  INFO 7020 --- [main] com.isdintership.epe.EpeApplication      : The following profiles are active: prod
2021-12-02 11:28:14.805  INFO 7020 --- [main] .s.d.r.c.RepositoryConfigurationDelegate : Bootstrapping Spring Data JPA repositories in DEFAULT mode.
2021-12-02 11:28:14.872  INFO 7020 --- [main] .s.d.r.c.RepositoryConfigurationDelegate : Finished Spring Data repository scanning in 56 ms. Found 8 JPA repository interfaces.
2021-12-02 11:28:15.157  INFO 7020 --- [main] trationDelegate$BeanPostProcessorChecker : Bean 'org.springframework.security.access.expression.method.DefaultMethodSecurityExpressionHandler@43da0955' of type [org.springframework.security.access.expression.method.DefaultMethodSecurityExpressionHandler] is not eligible for getting processed by all BeanPostProcessors (for example: not eligible for auto-proxying)
2021-12-02 11:28:15.162  INFO 7020 --- [main] trationDelegate$BeanPostProcessorChecker : Bean 'methodSecurityMetadataSource' of type [org.springframework.security.access.method.DelegatingMethodSecurityMetadataSource] is not eligible for getting processed by all BeanPostProcessors (for example: not eligible for auto-proxying)
2021-12-02 11:28:15.359  INFO 7020 --- [main] o.s.b.w.embedded.tomcat.TomcatWebServer  : Tomcat initialized with port(s): 8075 (http)
2021-12-02 11:28:15.366  INFO 7020 --- [main] o.apache.catalina.core.StandardService   : Starting service [Tomcat]
2021-12-02 11:28:15.366  INFO 7020 --- [main] org.apache.catalina.core.StandardEngine  : Starting Servlet engine: [Apache Tomcat/9.0.54]
2021-12-02 11:28:15.461  INFO 7020 --- [main] o.a.c.c.C.[Tomcat].[localhost].[/]       : Initializing Spring embedded WebApplicationContext
2021-12-02 11:28:15.462  INFO 7020 --- [main] w.s.c.ServletWebServerApplicationContext : Root WebApplicationContext: initialization completed in 1601 ms
2021-12-02 11:28:15.703 DEBUG 7020 --- [main] c.i.epe.security.ExceptionHandlerFilter  : Filter 'exceptionHandlerFilter' configured for use
2021-12-02 11:28:15.722  WARN 7020 --- [main] ConfigServletWebServerApplicationContext : Exception encountered during context initialization - cancelling refresh attempt: org.springframework.beans.factory.UnsatisfiedDependencyException: Error creating bean with name 'dataSourceScriptDatabaseInitializer' defined in class path resource [org/springframework/boot/autoconfigure/sql/init/DataSourceInitializationConfiguration.class]: Unsatisfied dependency expressed through method 'dataSourceScriptDatabaseInitializer' parameter 0; nested exception is org.springframework.beans.factory.BeanCreationException: Error creating bean with name 'dataSource' defined in class path resource [org/springframework/boot/autoconfigure/jdbc/DataSourceConfiguration$Hikari.class]: Bean instantiation via factory method failed; nested exception is org.springframework.beans.BeanInstantiationException: Failed to instantiate [com.zaxxer.hikari.HikariDataSource]: Factory method 'dataSource' threw exception; nested exception is org.springframework.boot.autoconfigure.jdbc.DataSourceProperties$DataSourceBeanCreationException: Failed to determine suitable jdbc url
2021-12-02 11:28:15.724  INFO 7020 --- [main] o.apache.catalina.core.StandardService   : Stopping service [Tomcat]
2021-12-02 11:28:15.738  INFO 7020 --- [main] ConditionEvaluationReportLoggingListener : 

Error starting ApplicationContext. To display the conditions report re-run your application with 'debug' enabled.
2021-12-02 11:28:15.748 ERROR 7020 --- [main] o.s.b.d.LoggingFailureAnalysisReporter   : 

***************************
APPLICATION FAILED TO START
***************************

Description:

Failed to configure a DataSource: 'url' attribute is not specified and no embedded datasource could be configured.

Reason: Failed to determine suitable jdbc url


Action:

Consider the following:
	If you want an embedded database (H2, HSQL or Derby), please put it on the classpath.
	If you have database settings to be loaded from a particular profile you may need to activate it (the profiles prod are currently active).

2021-12-02 11:28:42.258  INFO 19128 --- [main] com.isdintership.epe.EpeApplication      : Starting EpeApplication using Java 15.0.1 on DESKTOP-98RMHLG with PID 19128 (D:\Projects\employee-performance-evaluator\epe-backend\target\classes started by Максим in D:\Projects\employee-performance-evaluator\epe-backend)
2021-12-02 11:28:42.260 DEBUG 19128 --- [main] com.isdintership.epe.EpeApplication      : Running with Spring Boot v2.5.6, Spring v5.3.12
2021-12-02 11:28:42.260  INFO 19128 --- [main] com.isdintership.epe.EpeApplication      : The following profiles are active: local
2021-12-02 11:28:43.143  INFO 19128 --- [main] .s.d.r.c.RepositoryConfigurationDelegate : Bootstrapping Spring Data JPA repositories in DEFAULT mode.
2021-12-02 11:28:43.190  INFO 19128 --- [main] .s.d.r.c.RepositoryConfigurationDelegate : Finished Spring Data repository scanning in 42 ms. Found 8 JPA repository interfaces.
2021-12-02 11:28:43.447  INFO 19128 --- [main] trationDelegate$BeanPostProcessorChecker : Bean 'org.springframework.security.access.expression.method.DefaultMethodSecurityExpressionHandler@7015ebef' of type [org.springframework.security.access.expression.method.DefaultMethodSecurityExpressionHandler] is not eligible for getting processed by all BeanPostProcessors (for example: not eligible for auto-proxying)
2021-12-02 11:28:43.451  INFO 19128 --- [main] trationDelegate$BeanPostProcessorChecker : Bean 'methodSecurityMetadataSource' of type [org.springframework.security.access.method.DelegatingMethodSecurityMetadataSource] is not eligible for getting processed by all BeanPostProcessors (for example: not eligible for auto-proxying)
2021-12-02 11:28:43.618  INFO 19128 --- [main] o.s.b.w.embedded.tomcat.TomcatWebServer  : Tomcat initialized with port(s): 8075 (http)
2021-12-02 11:28:43.623  INFO 19128 --- [main] o.apache.catalina.core.StandardService   : Starting service [Tomcat]
2021-12-02 11:28:43.624  INFO 19128 --- [main] org.apache.catalina.core.StandardEngine  : Starting Servlet engine: [Apache Tomcat/9.0.54]
2021-12-02 11:28:43.731  INFO 19128 --- [main] o.a.c.c.C.[Tomcat].[localhost].[/]       : Initializing Spring embedded WebApplicationContext
2021-12-02 11:28:43.731  INFO 19128 --- [main] w.s.c.ServletWebServerApplicationContext : Root WebApplicationContext: initialization completed in 1444 ms
2021-12-02 11:28:43.996 DEBUG 19128 --- [main] c.i.epe.security.ExceptionHandlerFilter  : Filter 'exceptionHandlerFilter' configured for use
2021-12-02 11:28:44.040  INFO 19128 --- [main] com.zaxxer.hikari.HikariDataSource       : HikariPool-1 - Starting...
2021-12-02 11:28:44.226  INFO 19128 --- [main] com.zaxxer.hikari.HikariDataSource       : HikariPool-1 - Start completed.
2021-12-02 11:28:44.261  WARN 19128 --- [main] ConfigServletWebServerApplicationContext : Exception encountered during context initialization - cancelling refresh attempt: org.springframework.beans.factory.BeanCreationException: Error creating bean with name 'dataSourceScriptDatabaseInitializer' defined in class path resource [org/springframework/boot/autoconfigure/sql/init/DataSourceInitializationConfiguration.class]: Invocation of init method failed; nested exception is org.springframework.jdbc.datasource.init.ScriptStatementFailedException: Failed to execute SQL script statement #1 of URL [file:/D:/Projects/employee-performance-evaluator/epe-backend/target/classes/schema.sql]: create table assessment_statuses ( id varchar(255) not null constraint assessment_statuses_pkey primary key, status varchar(255) not null ); nested exception is org.postgresql.util.PSQLException: ОШИБКА: отношение "assessment_statuses" уже существует
2021-12-02 11:28:44.261  INFO 19128 --- [main] com.zaxxer.hikari.HikariDataSource       : HikariPool-1 - Shutdown initiated...
2021-12-02 11:28:44.263  INFO 19128 --- [main] com.zaxxer.hikari.HikariDataSource       : HikariPool-1 - Shutdown completed.
2021-12-02 11:28:44.266  INFO 19128 --- [main] o.apache.catalina.core.StandardService   : Stopping service [Tomcat]
2021-12-02 11:28:44.277  INFO 19128 --- [main] ConditionEvaluationReportLoggingListener : 

Error starting ApplicationContext. To display the conditions report re-run your application with 'debug' enabled.
2021-12-02 11:28:44.294 ERROR 19128 --- [main] o.s.boot.SpringApplication               : Application run failed

org.springframework.beans.factory.BeanCreationException: Error creating bean with name 'dataSourceScriptDatabaseInitializer' defined in class path resource [org/springframework/boot/autoconfigure/sql/init/DataSourceInitializationConfiguration.class]: Invocation of init method failed; nested exception is org.springframework.jdbc.datasource.init.ScriptStatementFailedException: Failed to execute SQL script statement #1 of URL [file:/D:/Projects/employee-performance-evaluator/epe-backend/target/classes/schema.sql]: create table assessment_statuses ( id varchar(255) not null constraint assessment_statuses_pkey primary key, status varchar(255) not null ); nested exception is org.postgresql.util.PSQLException: ОШИБКА: отношение "assessment_statuses" уже существует
	at org.springframework.beans.factory.support.AbstractAutowireCapableBeanFactory.initializeBean(AbstractAutowireCapableBeanFactory.java:1804) ~[spring-beans-5.3.12.jar:5.3.12]
	at org.springframework.beans.factory.support.AbstractAutowireCapableBeanFactory.doCreateBean(AbstractAutowireCapableBeanFactory.java:620) ~[spring-beans-5.3.12.jar:5.3.12]
	at org.springframework.beans.factory.support.AbstractAutowireCapableBeanFactory.createBean(AbstractAutowireCapableBeanFactory.java:542) ~[spring-beans-5.3.12.jar:5.3.12]
	at org.springframework.beans.factory.support.AbstractBeanFactory.lambda$doGetBean$0(AbstractBeanFactory.java:335) ~[spring-beans-5.3.12.jar:5.3.12]
	at org.springframework.beans.factory.support.DefaultSingletonBeanRegistry.getSingleton(DefaultSingletonBeanRegistry.java:234) ~[spring-beans-5.3.12.jar:5.3.12]
	at org.springframework.beans.factory.support.AbstractBeanFactory.doGetBean(AbstractBeanFactory.java:333) ~[spring-beans-5.3.12.jar:5.3.12]
	at org.springframework.beans.factory.support.AbstractBeanFactory.getBean(AbstractBeanFactory.java:208) ~[spring-beans-5.3.12.jar:5.3.12]
	at org.springframework.beans.factory.support.AbstractBeanFactory.doGetBean(AbstractBeanFactory.java:322) ~[spring-beans-5.3.12.jar:5.3.12]
	at org.springframework.beans.factory.support.AbstractBeanFactory.getBean(AbstractBeanFactory.java:208) ~[spring-beans-5.3.12.jar:5.3.12]
	at org.springframework.context.support.AbstractApplicationContext.getBean(AbstractApplicationContext.java:1154) ~[spring-context-5.3.12.jar:5.3.12]
	at org.springframework.context.support.AbstractApplicationContext.finishBeanFactoryInitialization(AbstractApplicationContext.java:908) ~[spring-context-5.3.12.jar:5.3.12]
	at org.springframework.context.support.AbstractApplicationContext.refresh(AbstractApplicationContext.java:583) ~[spring-context-5.3.12.jar:5.3.12]
	at org.springframework.boot.web.servlet.context.ServletWebServerApplicationContext.refresh(ServletWebServerApplicationContext.java:145) ~[spring-boot-2.5.6.jar:2.5.6]
	at org.springframework.boot.SpringApplication.refresh(SpringApplication.java:754) ~[spring-boot-2.5.6.jar:2.5.6]
	at org.springframework.boot.SpringApplication.refreshContext(SpringApplication.java:434) ~[spring-boot-2.5.6.jar:2.5.6]
	at org.springframework.boot.SpringApplication.run(SpringApplication.java:338) ~[spring-boot-2.5.6.jar:2.5.6]
	at org.springframework.boot.SpringApplication.run(SpringApplication.java:1343) ~[spring-boot-2.5.6.jar:2.5.6]
	at org.springframework.boot.SpringApplication.run(SpringApplication.java:1332) ~[spring-boot-2.5.6.jar:2.5.6]
	at com.isdintership.epe.EpeApplication.main(EpeApplication.java:12) ~[classes/:na]
Caused by: org.springframework.jdbc.datasource.init.ScriptStatementFailedException: Failed to execute SQL script statement #1 of URL [file:/D:/Projects/employee-performance-evaluator/epe-backend/target/classes/schema.sql]: create table assessment_statuses ( id varchar(255) not null constraint assessment_statuses_pkey primary key, status varchar(255) not null ); nested exception is org.postgresql.util.PSQLException: ОШИБКА: отношение "assessment_statuses" уже существует
	at org.springframework.jdbc.datasource.init.ScriptUtils.executeSqlScript(ScriptUtils.java:282) ~[spring-jdbc-5.3.12.jar:5.3.12]
	at org.springframework.jdbc.datasource.init.ResourceDatabasePopulator.populate(ResourceDatabasePopulator.java:254) ~[spring-jdbc-5.3.12.jar:5.3.12]
	at org.springframework.jdbc.datasource.init.DatabasePopulatorUtils.execute(DatabasePopulatorUtils.java:54) ~[spring-jdbc-5.3.12.jar:5.3.12]
	at org.springframework.boot.jdbc.init.DataSourceScriptDatabaseInitializer.runScripts(DataSourceScriptDatabaseInitializer.java:89) ~[spring-boot-2.5.6.jar:2.5.6]
	at org.springframework.boot.sql.init.AbstractScriptDatabaseInitializer.runScripts(AbstractScriptDatabaseInitializer.java:145) ~[spring-boot-2.5.6.jar:2.5.6]
	at org.springframework.boot.sql.init.AbstractScriptDatabaseInitializer.applyScripts(AbstractScriptDatabaseInitializer.java:107) ~[spring-boot-2.5.6.jar:2.5.6]
	at org.springframework.boot.sql.init.AbstractScriptDatabaseInitializer.applySchemaScripts(AbstractScriptDatabaseInitializer.java:97) ~[spring-boot-2.5.6.jar:2.5.6]
	at org.springframework.boot.sql.init.AbstractScriptDatabaseInitializer.initializeDatabase(AbstractScriptDatabaseInitializer.java:75) ~[spring-boot-2.5.6.jar:2.5.6]
	at org.springframework.boot.sql.init.AbstractScriptDatabaseInitializer.afterPropertiesSet(AbstractScriptDatabaseInitializer.java:65) ~[spring-boot-2.5.6.jar:2.5.6]
	at org.springframework.beans.factory.support.AbstractAutowireCapableBeanFactory.invokeInitMethods(AbstractAutowireCapableBeanFactory.java:1863) ~[spring-beans-5.3.12.jar:5.3.12]
	at org.springframework.beans.factory.support.AbstractAutowireCapableBeanFactory.initializeBean(AbstractAutowireCapableBeanFactory.java:1800) ~[spring-beans-5.3.12.jar:5.3.12]
	... 18 common frames omitted
Caused by: org.postgresql.util.PSQLException: ОШИБКА: отношение "assessment_statuses" уже существует
	at org.postgresql.core.v3.QueryExecutorImpl.receiveErrorResponse(QueryExecutorImpl.java:2565) ~[postgresql-42.2.24.jar:42.2.24]
	at org.postgresql.core.v3.QueryExecutorImpl.processResults(QueryExecutorImpl.java:2297) ~[postgresql-42.2.24.jar:42.2.24]
	at org.postgresql.core.v3.QueryExecutorImpl.execute(QueryExecutorImpl.java:322) ~[postgresql-42.2.24.jar:42.2.24]
	at org.postgresql.jdbc.PgStatement.executeInternal(PgStatement.java:481) ~[postgresql-42.2.24.jar:42.2.24]
	at org.postgresql.jdbc.PgStatement.execute(PgStatement.java:401) ~[postgresql-42.2.24.jar:42.2.24]
	at org.postgresql.jdbc.PgStatement.executeWithFlags(PgStatement.java:322) ~[postgresql-42.2.24.jar:42.2.24]
	at org.postgresql.jdbc.PgStatement.executeCachedSql(PgStatement.java:308) ~[postgresql-42.2.24.jar:42.2.24]
	at org.postgresql.jdbc.PgStatement.executeWithFlags(PgStatement.java:284) ~[postgresql-42.2.24.jar:42.2.24]
	at org.postgresql.jdbc.PgStatement.execute(PgStatement.java:279) ~[postgresql-42.2.24.jar:42.2.24]
	at com.zaxxer.hikari.pool.ProxyStatement.execute(ProxyStatement.java:94) ~[HikariCP-4.0.3.jar:na]
	at com.zaxxer.hikari.pool.HikariProxyStatement.execute(HikariProxyStatement.java) ~[HikariCP-4.0.3.jar:na]
	at org.springframework.jdbc.datasource.init.ScriptUtils.executeSqlScript(ScriptUtils.java:261) ~[spring-jdbc-5.3.12.jar:5.3.12]
	... 28 common frames omitted

2021-12-02 11:29:10.222  INFO 6648 --- [main] com.isdintership.epe.EpeApplication      : Starting EpeApplication using Java 15.0.1 on DESKTOP-98RMHLG with PID 6648 (D:\Projects\employee-performance-evaluator\epe-backend\target\classes started by Максим in D:\Projects\employee-performance-evaluator\epe-backend)
2021-12-02 11:29:10.224 DEBUG 6648 --- [main] com.isdintership.epe.EpeApplication      : Running with Spring Boot v2.5.6, Spring v5.3.12
2021-12-02 11:29:10.224  INFO 6648 --- [main] com.isdintership.epe.EpeApplication      : The following profiles are active: local
2021-12-02 11:29:11.012  INFO 6648 --- [main] .s.d.r.c.RepositoryConfigurationDelegate : Bootstrapping Spring Data JPA repositories in DEFAULT mode.
2021-12-02 11:29:11.058  INFO 6648 --- [main] .s.d.r.c.RepositoryConfigurationDelegate : Finished Spring Data repository scanning in 42 ms. Found 8 JPA repository interfaces.
2021-12-02 11:29:11.301  INFO 6648 --- [main] trationDelegate$BeanPostProcessorChecker : Bean 'org.springframework.security.access.expression.method.DefaultMethodSecurityExpressionHandler@7015ebef' of type [org.springframework.security.access.expression.method.DefaultMethodSecurityExpressionHandler] is not eligible for getting processed by all BeanPostProcessors (for example: not eligible for auto-proxying)
2021-12-02 11:29:11.305  INFO 6648 --- [main] trationDelegate$BeanPostProcessorChecker : Bean 'methodSecurityMetadataSource' of type [org.springframework.security.access.method.DelegatingMethodSecurityMetadataSource] is not eligible for getting processed by all BeanPostProcessors (for example: not eligible for auto-proxying)
2021-12-02 11:29:11.465  INFO 6648 --- [main] o.s.b.w.embedded.tomcat.TomcatWebServer  : Tomcat initialized with port(s): 8075 (http)
2021-12-02 11:29:11.469  INFO 6648 --- [main] o.apache.catalina.core.StandardService   : Starting service [Tomcat]
2021-12-02 11:29:11.469  INFO 6648 --- [main] org.apache.catalina.core.StandardEngine  : Starting Servlet engine: [Apache Tomcat/9.0.54]
2021-12-02 11:29:11.558  INFO 6648 --- [main] o.a.c.c.C.[Tomcat].[localhost].[/]       : Initializing Spring embedded WebApplicationContext
2021-12-02 11:29:11.558  INFO 6648 --- [main] w.s.c.ServletWebServerApplicationContext : Root WebApplicationContext: initialization completed in 1306 ms
2021-12-02 11:29:11.795 DEBUG 6648 --- [main] c.i.epe.security.ExceptionHandlerFilter  : Filter 'exceptionHandlerFilter' configured for use
2021-12-02 11:29:11.833  INFO 6648 --- [main] com.zaxxer.hikari.HikariDataSource       : HikariPool-1 - Starting...
2021-12-02 11:29:12.076  INFO 6648 --- [main] com.zaxxer.hikari.HikariDataSource       : HikariPool-1 - Start completed.
2021-12-02 11:29:12.141  INFO 6648 --- [main] o.hibernate.jpa.internal.util.LogHelper  : HHH000204: Processing PersistenceUnitInfo [name: default]
2021-12-02 11:29:12.178  INFO 6648 --- [main] org.hibernate.Version                    : HHH000412: Hibernate ORM core version 5.4.32.Final
2021-12-02 11:29:12.259  INFO 6648 --- [main] o.hibernate.annotations.common.Version   : HCANN000001: Hibernate Commons Annotations {5.1.2.Final}
2021-12-02 11:29:12.332  INFO 6648 --- [main] org.hibernate.dialect.Dialect            : HHH000400: Using dialect: org.hibernate.dialect.PostgreSQLDialect
2021-12-02 11:29:13.084  INFO 6648 --- [main] o.h.e.t.j.p.i.JtaPlatformInitiator       : HHH000490: Using JtaPlatform implementation: [org.hibernate.engine.transaction.jta.platform.internal.NoJtaPlatform]
2021-12-02 11:29:13.091  INFO 6648 --- [main] j.LocalContainerEntityManagerFactoryBean : Initialized JPA EntityManagerFactory for persistence unit 'default'
2021-12-02 11:29:13.103  WARN 6648 --- [main] ConfigServletWebServerApplicationContext : Exception encountered during context initialization - cancelling refresh attempt: org.springframework.beans.factory.UnsatisfiedDependencyException: Error creating bean with name 'securityConfig' defined in file [D:\Projects\employee-performance-evaluator\epe-backend\target\classes\com\isdintership\epe\config\SecurityConfig.class]: Unsatisfied dependency expressed through constructor parameter 0; nested exception is org.springframework.beans.factory.UnsatisfiedDependencyException: Error creating bean with name 'jwtTokenProvider': Unsatisfied dependency expressed through field 'validityInMilliseconds'; nested exception is org.springframework.beans.TypeMismatchException: Failed to convert value of type 'java.lang.String' to required type 'long'; nested exception is java.lang.NumberFormatException: For input string: ""
2021-12-02 11:29:13.104  INFO 6648 --- [main] j.LocalContainerEntityManagerFactoryBean : Closing JPA EntityManagerFactory for persistence unit 'default'
2021-12-02 11:29:13.108  INFO 6648 --- [main] com.zaxxer.hikari.HikariDataSource       : HikariPool-1 - Shutdown initiated...
2021-12-02 11:29:13.112  INFO 6648 --- [main] com.zaxxer.hikari.HikariDataSource       : HikariPool-1 - Shutdown completed.
2021-12-02 11:29:13.115  INFO 6648 --- [main] o.apache.catalina.core.StandardService   : Stopping service [Tomcat]
2021-12-02 11:29:13.128  INFO 6648 --- [main] ConditionEvaluationReportLoggingListener : 

Error starting ApplicationContext. To display the conditions report re-run your application with 'debug' enabled.
2021-12-02 11:29:13.146 ERROR 6648 --- [main] o.s.boot.SpringApplication               : Application run failed

org.springframework.beans.factory.UnsatisfiedDependencyException: Error creating bean with name 'securityConfig' defined in file [D:\Projects\employee-performance-evaluator\epe-backend\target\classes\com\isdintership\epe\config\SecurityConfig.class]: Unsatisfied dependency expressed through constructor parameter 0; nested exception is org.springframework.beans.factory.UnsatisfiedDependencyException: Error creating bean with name 'jwtTokenProvider': Unsatisfied dependency expressed through field 'validityInMilliseconds'; nested exception is org.springframework.beans.TypeMismatchException: Failed to convert value of type 'java.lang.String' to required type 'long'; nested exception is java.lang.NumberFormatException: For input string: ""
	at org.springframework.beans.factory.support.ConstructorResolver.createArgumentArray(ConstructorResolver.java:800) ~[spring-beans-5.3.12.jar:5.3.12]
	at org.springframework.beans.factory.support.ConstructorResolver.autowireConstructor(ConstructorResolver.java:229) ~[spring-beans-5.3.12.jar:5.3.12]
	at org.springframework.beans.factory.support.AbstractAutowireCapableBeanFactory.autowireConstructor(AbstractAutowireCapableBeanFactory.java:1372) ~[spring-beans-5.3.12.jar:5.3.12]
	at org.springframework.beans.factory.support.AbstractAutowireCapableBeanFactory.createBeanInstance(AbstractAutowireCapableBeanFactory.java:1222) ~[spring-beans-5.3.12.jar:5.3.12]
	at org.springframework.beans.factory.support.AbstractAutowireCapableBeanFactory.doCreateBean(AbstractAutowireCapableBeanFactory.java:582) ~[spring-beans-5.3.12.jar:5.3.12]
	at org.springframework.beans.factory.support.AbstractAutowireCapableBeanFactory.createBean(AbstractAutowireCapableBeanFactory.java:542) ~[spring-beans-5.3.12.jar:5.3.12]
	at org.springframework.beans.factory.support.AbstractBeanFactory.lambda$doGetBean$0(AbstractBeanFactory.java:335) ~[spring-beans-5.3.12.jar:5.3.12]
	at org.springframework.beans.factory.support.DefaultSingletonBeanRegistry.getSingleton(DefaultSingletonBeanRegistry.java:234) ~[spring-beans-5.3.12.jar:5.3.12]
	at org.springframework.beans.factory.support.AbstractBeanFactory.doGetBean(AbstractBeanFactory.java:333) ~[spring-beans-5.3.12.jar:5.3.12]
	at org.springframework.beans.factory.support.AbstractBeanFactory.getBean(AbstractBeanFactory.java:208) ~[spring-beans-5.3.12.jar:5.3.12]
	at org.springframework.beans.factory.support.DefaultListableBeanFactory.preInstantiateSingletons(DefaultListableBeanFactory.java:944) ~[spring-beans-5.3.12.jar:5.3.12]
	at org.springframework.context.support.AbstractApplicationContext.finishBeanFactoryInitialization(AbstractApplicationContext.java:918) ~[spring-context-5.3.12.jar:5.3.12]
	at org.springframework.context.support.AbstractApplicationContext.refresh(AbstractApplicationContext.java:583) ~[spring-context-5.3.12.jar:5.3.12]
	at org.springframework.boot.web.servlet.context.ServletWebServerApplicationContext.refresh(ServletWebServerApplicationContext.java:145) ~[spring-boot-2.5.6.jar:2.5.6]
	at org.springframework.boot.SpringApplication.refresh(SpringApplication.java:754) ~[spring-boot-2.5.6.jar:2.5.6]
	at org.springframework.boot.SpringApplication.refreshContext(SpringApplication.java:434) ~[spring-boot-2.5.6.jar:2.5.6]
	at org.springframework.boot.SpringApplication.run(SpringApplication.java:338) ~[spring-boot-2.5.6.jar:2.5.6]
	at org.springframework.boot.SpringApplication.run(SpringApplication.java:1343) ~[spring-boot-2.5.6.jar:2.5.6]
	at org.springframework.boot.SpringApplication.run(SpringApplication.java:1332) ~[spring-boot-2.5.6.jar:2.5.6]
	at com.isdintership.epe.EpeApplication.main(EpeApplication.java:12) ~[classes/:na]
Caused by: org.springframework.beans.factory.UnsatisfiedDependencyException: Error creating bean with name 'jwtTokenProvider': Unsatisfied dependency expressed through field 'validityInMilliseconds'; nested exception is org.springframework.beans.TypeMismatchException: Failed to convert value of type 'java.lang.String' to required type 'long'; nested exception is java.lang.NumberFormatException: For input string: ""
	at org.springframework.beans.factory.annotation.AutowiredAnnotationBeanPostProcessor$AutowiredFieldElement.resolveFieldValue(AutowiredAnnotationBeanPostProcessor.java:659) ~[spring-beans-5.3.12.jar:5.3.12]
	at org.springframework.beans.factory.annotation.AutowiredAnnotationBeanPostProcessor$AutowiredFieldElement.inject(AutowiredAnnotationBeanPostProcessor.java:639) ~[spring-beans-5.3.12.jar:5.3.12]
	at org.springframework.beans.factory.annotation.InjectionMetadata.inject(InjectionMetadata.java:119) ~[spring-beans-5.3.12.jar:5.3.12]
	at org.springframework.beans.factory.annotation.AutowiredAnnotationBeanPostProcessor.postProcessProperties(AutowiredAnnotationBeanPostProcessor.java:399) ~[spring-beans-5.3.12.jar:5.3.12]
	at org.springframework.beans.factory.support.AbstractAutowireCapableBeanFactory.populateBean(AbstractAutowireCapableBeanFactory.java:1431) ~[spring-beans-5.3.12.jar:5.3.12]
	at org.springframework.beans.factory.support.AbstractAutowireCapableBeanFactory.doCreateBean(AbstractAutowireCapableBeanFactory.java:619) ~[spring-beans-5.3.12.jar:5.3.12]
	at org.springframework.beans.factory.support.AbstractAutowireCapableBeanFactory.createBean(AbstractAutowireCapableBeanFactory.java:542) ~[spring-beans-5.3.12.jar:5.3.12]
	at org.springframework.beans.factory.support.AbstractBeanFactory.lambda$doGetBean$0(AbstractBeanFactory.java:335) ~[spring-beans-5.3.12.jar:5.3.12]
	at org.springframework.beans.factory.support.DefaultSingletonBeanRegistry.getSingleton(DefaultSingletonBeanRegistry.java:234) ~[spring-beans-5.3.12.jar:5.3.12]
	at org.springframework.beans.factory.support.AbstractBeanFactory.doGetBean(AbstractBeanFactory.java:333) ~[spring-beans-5.3.12.jar:5.3.12]
	at org.springframework.beans.factory.support.AbstractBeanFactory.getBean(AbstractBeanFactory.java:208) ~[spring-beans-5.3.12.jar:5.3.12]
	at org.springframework.beans.factory.config.DependencyDescriptor.resolveCandidate(DependencyDescriptor.java:276) ~[spring-beans-5.3.12.jar:5.3.12]
	at org.springframework.beans.factory.support.DefaultListableBeanFactory.doResolveDependency(DefaultListableBeanFactory.java:1380) ~[spring-beans-5.3.12.jar:5.3.12]
	at org.springframework.beans.factory.support.DefaultListableBeanFactory.resolveDependency(DefaultListableBeanFactory.java:1300) ~[spring-beans-5.3.12.jar:5.3.12]
	at org.springframework.beans.factory.support.ConstructorResolver.resolveAutowiredArgument(ConstructorResolver.java:887) ~[spring-beans-5.3.12.jar:5.3.12]
	at org.springframework.beans.factory.support.ConstructorResolver.createArgumentArray(ConstructorResolver.java:791) ~[spring-beans-5.3.12.jar:5.3.12]
	... 19 common frames omitted
Caused by: org.springframework.beans.TypeMismatchException: Failed to convert value of type 'java.lang.String' to required type 'long'; nested exception is java.lang.NumberFormatException: For input string: ""
	at org.springframework.beans.TypeConverterSupport.convertIfNecessary(TypeConverterSupport.java:79) ~[spring-beans-5.3.12.jar:5.3.12]
	at org.springframework.beans.factory.support.DefaultListableBeanFactory.doResolveDependency(DefaultListableBeanFactory.java:1328) ~[spring-beans-5.3.12.jar:5.3.12]
	at org.springframework.beans.factory.support.DefaultListableBeanFactory.resolveDependency(DefaultListableBeanFactory.java:1300) ~[spring-beans-5.3.12.jar:5.3.12]
	at org.springframework.beans.factory.annotation.AutowiredAnnotationBeanPostProcessor$AutowiredFieldElement.resolveFieldValue(AutowiredAnnotationBeanPostProcessor.java:656) ~[spring-beans-5.3.12.jar:5.3.12]
	... 34 common frames omitted
Caused by: java.lang.NumberFormatException: For input string: ""
	at java.base/java.lang.NumberFormatException.forInputString(NumberFormatException.java:68) ~[na:na]
	at java.base/java.lang.Long.parseLong(Long.java:717) ~[na:na]
	at java.base/java.lang.Long.valueOf(Long.java:1159) ~[na:na]
	at org.springframework.util.NumberUtils.parseNumber(NumberUtils.java:214) ~[spring-core-5.3.12.jar:5.3.12]
	at org.springframework.beans.propertyeditors.CustomNumberEditor.setAsText(CustomNumberEditor.java:115) ~[spring-beans-5.3.12.jar:5.3.12]
	at org.springframework.beans.TypeConverterDelegate.doConvertTextValue(TypeConverterDelegate.java:429) ~[spring-beans-5.3.12.jar:5.3.12]
	at org.springframework.beans.TypeConverterDelegate.doConvertValue(TypeConverterDelegate.java:402) ~[spring-beans-5.3.12.jar:5.3.12]
	at org.springframework.beans.TypeConverterDelegate.convertIfNecessary(TypeConverterDelegate.java:155) ~[spring-beans-5.3.12.jar:5.3.12]
	at org.springframework.beans.TypeConverterSupport.convertIfNecessary(TypeConverterSupport.java:73) ~[spring-beans-5.3.12.jar:5.3.12]
	... 37 common frames omitted

2021-12-02 11:29:39.144  INFO 13900 --- [main] com.isdintership.epe.EpeApplication      : Starting EpeApplication using Java 15.0.1 on DESKTOP-98RMHLG with PID 13900 (D:\Projects\employee-performance-evaluator\epe-backend\target\classes started by Максим in D:\Projects\employee-performance-evaluator\epe-backend)
2021-12-02 11:29:39.146 DEBUG 13900 --- [main] com.isdintership.epe.EpeApplication      : Running with Spring Boot v2.5.6, Spring v5.3.12
2021-12-02 11:29:39.146  INFO 13900 --- [main] com.isdintership.epe.EpeApplication      : The following profiles are active: local
2021-12-02 11:29:39.966  INFO 13900 --- [main] .s.d.r.c.RepositoryConfigurationDelegate : Bootstrapping Spring Data JPA repositories in DEFAULT mode.
2021-12-02 11:29:40.013  INFO 13900 --- [main] .s.d.r.c.RepositoryConfigurationDelegate : Finished Spring Data repository scanning in 44 ms. Found 8 JPA repository interfaces.
2021-12-02 11:29:40.261  INFO 13900 --- [main] trationDelegate$BeanPostProcessorChecker : Bean 'org.springframework.security.access.expression.method.DefaultMethodSecurityExpressionHandler@7015ebef' of type [org.springframework.security.access.expression.method.DefaultMethodSecurityExpressionHandler] is not eligible for getting processed by all BeanPostProcessors (for example: not eligible for auto-proxying)
2021-12-02 11:29:40.266  INFO 13900 --- [main] trationDelegate$BeanPostProcessorChecker : Bean 'methodSecurityMetadataSource' of type [org.springframework.security.access.method.DelegatingMethodSecurityMetadataSource] is not eligible for getting processed by all BeanPostProcessors (for example: not eligible for auto-proxying)
2021-12-02 11:29:40.447  INFO 13900 --- [main] o.s.b.w.embedded.tomcat.TomcatWebServer  : Tomcat initialized with port(s): 8075 (http)
2021-12-02 11:29:40.451  INFO 13900 --- [main] o.apache.catalina.core.StandardService   : Starting service [Tomcat]
2021-12-02 11:29:40.452  INFO 13900 --- [main] org.apache.catalina.core.StandardEngine  : Starting Servlet engine: [Apache Tomcat/9.0.54]
2021-12-02 11:29:40.550  INFO 13900 --- [main] o.a.c.c.C.[Tomcat].[localhost].[/]       : Initializing Spring embedded WebApplicationContext
2021-12-02 11:29:40.550  INFO 13900 --- [main] w.s.c.ServletWebServerApplicationContext : Root WebApplicationContext: initialization completed in 1377 ms
2021-12-02 11:29:40.806 DEBUG 13900 --- [main] c.i.epe.security.ExceptionHandlerFilter  : Filter 'exceptionHandlerFilter' configured for use
2021-12-02 11:29:40.843  INFO 13900 --- [main] com.zaxxer.hikari.HikariDataSource       : HikariPool-1 - Starting...
2021-12-02 11:29:41.066  INFO 13900 --- [main] com.zaxxer.hikari.HikariDataSource       : HikariPool-1 - Start completed.
2021-12-02 11:29:41.121  INFO 13900 --- [main] o.hibernate.jpa.internal.util.LogHelper  : HHH000204: Processing PersistenceUnitInfo [name: default]
2021-12-02 11:29:41.143  INFO 13900 --- [main] org.hibernate.Version                    : HHH000412: Hibernate ORM core version 5.4.32.Final
2021-12-02 11:29:41.201  INFO 13900 --- [main] o.hibernate.annotations.common.Version   : HCANN000001: Hibernate Commons Annotations {5.1.2.Final}
2021-12-02 11:29:41.258  INFO 13900 --- [main] org.hibernate.dialect.Dialect            : HHH000400: Using dialect: org.hibernate.dialect.PostgreSQLDialect
2021-12-02 11:29:41.951  INFO 13900 --- [main] o.h.e.t.j.p.i.JtaPlatformInitiator       : HHH000490: Using JtaPlatform implementation: [org.hibernate.engine.transaction.jta.platform.internal.NoJtaPlatform]
2021-12-02 11:29:41.957  INFO 13900 --- [main] j.LocalContainerEntityManagerFactoryBean : Initialized JPA EntityManagerFactory for persistence unit 'default'
2021-12-02 11:29:41.967  WARN 13900 --- [main] ConfigServletWebServerApplicationContext : Exception encountered during context initialization - cancelling refresh attempt: org.springframework.beans.factory.UnsatisfiedDependencyException: Error creating bean with name 'securityConfig' defined in file [D:\Projects\employee-performance-evaluator\epe-backend\target\classes\com\isdintership\epe\config\SecurityConfig.class]: Unsatisfied dependency expressed through constructor parameter 0; nested exception is org.springframework.beans.factory.UnsatisfiedDependencyException: Error creating bean with name 'jwtTokenProvider': Unsatisfied dependency expressed through field 'validityInMilliseconds'; nested exception is org.springframework.beans.TypeMismatchException: Failed to convert value of type 'java.lang.String' to required type 'long'; nested exception is java.lang.NumberFormatException: For input string: ""
2021-12-02 11:29:41.967  INFO 13900 --- [main] j.LocalContainerEntityManagerFactoryBean : Closing JPA EntityManagerFactory for persistence unit 'default'
2021-12-02 11:29:41.969  INFO 13900 --- [main] com.zaxxer.hikari.HikariDataSource       : HikariPool-1 - Shutdown initiated...
2021-12-02 11:29:41.972  INFO 13900 --- [main] com.zaxxer.hikari.HikariDataSource       : HikariPool-1 - Shutdown completed.
2021-12-02 11:29:41.976  INFO 13900 --- [main] o.apache.catalina.core.StandardService   : Stopping service [Tomcat]
2021-12-02 11:29:41.989  INFO 13900 --- [main] ConditionEvaluationReportLoggingListener : 

Error starting ApplicationContext. To display the conditions report re-run your application with 'debug' enabled.
2021-12-02 11:29:42.002 ERROR 13900 --- [main] o.s.boot.SpringApplication               : Application run failed

org.springframework.beans.factory.UnsatisfiedDependencyException: Error creating bean with name 'securityConfig' defined in file [D:\Projects\employee-performance-evaluator\epe-backend\target\classes\com\isdintership\epe\config\SecurityConfig.class]: Unsatisfied dependency expressed through constructor parameter 0; nested exception is org.springframework.beans.factory.UnsatisfiedDependencyException: Error creating bean with name 'jwtTokenProvider': Unsatisfied dependency expressed through field 'validityInMilliseconds'; nested exception is org.springframework.beans.TypeMismatchException: Failed to convert value of type 'java.lang.String' to required type 'long'; nested exception is java.lang.NumberFormatException: For input string: ""
	at org.springframework.beans.factory.support.ConstructorResolver.createArgumentArray(ConstructorResolver.java:800) ~[spring-beans-5.3.12.jar:5.3.12]
	at org.springframework.beans.factory.support.ConstructorResolver.autowireConstructor(ConstructorResolver.java:229) ~[spring-beans-5.3.12.jar:5.3.12]
	at org.springframework.beans.factory.support.AbstractAutowireCapableBeanFactory.autowireConstructor(AbstractAutowireCapableBeanFactory.java:1372) ~[spring-beans-5.3.12.jar:5.3.12]
	at org.springframework.beans.factory.support.AbstractAutowireCapableBeanFactory.createBeanInstance(AbstractAutowireCapableBeanFactory.java:1222) ~[spring-beans-5.3.12.jar:5.3.12]
	at org.springframework.beans.factory.support.AbstractAutowireCapableBeanFactory.doCreateBean(AbstractAutowireCapableBeanFactory.java:582) ~[spring-beans-5.3.12.jar:5.3.12]
	at org.springframework.beans.factory.support.AbstractAutowireCapableBeanFactory.createBean(AbstractAutowireCapableBeanFactory.java:542) ~[spring-beans-5.3.12.jar:5.3.12]
	at org.springframework.beans.factory.support.AbstractBeanFactory.lambda$doGetBean$0(AbstractBeanFactory.java:335) ~[spring-beans-5.3.12.jar:5.3.12]
	at org.springframework.beans.factory.support.DefaultSingletonBeanRegistry.getSingleton(DefaultSingletonBeanRegistry.java:234) ~[spring-beans-5.3.12.jar:5.3.12]
	at org.springframework.beans.factory.support.AbstractBeanFactory.doGetBean(AbstractBeanFactory.java:333) ~[spring-beans-5.3.12.jar:5.3.12]
	at org.springframework.beans.factory.support.AbstractBeanFactory.getBean(AbstractBeanFactory.java:208) ~[spring-beans-5.3.12.jar:5.3.12]
	at org.springframework.beans.factory.support.DefaultListableBeanFactory.preInstantiateSingletons(DefaultListableBeanFactory.java:944) ~[spring-beans-5.3.12.jar:5.3.12]
	at org.springframework.context.support.AbstractApplicationContext.finishBeanFactoryInitialization(AbstractApplicationContext.java:918) ~[spring-context-5.3.12.jar:5.3.12]
	at org.springframework.context.support.AbstractApplicationContext.refresh(AbstractApplicationContext.java:583) ~[spring-context-5.3.12.jar:5.3.12]
	at org.springframework.boot.web.servlet.context.ServletWebServerApplicationContext.refresh(ServletWebServerApplicationContext.java:145) ~[spring-boot-2.5.6.jar:2.5.6]
	at org.springframework.boot.SpringApplication.refresh(SpringApplication.java:754) ~[spring-boot-2.5.6.jar:2.5.6]
	at org.springframework.boot.SpringApplication.refreshContext(SpringApplication.java:434) ~[spring-boot-2.5.6.jar:2.5.6]
	at org.springframework.boot.SpringApplication.run(SpringApplication.java:338) ~[spring-boot-2.5.6.jar:2.5.6]
	at org.springframework.boot.SpringApplication.run(SpringApplication.java:1343) ~[spring-boot-2.5.6.jar:2.5.6]
	at org.springframework.boot.SpringApplication.run(SpringApplication.java:1332) ~[spring-boot-2.5.6.jar:2.5.6]
	at com.isdintership.epe.EpeApplication.main(EpeApplication.java:12) ~[classes/:na]
Caused by: org.springframework.beans.factory.UnsatisfiedDependencyException: Error creating bean with name 'jwtTokenProvider': Unsatisfied dependency expressed through field 'validityInMilliseconds'; nested exception is org.springframework.beans.TypeMismatchException: Failed to convert value of type 'java.lang.String' to required type 'long'; nested exception is java.lang.NumberFormatException: For input string: ""
	at org.springframework.beans.factory.annotation.AutowiredAnnotationBeanPostProcessor$AutowiredFieldElement.resolveFieldValue(AutowiredAnnotationBeanPostProcessor.java:659) ~[spring-beans-5.3.12.jar:5.3.12]
	at org.springframework.beans.factory.annotation.AutowiredAnnotationBeanPostProcessor$AutowiredFieldElement.inject(AutowiredAnnotationBeanPostProcessor.java:639) ~[spring-beans-5.3.12.jar:5.3.12]
	at org.springframework.beans.factory.annotation.InjectionMetadata.inject(InjectionMetadata.java:119) ~[spring-beans-5.3.12.jar:5.3.12]
	at org.springframework.beans.factory.annotation.AutowiredAnnotationBeanPostProcessor.postProcessProperties(AutowiredAnnotationBeanPostProcessor.java:399) ~[spring-beans-5.3.12.jar:5.3.12]
	at org.springframework.beans.factory.support.AbstractAutowireCapableBeanFactory.populateBean(AbstractAutowireCapableBeanFactory.java:1431) ~[spring-beans-5.3.12.jar:5.3.12]
	at org.springframework.beans.factory.support.AbstractAutowireCapableBeanFactory.doCreateBean(AbstractAutowireCapableBeanFactory.java:619) ~[spring-beans-5.3.12.jar:5.3.12]
	at org.springframework.beans.factory.support.AbstractAutowireCapableBeanFactory.createBean(AbstractAutowireCapableBeanFactory.java:542) ~[spring-beans-5.3.12.jar:5.3.12]
	at org.springframework.beans.factory.support.AbstractBeanFactory.lambda$doGetBean$0(AbstractBeanFactory.java:335) ~[spring-beans-5.3.12.jar:5.3.12]
	at org.springframework.beans.factory.support.DefaultSingletonBeanRegistry.getSingleton(DefaultSingletonBeanRegistry.java:234) ~[spring-beans-5.3.12.jar:5.3.12]
	at org.springframework.beans.factory.support.AbstractBeanFactory.doGetBean(AbstractBeanFactory.java:333) ~[spring-beans-5.3.12.jar:5.3.12]
	at org.springframework.beans.factory.support.AbstractBeanFactory.getBean(AbstractBeanFactory.java:208) ~[spring-beans-5.3.12.jar:5.3.12]
	at org.springframework.beans.factory.config.DependencyDescriptor.resolveCandidate(DependencyDescriptor.java:276) ~[spring-beans-5.3.12.jar:5.3.12]
	at org.springframework.beans.factory.support.DefaultListableBeanFactory.doResolveDependency(DefaultListableBeanFactory.java:1380) ~[spring-beans-5.3.12.jar:5.3.12]
	at org.springframework.beans.factory.support.DefaultListableBeanFactory.resolveDependency(DefaultListableBeanFactory.java:1300) ~[spring-beans-5.3.12.jar:5.3.12]
	at org.springframework.beans.factory.support.ConstructorResolver.resolveAutowiredArgument(ConstructorResolver.java:887) ~[spring-beans-5.3.12.jar:5.3.12]
	at org.springframework.beans.factory.support.ConstructorResolver.createArgumentArray(ConstructorResolver.java:791) ~[spring-beans-5.3.12.jar:5.3.12]
	... 19 common frames omitted
Caused by: org.springframework.beans.TypeMismatchException: Failed to convert value of type 'java.lang.String' to required type 'long'; nested exception is java.lang.NumberFormatException: For input string: ""
	at org.springframework.beans.TypeConverterSupport.convertIfNecessary(TypeConverterSupport.java:79) ~[spring-beans-5.3.12.jar:5.3.12]
	at org.springframework.beans.factory.support.DefaultListableBeanFactory.doResolveDependency(DefaultListableBeanFactory.java:1328) ~[spring-beans-5.3.12.jar:5.3.12]
	at org.springframework.beans.factory.support.DefaultListableBeanFactory.resolveDependency(DefaultListableBeanFactory.java:1300) ~[spring-beans-5.3.12.jar:5.3.12]
	at org.springframework.beans.factory.annotation.AutowiredAnnotationBeanPostProcessor$AutowiredFieldElement.resolveFieldValue(AutowiredAnnotationBeanPostProcessor.java:656) ~[spring-beans-5.3.12.jar:5.3.12]
	... 34 common frames omitted
Caused by: java.lang.NumberFormatException: For input string: ""
	at java.base/java.lang.NumberFormatException.forInputString(NumberFormatException.java:68) ~[na:na]
	at java.base/java.lang.Long.parseLong(Long.java:717) ~[na:na]
	at java.base/java.lang.Long.valueOf(Long.java:1159) ~[na:na]
	at org.springframework.util.NumberUtils.parseNumber(NumberUtils.java:214) ~[spring-core-5.3.12.jar:5.3.12]
	at org.springframework.beans.propertyeditors.CustomNumberEditor.setAsText(CustomNumberEditor.java:115) ~[spring-beans-5.3.12.jar:5.3.12]
	at org.springframework.beans.TypeConverterDelegate.doConvertTextValue(TypeConverterDelegate.java:429) ~[spring-beans-5.3.12.jar:5.3.12]
	at org.springframework.beans.TypeConverterDelegate.doConvertValue(TypeConverterDelegate.java:402) ~[spring-beans-5.3.12.jar:5.3.12]
	at org.springframework.beans.TypeConverterDelegate.convertIfNecessary(TypeConverterDelegate.java:155) ~[spring-beans-5.3.12.jar:5.3.12]
	at org.springframework.beans.TypeConverterSupport.convertIfNecessary(TypeConverterSupport.java:73) ~[spring-beans-5.3.12.jar:5.3.12]
	... 37 common frames omitted

2021-12-02 11:30:17.019  INFO 9448 --- [main] com.isdintership.epe.EpeApplication      : Starting EpeApplication using Java 15.0.1 on DESKTOP-98RMHLG with PID 9448 (D:\Projects\employee-performance-evaluator\epe-backend\target\classes started by Максим in D:\Projects\employee-performance-evaluator\epe-backend)
2021-12-02 11:30:17.021 DEBUG 9448 --- [main] com.isdintership.epe.EpeApplication      : Running with Spring Boot v2.5.6, Spring v5.3.12
2021-12-02 11:30:17.021  INFO 9448 --- [main] com.isdintership.epe.EpeApplication      : The following profiles are active: local
2021-12-02 11:30:17.800  INFO 9448 --- [main] .s.d.r.c.RepositoryConfigurationDelegate : Bootstrapping Spring Data JPA repositories in DEFAULT mode.
2021-12-02 11:30:17.848  INFO 9448 --- [main] .s.d.r.c.RepositoryConfigurationDelegate : Finished Spring Data repository scanning in 44 ms. Found 8 JPA repository interfaces.
2021-12-02 11:30:18.114  INFO 9448 --- [main] trationDelegate$BeanPostProcessorChecker : Bean 'org.springframework.security.access.expression.method.DefaultMethodSecurityExpressionHandler@7015ebef' of type [org.springframework.security.access.expression.method.DefaultMethodSecurityExpressionHandler] is not eligible for getting processed by all BeanPostProcessors (for example: not eligible for auto-proxying)
2021-12-02 11:30:18.119  INFO 9448 --- [main] trationDelegate$BeanPostProcessorChecker : Bean 'methodSecurityMetadataSource' of type [org.springframework.security.access.method.DelegatingMethodSecurityMetadataSource] is not eligible for getting processed by all BeanPostProcessors (for example: not eligible for auto-proxying)
2021-12-02 11:30:18.284  INFO 9448 --- [main] o.s.b.w.embedded.tomcat.TomcatWebServer  : Tomcat initialized with port(s): 8075 (http)
2021-12-02 11:30:18.289  INFO 9448 --- [main] o.apache.catalina.core.StandardService   : Starting service [Tomcat]
2021-12-02 11:30:18.290  INFO 9448 --- [main] org.apache.catalina.core.StandardEngine  : Starting Servlet engine: [Apache Tomcat/9.0.54]
2021-12-02 11:30:18.383  INFO 9448 --- [main] o.a.c.c.C.[Tomcat].[localhost].[/]       : Initializing Spring embedded WebApplicationContext
2021-12-02 11:30:18.384  INFO 9448 --- [main] w.s.c.ServletWebServerApplicationContext : Root WebApplicationContext: initialization completed in 1338 ms
2021-12-02 11:30:18.612 DEBUG 9448 --- [main] c.i.epe.security.ExceptionHandlerFilter  : Filter 'exceptionHandlerFilter' configured for use
2021-12-02 11:30:18.646  INFO 9448 --- [main] com.zaxxer.hikari.HikariDataSource       : HikariPool-1 - Starting...
2021-12-02 11:30:18.750  INFO 9448 --- [main] com.zaxxer.hikari.HikariDataSource       : HikariPool-1 - Start completed.
2021-12-02 11:30:18.801  INFO 9448 --- [main] o.hibernate.jpa.internal.util.LogHelper  : HHH000204: Processing PersistenceUnitInfo [name: default]
2021-12-02 11:30:18.825  INFO 9448 --- [main] org.hibernate.Version                    : HHH000412: Hibernate ORM core version 5.4.32.Final
2021-12-02 11:30:18.880  INFO 9448 --- [main] o.hibernate.annotations.common.Version   : HCANN000001: Hibernate Commons Annotations {5.1.2.Final}
2021-12-02 11:30:18.932  INFO 9448 --- [main] org.hibernate.dialect.Dialect            : HHH000400: Using dialect: org.hibernate.dialect.PostgreSQLDialect
2021-12-02 11:30:19.542  INFO 9448 --- [main] o.h.e.t.j.p.i.JtaPlatformInitiator       : HHH000490: Using JtaPlatform implementation: [org.hibernate.engine.transaction.jta.platform.internal.NoJtaPlatform]
2021-12-02 11:30:19.547  INFO 9448 --- [main] j.LocalContainerEntityManagerFactoryBean : Initialized JPA EntityManagerFactory for persistence unit 'default'
2021-12-02 11:30:20.558  INFO 9448 --- [main] o.s.b.a.e.web.EndpointLinksResolver      : Exposing 15 endpoint(s) beneath base path '/api/actuator'
2021-12-02 11:30:21.182  INFO 9448 --- [main] o.s.s.web.DefaultSecurityFilterChain     : Will secure any request with [com.isdintership.epe.security.ExceptionHandlerFilter@7404ddca, com.isdintership.epe.security.SimpleCORSFilter@6734ff92, org.springframework.security.web.context.request.async.WebAsyncManagerIntegrationFilter@2976d625, org.springframework.security.web.context.SecurityContextPersistenceFilter@7caa5387, org.springframework.security.web.header.HeaderWriterFilter@3f9e38d4, org.springframework.security.web.authentication.logout.LogoutFilter@5e834f3a, com.isdintership.epe.security.jwt.JwtTokenFilter@693afcd1, org.springframework.security.web.savedrequest.RequestCacheAwareFilter@2fb006dc, org.springframework.security.web.servletapi.SecurityContextHolderAwareRequestFilter@6a3cb81c, org.springframework.security.web.authentication.AnonymousAuthenticationFilter@4bdd6fe0, org.springframework.security.web.session.SessionManagementFilter@3a72160a, org.springframework.security.web.access.ExceptionTranslationFilter@35c646b5, org.springframework.security.web.access.intercept.FilterSecurityInterceptor@3aede2ff]
2021-12-02 11:30:21.265  INFO 9448 --- [main] o.s.b.w.embedded.tomcat.TomcatWebServer  : Tomcat started on port(s): 8075 (http) with context path ''
2021-12-02 11:30:21.842  INFO 9448 --- [main] com.isdintership.epe.EpeApplication      : Started EpeApplication in 5.1 seconds (JVM running for 5.688)
2021-12-02 11:30:22.133  INFO 9448 --- [RMI TCP Connection(1)-172.17.44.60] o.a.c.c.C.[Tomcat].[localhost].[/]       : Initializing Spring DispatcherServlet 'dispatcherServlet'
2021-12-02 11:30:22.133  INFO 9448 --- [RMI TCP Connection(1)-172.17.44.60] o.s.web.servlet.DispatcherServlet        : Initializing Servlet 'dispatcherServlet'
2021-12-02 11:30:22.135  INFO 9448 --- [RMI TCP Connection(1)-172.17.44.60] o.s.web.servlet.DispatcherServlet        : Completed initialization in 2 ms
2021-12-02 11:32:24.555  INFO 9448 --- [SpringApplicationShutdownHook] j.LocalContainerEntityManagerFactoryBean : Closing JPA EntityManagerFactory for persistence unit 'default'
2021-12-02 11:32:24.558  INFO 9448 --- [SpringApplicationShutdownHook] com.zaxxer.hikari.HikariDataSource       : HikariPool-1 - Shutdown initiated...
2021-12-02 11:32:24.565  INFO 9448 --- [SpringApplicationShutdownHook] com.zaxxer.hikari.HikariDataSource       : HikariPool-1 - Shutdown completed.
2021-12-02 11:32:27.529  INFO 3872 --- [main] com.isdintership.epe.EpeApplication      : Starting EpeApplication using Java 15.0.1 on DESKTOP-98RMHLG with PID 3872 (D:\Projects\employee-performance-evaluator\epe-backend\target\classes started by Максим in D:\Projects\employee-performance-evaluator\epe-backend)
2021-12-02 11:32:27.531 DEBUG 3872 --- [main] com.isdintership.epe.EpeApplication      : Running with Spring Boot v2.5.6, Spring v5.3.12
2021-12-02 11:32:27.531  INFO 3872 --- [main] com.isdintership.epe.EpeApplication      : The following profiles are active: local
2021-12-02 11:32:28.361  INFO 3872 --- [main] .s.d.r.c.RepositoryConfigurationDelegate : Bootstrapping Spring Data JPA repositories in DEFAULT mode.
2021-12-02 11:32:28.411  INFO 3872 --- [main] .s.d.r.c.RepositoryConfigurationDelegate : Finished Spring Data repository scanning in 46 ms. Found 8 JPA repository interfaces.
2021-12-02 11:32:28.669  INFO 3872 --- [main] trationDelegate$BeanPostProcessorChecker : Bean 'org.springframework.security.access.expression.method.DefaultMethodSecurityExpressionHandler@7015ebef' of type [org.springframework.security.access.expression.method.DefaultMethodSecurityExpressionHandler] is not eligible for getting processed by all BeanPostProcessors (for example: not eligible for auto-proxying)
2021-12-02 11:32:28.673  INFO 3872 --- [main] trationDelegate$BeanPostProcessorChecker : Bean 'methodSecurityMetadataSource' of type [org.springframework.security.access.method.DelegatingMethodSecurityMetadataSource] is not eligible for getting processed by all BeanPostProcessors (for example: not eligible for auto-proxying)
2021-12-02 11:32:28.833  INFO 3872 --- [main] o.s.b.w.embedded.tomcat.TomcatWebServer  : Tomcat initialized with port(s): 8075 (http)
2021-12-02 11:32:28.838  INFO 3872 --- [main] o.apache.catalina.core.StandardService   : Starting service [Tomcat]
2021-12-02 11:32:28.838  INFO 3872 --- [main] org.apache.catalina.core.StandardEngine  : Starting Servlet engine: [Apache Tomcat/9.0.54]
2021-12-02 11:32:28.929  INFO 3872 --- [main] o.a.c.c.C.[Tomcat].[localhost].[/]       : Initializing Spring embedded WebApplicationContext
2021-12-02 11:32:28.930  INFO 3872 --- [main] w.s.c.ServletWebServerApplicationContext : Root WebApplicationContext: initialization completed in 1363 ms
2021-12-02 11:32:29.178 DEBUG 3872 --- [main] c.i.epe.security.ExceptionHandlerFilter  : Filter 'exceptionHandlerFilter' configured for use
2021-12-02 11:32:29.218  INFO 3872 --- [main] com.zaxxer.hikari.HikariDataSource       : HikariPool-1 - Starting...
2021-12-02 11:32:29.341  INFO 3872 --- [main] com.zaxxer.hikari.HikariDataSource       : HikariPool-1 - Start completed.
2021-12-02 11:32:29.403  INFO 3872 --- [main] o.hibernate.jpa.internal.util.LogHelper  : HHH000204: Processing PersistenceUnitInfo [name: default]
2021-12-02 11:32:29.428  INFO 3872 --- [main] org.hibernate.Version                    : HHH000412: Hibernate ORM core version 5.4.32.Final
2021-12-02 11:32:29.485  INFO 3872 --- [main] o.hibernate.annotations.common.Version   : HCANN000001: Hibernate Commons Annotations {5.1.2.Final}
2021-12-02 11:32:29.533  INFO 3872 --- [main] org.hibernate.dialect.Dialect            : HHH000400: Using dialect: org.hibernate.dialect.PostgreSQLDialect
2021-12-02 11:32:30.165  INFO 3872 --- [main] o.h.e.t.j.p.i.JtaPlatformInitiator       : HHH000490: Using JtaPlatform implementation: [org.hibernate.engine.transaction.jta.platform.internal.NoJtaPlatform]
2021-12-02 11:32:30.171  INFO 3872 --- [main] j.LocalContainerEntityManagerFactoryBean : Initialized JPA EntityManagerFactory for persistence unit 'default'
2021-12-02 11:32:31.134  INFO 3872 --- [main] o.s.b.a.e.web.EndpointLinksResolver      : Exposing 15 endpoint(s) beneath base path '/api/actuator'
2021-12-02 11:32:31.704  INFO 3872 --- [main] o.s.s.web.DefaultSecurityFilterChain     : Will secure any request with [com.isdintership.epe.security.ExceptionHandlerFilter@7404ddca, com.isdintership.epe.security.SimpleCORSFilter@6734ff92, org.springframework.security.web.context.request.async.WebAsyncManagerIntegrationFilter@5fdfa35d, org.springframework.security.web.context.SecurityContextPersistenceFilter@1560982f, org.springframework.security.web.header.HeaderWriterFilter@4bdec54, org.springframework.security.web.authentication.logout.LogoutFilter@57ab7b32, com.isdintership.epe.security.jwt.JwtTokenFilter@43165282, org.springframework.security.web.savedrequest.RequestCacheAwareFilter@7eeabaf3, org.springframework.security.web.servletapi.SecurityContextHolderAwareRequestFilter@7ecf001f, org.springframework.security.web.authentication.AnonymousAuthenticationFilter@2976d625, org.springframework.security.web.session.SessionManagementFilter@720cbb7d, org.springframework.security.web.access.ExceptionTranslationFilter@7e7e34ef, org.springframework.security.web.access.intercept.FilterSecurityInterceptor@4723445c]
2021-12-02 11:32:31.796  INFO 3872 --- [main] o.s.b.w.embedded.tomcat.TomcatWebServer  : Tomcat started on port(s): 8075 (http) with context path ''
2021-12-02 11:32:32.344  INFO 3872 --- [main] com.isdintership.epe.EpeApplication      : Started EpeApplication in 5.111 seconds (JVM running for 5.78)
2021-12-02 11:32:32.738  INFO 3872 --- [RMI TCP Connection(1)-172.17.44.60] o.a.c.c.C.[Tomcat].[localhost].[/]       : Initializing Spring DispatcherServlet 'dispatcherServlet'
2021-12-02 11:32:32.738  INFO 3872 --- [RMI TCP Connection(1)-172.17.44.60] o.s.web.servlet.DispatcherServlet        : Initializing Servlet 'dispatcherServlet'
2021-12-02 11:32:32.740  INFO 3872 --- [RMI TCP Connection(1)-172.17.44.60] o.s.web.servlet.DispatcherServlet        : Completed initialization in 2 ms
2021-12-02 11:32:45.008  INFO 3872 --- [SpringApplicationShutdownHook] j.LocalContainerEntityManagerFactoryBean : Closing JPA EntityManagerFactory for persistence unit 'default'
2021-12-02 11:32:45.010  INFO 3872 --- [SpringApplicationShutdownHook] com.zaxxer.hikari.HikariDataSource       : HikariPool-1 - Shutdown initiated...
2021-12-02 11:32:45.014  INFO 3872 --- [SpringApplicationShutdownHook] com.zaxxer.hikari.HikariDataSource       : HikariPool-1 - Shutdown completed.
2021-12-02 11:32:47.790  INFO 8140 --- [main] com.isdintership.epe.EpeApplication      : Starting EpeApplication using Java 15.0.1 on DESKTOP-98RMHLG with PID 8140 (D:\Projects\employee-performance-evaluator\epe-backend\target\classes started by Максим in D:\Projects\employee-performance-evaluator\epe-backend)
2021-12-02 11:32:47.791 DEBUG 8140 --- [main] com.isdintership.epe.EpeApplication      : Running with Spring Boot v2.5.6, Spring v5.3.12
2021-12-02 11:32:47.792  INFO 8140 --- [main] com.isdintership.epe.EpeApplication      : The following profiles are active: prod
2021-12-02 11:32:48.664  INFO 8140 --- [main] .s.d.r.c.RepositoryConfigurationDelegate : Bootstrapping Spring Data JPA repositories in DEFAULT mode.
2021-12-02 11:32:48.715  INFO 8140 --- [main] .s.d.r.c.RepositoryConfigurationDelegate : Finished Spring Data repository scanning in 47 ms. Found 8 JPA repository interfaces.
2021-12-02 11:32:48.980  INFO 8140 --- [main] trationDelegate$BeanPostProcessorChecker : Bean 'org.springframework.security.access.expression.method.DefaultMethodSecurityExpressionHandler@34d480b9' of type [org.springframework.security.access.expression.method.DefaultMethodSecurityExpressionHandler] is not eligible for getting processed by all BeanPostProcessors (for example: not eligible for auto-proxying)
2021-12-02 11:32:48.985  INFO 8140 --- [main] trationDelegate$BeanPostProcessorChecker : Bean 'methodSecurityMetadataSource' of type [org.springframework.security.access.method.DelegatingMethodSecurityMetadataSource] is not eligible for getting processed by all BeanPostProcessors (for example: not eligible for auto-proxying)
2021-12-02 11:32:49.165  INFO 8140 --- [main] o.s.b.w.embedded.tomcat.TomcatWebServer  : Tomcat initialized with port(s): 8080 (http)
2021-12-02 11:32:49.170  INFO 8140 --- [main] o.apache.catalina.core.StandardService   : Starting service [Tomcat]
2021-12-02 11:32:49.171  INFO 8140 --- [main] org.apache.catalina.core.StandardEngine  : Starting Servlet engine: [Apache Tomcat/9.0.54]
2021-12-02 11:32:49.260  INFO 8140 --- [main] o.a.c.c.C.[Tomcat].[localhost].[/]       : Initializing Spring embedded WebApplicationContext
2021-12-02 11:32:49.261  INFO 8140 --- [main] w.s.c.ServletWebServerApplicationContext : Root WebApplicationContext: initialization completed in 1442 ms
2021-12-02 11:32:49.480 DEBUG 8140 --- [main] c.i.epe.security.ExceptionHandlerFilter  : Filter 'exceptionHandlerFilter' configured for use
2021-12-02 11:32:49.497  WARN 8140 --- [main] ConfigServletWebServerApplicationContext : Exception encountered during context initialization - cancelling refresh attempt: org.springframework.beans.factory.UnsatisfiedDependencyException: Error creating bean with name 'dataSourceScriptDatabaseInitializer' defined in class path resource [org/springframework/boot/autoconfigure/sql/init/DataSourceInitializationConfiguration.class]: Unsatisfied dependency expressed through method 'dataSourceScriptDatabaseInitializer' parameter 0; nested exception is org.springframework.beans.factory.BeanCreationException: Error creating bean with name 'dataSource' defined in class path resource [org/springframework/boot/autoconfigure/jdbc/DataSourceConfiguration$Hikari.class]: Bean instantiation via factory method failed; nested exception is org.springframework.beans.BeanInstantiationException: Failed to instantiate [com.zaxxer.hikari.HikariDataSource]: Factory method 'dataSource' threw exception; nested exception is org.springframework.boot.autoconfigure.jdbc.DataSourceProperties$DataSourceBeanCreationException: Failed to determine suitable jdbc url
2021-12-02 11:32:49.500  INFO 8140 --- [main] o.apache.catalina.core.StandardService   : Stopping service [Tomcat]
2021-12-02 11:32:49.514  INFO 8140 --- [main] ConditionEvaluationReportLoggingListener : 

Error starting ApplicationContext. To display the conditions report re-run your application with 'debug' enabled.
2021-12-02 11:32:49.524 ERROR 8140 --- [main] o.s.b.d.LoggingFailureAnalysisReporter   : 

***************************
APPLICATION FAILED TO START
***************************

Description:

Failed to configure a DataSource: 'url' attribute is not specified and no embedded datasource could be configured.

Reason: Failed to determine suitable jdbc url


Action:

Consider the following:
	If you want an embedded database (H2, HSQL or Derby), please put it on the classpath.
	If you have database settings to be loaded from a particular profile you may need to activate it (the profiles prod are currently active).

2021-12-02 11:35:34.700  INFO 12916 --- [main] com.isdintership.epe.EpeApplication      : Starting EpeApplication using Java 15.0.1 on DESKTOP-98RMHLG with PID 12916 (D:\Projects\employee-performance-evaluator\epe-backend\target\classes started by Максим in D:\Projects\employee-performance-evaluator\epe-backend)
2021-12-02 11:35:34.702 DEBUG 12916 --- [main] com.isdintership.epe.EpeApplication      : Running with Spring Boot v2.5.6, Spring v5.3.12
2021-12-02 11:35:34.702  INFO 12916 --- [main] com.isdintership.epe.EpeApplication      : The following profiles are active: local
2021-12-02 11:35:35.702  INFO 12916 --- [main] .s.d.r.c.RepositoryConfigurationDelegate : Bootstrapping Spring Data JPA repositories in DEFAULT mode.
2021-12-02 11:35:35.767  INFO 12916 --- [main] .s.d.r.c.RepositoryConfigurationDelegate : Finished Spring Data repository scanning in 60 ms. Found 8 JPA repository interfaces.
2021-12-02 11:35:36.084  INFO 12916 --- [main] trationDelegate$BeanPostProcessorChecker : Bean 'org.springframework.security.access.expression.method.DefaultMethodSecurityExpressionHandler@16ee9aa7' of type [org.springframework.security.access.expression.method.DefaultMethodSecurityExpressionHandler] is not eligible for getting processed by all BeanPostProcessors (for example: not eligible for auto-proxying)
2021-12-02 11:35:36.091  INFO 12916 --- [main] trationDelegate$BeanPostProcessorChecker : Bean 'methodSecurityMetadataSource' of type [org.springframework.security.access.method.DelegatingMethodSecurityMetadataSource] is not eligible for getting processed by all BeanPostProcessors (for example: not eligible for auto-proxying)
2021-12-02 11:35:36.293  INFO 12916 --- [main] o.s.b.w.embedded.tomcat.TomcatWebServer  : Tomcat initialized with port(s): 8075 (http)
2021-12-02 11:35:36.306  INFO 12916 --- [main] o.apache.catalina.core.StandardService   : Starting service [Tomcat]
2021-12-02 11:35:36.306  INFO 12916 --- [main] org.apache.catalina.core.StandardEngine  : Starting Servlet engine: [Apache Tomcat/9.0.54]
2021-12-02 11:35:36.412  INFO 12916 --- [main] o.a.c.c.C.[Tomcat].[localhost].[/]       : Initializing Spring embedded WebApplicationContext
2021-12-02 11:35:36.412  INFO 12916 --- [main] w.s.c.ServletWebServerApplicationContext : Root WebApplicationContext: initialization completed in 1676 ms
2021-12-02 11:35:36.674 DEBUG 12916 --- [main] c.i.epe.security.ExceptionHandlerFilter  : Filter 'exceptionHandlerFilter' configured for use
2021-12-02 11:35:36.717  INFO 12916 --- [main] com.zaxxer.hikari.HikariDataSource       : HikariPool-1 - Starting...
2021-12-02 11:35:36.909  INFO 12916 --- [main] com.zaxxer.hikari.HikariDataSource       : HikariPool-1 - Start completed.
2021-12-02 11:35:36.981  INFO 12916 --- [main] o.hibernate.jpa.internal.util.LogHelper  : HHH000204: Processing PersistenceUnitInfo [name: default]
2021-12-02 11:35:37.027  INFO 12916 --- [main] org.hibernate.Version                    : HHH000412: Hibernate ORM core version 5.4.32.Final
2021-12-02 11:35:37.112  INFO 12916 --- [main] o.hibernate.annotations.common.Version   : HCANN000001: Hibernate Commons Annotations {5.1.2.Final}
2021-12-02 11:35:37.193  INFO 12916 --- [main] org.hibernate.dialect.Dialect            : HHH000400: Using dialect: org.hibernate.dialect.PostgreSQLDialect
2021-12-02 11:35:37.951  INFO 12916 --- [main] o.h.e.t.j.p.i.JtaPlatformInitiator       : HHH000490: Using JtaPlatform implementation: [org.hibernate.engine.transaction.jta.platform.internal.NoJtaPlatform]
2021-12-02 11:35:37.955  INFO 12916 --- [main] j.LocalContainerEntityManagerFactoryBean : Initialized JPA EntityManagerFactory for persistence unit 'default'
2021-12-02 11:35:39.091  INFO 12916 --- [main] o.s.b.a.e.web.EndpointLinksResolver      : Exposing 15 endpoint(s) beneath base path '/api/actuator'
2021-12-02 11:35:39.737  INFO 12916 --- [main] o.s.s.web.DefaultSecurityFilterChain     : Will secure any request with [com.isdintership.epe.security.ExceptionHandlerFilter@16a6dc21, com.isdintership.epe.security.SimpleCORSFilter@4ebd6fd6, org.springframework.security.web.context.request.async.WebAsyncManagerIntegrationFilter@1e368085, org.springframework.security.web.context.SecurityContextPersistenceFilter@5cc088a8, org.springframework.security.web.header.HeaderWriterFilter@3a72160a, org.springframework.security.web.authentication.logout.LogoutFilter@1b78c34b, com.isdintership.epe.security.jwt.JwtTokenFilter@1703e50d, org.springframework.security.web.savedrequest.RequestCacheAwareFilter@37d12d0e, org.springframework.security.web.servletapi.SecurityContextHolderAwareRequestFilter@126a8548, org.springframework.security.web.authentication.AnonymousAuthenticationFilter@4f1150f5, org.springframework.security.web.session.SessionManagementFilter@42fe9099, org.springframework.security.web.access.ExceptionTranslationFilter@42a057b6, org.springframework.security.web.access.intercept.FilterSecurityInterceptor@65640109]
2021-12-02 11:35:39.821  INFO 12916 --- [main] o.s.b.w.embedded.tomcat.TomcatWebServer  : Tomcat started on port(s): 8075 (http) with context path ''
2021-12-02 11:35:40.390  INFO 12916 --- [main] com.isdintership.epe.EpeApplication      : Started EpeApplication in 5.979 seconds (JVM running for 6.8)
2021-12-02 11:35:40.476  INFO 12916 --- [RMI TCP Connection(2)-172.17.44.60] o.a.c.c.C.[Tomcat].[localhost].[/]       : Initializing Spring DispatcherServlet 'dispatcherServlet'
2021-12-02 11:35:40.477  INFO 12916 --- [RMI TCP Connection(2)-172.17.44.60] o.s.web.servlet.DispatcherServlet        : Initializing Servlet 'dispatcherServlet'
2021-12-02 11:35:40.478  INFO 12916 --- [RMI TCP Connection(2)-172.17.44.60] o.s.web.servlet.DispatcherServlet        : Completed initialization in 1 ms
2021-12-02 11:46:55.695  INFO 12916 --- [http-nio-8075-exec-1] o.apache.coyote.http11.Http11Processor   : Error parsing HTTP request header
 Note: further occurrences of HTTP request parsing errors will be logged at DEBUG level.

java.lang.IllegalArgumentException: Invalid character found in method name [0x160x030x010x020x000x010x000x010xfc0x030x0370x7fPH0xa2!D0x84l00x980xb2T0x140x180xc60xc9`0xf60xf9f0x040xd9oKn0xc8c/0xbb0x8d0xa3 ]. HTTP method names must be tokens
	at org.apache.coyote.http11.Http11InputBuffer.parseRequestLine(Http11InputBuffer.java:419) ~[tomcat-embed-core-9.0.54.jar:9.0.54]
	at org.apache.coyote.http11.Http11Processor.service(Http11Processor.java:269) ~[tomcat-embed-core-9.0.54.jar:9.0.54]
	at org.apache.coyote.AbstractProcessorLight.process(AbstractProcessorLight.java:65) ~[tomcat-embed-core-9.0.54.jar:9.0.54]
	at org.apache.coyote.AbstractProtocol$ConnectionHandler.process(AbstractProtocol.java:895) ~[tomcat-embed-core-9.0.54.jar:9.0.54]
	at org.apache.tomcat.util.net.NioEndpoint$SocketProcessor.doRun(NioEndpoint.java:1722) ~[tomcat-embed-core-9.0.54.jar:9.0.54]
	at org.apache.tomcat.util.net.SocketProcessorBase.run(SocketProcessorBase.java:49) ~[tomcat-embed-core-9.0.54.jar:9.0.54]
	at org.apache.tomcat.util.threads.ThreadPoolExecutor.runWorker(ThreadPoolExecutor.java:1191) ~[tomcat-embed-core-9.0.54.jar:9.0.54]
	at org.apache.tomcat.util.threads.ThreadPoolExecutor$Worker.run(ThreadPoolExecutor.java:659) ~[tomcat-embed-core-9.0.54.jar:9.0.54]
	at org.apache.tomcat.util.threads.TaskThread$WrappingRunnable.run(TaskThread.java:61) ~[tomcat-embed-core-9.0.54.jar:9.0.54]
	at java.base/java.lang.Thread.run(Thread.java:832) ~[na:na]

2021-12-02 12:14:09.351  INFO 12916 --- [http-nio-8075-exec-10] c.i.epe.service.impl.UserServiceImpl     : Logging user max7gri@gmail.com
2021-12-02 12:14:12.864  INFO 12916 --- [http-nio-8075-exec-5] c.i.epe.service.impl.UserServiceImpl     : Getting user with id 692de74b-caf5-46b5-b5a5-37621c36e4fc
2021-12-02 12:14:12.887  INFO 12916 --- [http-nio-8075-exec-7] c.i.epe.service.impl.UserServiceImpl     : Getting user with id 692de74b-caf5-46b5-b5a5-37621c36e4fc
2021-12-02 12:14:13.985  INFO 12916 --- [http-nio-8075-exec-5] c.i.e.s.impl.AssessmentServiceImpl       : Getting all assigned assessments for user with id 692de74b-caf5-46b5-b5a5-37621c36e4fc and status INACTIVE
2021-12-02 12:14:13.986  INFO 12916 --- [http-nio-8075-exec-3] c.i.e.s.impl.AssessmentServiceImpl       : Getting all assigned assessments for user with id 692de74b-caf5-46b5-b5a5-37621c36e4fc and status ACTIVE
2021-12-02 12:14:15.113  INFO 12916 --- [http-nio-8075-exec-8] c.i.epe.service.impl.TeamServiceImpl     : Getting all the team members of team with id 692de74b-caf5-46b5-b5a5-37621c36e4fc
2021-12-02 12:14:16.147  INFO 12916 --- [http-nio-8075-exec-6] c.i.epe.service.impl.TeamServiceImpl     : Getting the team leader of the user 692de74b-caf5-46b5-b5a5-37621c36e4fc
2021-12-02 12:14:16.156  INFO 12916 --- [http-nio-8075-exec-3] c.i.epe.service.impl.UserServiceImpl     : Getting all users
2021-12-02 12:14:16.167  INFO 12916 --- [http-nio-8075-exec-8] c.i.epe.service.impl.TeamServiceImpl     : Getting the team leader of the user 692de74b-caf5-46b5-b5a5-37621c36e4fc
2021-12-02 12:14:16.181  INFO 12916 --- [http-nio-8075-exec-10] c.i.epe.service.impl.UserServiceImpl     : Getting all users
2021-12-02 12:14:16.585  INFO 12916 --- [http-nio-8075-exec-9] c.i.epe.service.impl.TeamServiceImpl     : Getting all teams
2021-12-02 12:14:16.594  INFO 12916 --- [http-nio-8075-exec-2] c.i.epe.service.impl.UserServiceImpl     : Getting all users
2021-12-02 12:14:16.601  INFO 12916 --- [http-nio-8075-exec-9] c.i.epe.service.impl.TeamServiceImpl     : Getting all teams
2021-12-02 12:14:16.622  INFO 12916 --- [http-nio-8075-exec-4] c.i.epe.service.impl.UserServiceImpl     : Getting all users
2021-12-02 12:14:17.322  INFO 12916 --- [http-nio-8075-exec-3] c.i.epe.service.impl.TeamServiceImpl     : Getting all the team members of team with id 692de74b-caf5-46b5-b5a5-37621c36e4fc
2021-12-02 12:14:18.370  INFO 12916 --- [http-nio-8075-exec-4] c.i.epe.service.impl.TeamServiceImpl     : Getting the team leader of the user 692de74b-caf5-46b5-b5a5-37621c36e4fc
2021-12-02 12:14:18.378  INFO 12916 --- [http-nio-8075-exec-6] c.i.epe.service.impl.UserServiceImpl     : Getting all users
2021-12-02 12:14:18.387  INFO 12916 --- [http-nio-8075-exec-8] c.i.epe.service.impl.TeamServiceImpl     : Getting the team leader of the user 692de74b-caf5-46b5-b5a5-37621c36e4fc
2021-12-02 12:14:18.404  INFO 12916 --- [http-nio-8075-exec-7] c.i.epe.service.impl.UserServiceImpl     : Getting all users
2021-12-02 12:14:19.555  INFO 12916 --- [http-nio-8075-exec-10] c.i.e.s.i.AssessmentTemplateServiceImpl  : Returning all assessment templates
2021-12-02 12:14:19.566  INFO 12916 --- [http-nio-8075-exec-2] c.i.e.s.i.AssessmentTemplateServiceImpl  : Returning all assessment templates
2021-12-02 12:14:25.363  INFO 12916 --- [http-nio-8075-exec-3] c.i.epe.service.impl.UserServiceImpl     : Getting Optional[User{email='user@mail.ru', firstname='John', lastname='Doe', birthDate=2000-12-31, employmentDate=2001-02-13, phoneNumber='069213232', job=com.isdintership.epe.entity.Job@32, bio='new user', password='$2a$10$x4Rn71pVXOAI2hbQk.6GNuZeKiD.SNQ5ns.qbTU831f1HixcltCSu', role=com.isdintership.epe.entity.Role@7060c05a, team=null, buddyId=692de74b-caf5-46b5-b5a5-37621c36e4fc}]'s buddies
2021-12-02 12:14:29.768  INFO 12916 --- [http-nio-8075-exec-8] c.i.epe.service.impl.TeamServiceImpl     : Getting the team leader of the user 692de74b-caf5-46b5-b5a5-37621c36e4fc
2021-12-02 12:14:29.781  INFO 12916 --- [http-nio-8075-exec-4] c.i.epe.service.impl.UserServiceImpl     : Getting all users
2021-12-02 12:17:36.660  INFO 12916 --- [http-nio-8075-exec-10] c.i.epe.service.impl.TeamServiceImpl     : Getting all the team members of team with id 692de74b-caf5-46b5-b5a5-37621c36e4fc
2021-12-02 12:17:37.919  INFO 12916 --- [http-nio-8075-exec-6] c.i.epe.service.impl.TeamServiceImpl     : Getting the team leader of the user 692de74b-caf5-46b5-b5a5-37621c36e4fc
2021-12-02 12:17:37.922  INFO 12916 --- [http-nio-8075-exec-7] c.i.epe.service.impl.UserServiceImpl     : Getting all users
2021-12-02 12:17:37.955  INFO 12916 --- [http-nio-8075-exec-2] c.i.epe.service.impl.TeamServiceImpl     : Getting the team leader of the user 692de74b-caf5-46b5-b5a5-37621c36e4fc
2021-12-02 12:17:37.962  INFO 12916 --- [http-nio-8075-exec-4] c.i.epe.service.impl.UserServiceImpl     : Getting all users
2021-12-02 12:28:12.158  INFO 12916 --- [http-nio-8075-exec-7] c.i.epe.service.impl.TeamServiceImpl     : Getting all the team members of team with id 692de74b-caf5-46b5-b5a5-37621c36e4fc
2021-12-02 12:28:13.226  INFO 12916 --- [http-nio-8075-exec-1] c.i.epe.service.impl.TeamServiceImpl     : Getting the team leader of the user 692de74b-caf5-46b5-b5a5-37621c36e4fc
2021-12-02 12:28:13.227  INFO 12916 --- [http-nio-8075-exec-9] c.i.epe.service.impl.UserServiceImpl     : Getting all users
2021-12-02 12:28:13.273  INFO 12916 --- [http-nio-8075-exec-5] c.i.epe.service.impl.TeamServiceImpl     : Getting the team leader of the user 692de74b-caf5-46b5-b5a5-37621c36e4fc
2021-12-02 12:28:13.280  INFO 12916 --- [http-nio-8075-exec-4] c.i.epe.service.impl.UserServiceImpl     : Getting all users
2021-12-02 12:28:13.721  INFO 12916 --- [http-nio-8075-exec-7] c.i.e.s.impl.AssessmentInformationImpl   : Getting all the assessment information
2021-12-02 12:28:15.376  INFO 12916 --- [http-nio-8075-exec-1] c.i.e.s.impl.AssessmentInformationImpl   : Getting all the assessment information
2021-12-02 12:28:17.412  INFO 12916 --- [http-nio-8075-exec-9] c.i.e.s.impl.AssessmentInformationImpl   : Getting all the assessment information
2021-12-02 12:28:18.246  INFO 12916 --- [http-nio-8075-exec-2] c.i.epe.service.impl.UserServiceImpl     : Getting user with id 692de74b-caf5-46b5-b5a5-37621c36e4fc
2021-12-02 12:28:18.272  INFO 12916 --- [http-nio-8075-exec-5] c.i.epe.service.impl.UserServiceImpl     : Getting user with id 692de74b-caf5-46b5-b5a5-37621c36e4fc
2021-12-02 12:28:19.459  INFO 12916 --- [http-nio-8075-exec-4] c.i.e.s.impl.AssessmentServiceImpl       : Getting all assigned assessments for user with id 692de74b-caf5-46b5-b5a5-37621c36e4fc and status ACTIVE
2021-12-02 12:28:19.460  INFO 12916 --- [http-nio-8075-exec-8] c.i.e.s.impl.AssessmentServiceImpl       : Getting all assigned assessments for user with id 692de74b-caf5-46b5-b5a5-37621c36e4fc and status INACTIVE
2021-12-02 12:28:21.645  INFO 12916 --- [http-nio-8075-exec-1] c.i.epe.service.impl.TeamServiceImpl     : Getting all the team members of team with id 692de74b-caf5-46b5-b5a5-37621c36e4fc
2021-12-02 12:28:22.667  INFO 12916 --- [http-nio-8075-exec-5] c.i.epe.service.impl.TeamServiceImpl     : Getting the team leader of the user 692de74b-caf5-46b5-b5a5-37621c36e4fc
2021-12-02 12:28:22.673  INFO 12916 --- [http-nio-8075-exec-9] c.i.epe.service.impl.UserServiceImpl     : Getting all users
2021-12-02 12:28:22.685  INFO 12916 --- [http-nio-8075-exec-4] c.i.epe.service.impl.TeamServiceImpl     : Getting the team leader of the user 692de74b-caf5-46b5-b5a5-37621c36e4fc
2021-12-02 12:28:22.693  INFO 12916 --- [http-nio-8075-exec-10] c.i.epe.service.impl.UserServiceImpl     : Getting all users
2021-12-02 12:28:22.965  INFO 12916 --- [http-nio-8075-exec-8] c.i.epe.service.impl.TeamServiceImpl     : Getting all teams
2021-12-02 12:28:22.977  INFO 12916 --- [http-nio-8075-exec-1] c.i.epe.service.impl.UserServiceImpl     : Getting all users
2021-12-02 12:28:22.980  INFO 12916 --- [http-nio-8075-exec-2] c.i.epe.service.impl.TeamServiceImpl     : Getting all teams
2021-12-02 12:28:22.992  INFO 12916 --- [http-nio-8075-exec-5] c.i.epe.service.impl.UserServiceImpl     : Getting all users
2021-12-02 12:28:23.658  INFO 12916 --- [http-nio-8075-exec-9] c.i.epe.service.impl.TeamServiceImpl     : Getting all the team members of team with id 692de74b-caf5-46b5-b5a5-37621c36e4fc
2021-12-02 12:28:24.678  INFO 12916 --- [http-nio-8075-exec-6] c.i.epe.service.impl.TeamServiceImpl     : Getting the team leader of the user 692de74b-caf5-46b5-b5a5-37621c36e4fc
2021-12-02 12:28:24.688  INFO 12916 --- [http-nio-8075-exec-3] c.i.epe.service.impl.UserServiceImpl     : Getting all users
2021-12-02 12:28:24.692  INFO 12916 --- [http-nio-8075-exec-8] c.i.epe.service.impl.TeamServiceImpl     : Getting the team leader of the user 692de74b-caf5-46b5-b5a5-37621c36e4fc
2021-12-02 12:28:24.708  INFO 12916 --- [http-nio-8075-exec-2] c.i.epe.service.impl.UserServiceImpl     : Getting all users
2021-12-02 12:28:26.199  INFO 12916 --- [http-nio-8075-exec-4] c.i.epe.service.impl.UserServiceImpl     : Getting Optional[User{email='asdsadsadsad@mail.ru', firstname='Ssdsad', lastname='Sdasdsad', birthDate=2021-11-17, employmentDate=2021-11-18, phoneNumber='069770125', job=com.isdintership.epe.entity.Job@33, bio='here goes your bio', password='$2a$10$ZwhF.KkKCjU.jzD/eSCATOjWjHJPG7RIOTWIidNdrFCGRO0aKOKgS', role=com.isdintership.epe.entity.Role@2727b30c, team=null, buddyId=null}]'s buddies
2021-12-02 12:28:28.103  INFO 12916 --- [http-nio-8075-exec-10] c.i.epe.service.impl.TeamServiceImpl     : Getting the team leader of the user 692de74b-caf5-46b5-b5a5-37621c36e4fc
2021-12-02 12:28:28.116  INFO 12916 --- [http-nio-8075-exec-7] c.i.epe.service.impl.UserServiceImpl     : Getting all users
2021-12-02 12:28:28.881  INFO 12916 --- [http-nio-8075-exec-6] c.i.epe.service.impl.UserServiceImpl     : Getting user with id e8dd3e70-cfef-4b98-ab38-8f98cb58cf87
2021-12-02 12:28:28.899  INFO 12916 --- [http-nio-8075-exec-5] c.i.e.s.impl.AssessmentServiceImpl       : Getting all assessments for the user with id e8dd3e70-cfef-4b98-ab38-8f98cb58cf87
2021-12-02 12:28:32.370  INFO 12916 --- [http-nio-8075-exec-9] c.i.e.s.i.AssessmentTemplateServiceImpl  : Returning all assessment templates
2021-12-02 12:28:32.382  INFO 12916 --- [http-nio-8075-exec-4] c.i.e.s.i.AssessmentTemplateServiceImpl  : Returning all assessment templates
2021-12-02 12:28:35.908  INFO 12916 --- [http-nio-8075-exec-10] c.i.e.s.i.AssessmentTemplateServiceImpl  : Returning all assessment templates
2021-12-02 12:28:54.514  INFO 12916 --- [http-nio-8075-exec-8] c.i.e.s.i.AssessmentTemplateServiceImpl  : Successfuly saved the assessment with id 3247f3be-7c42-4c85-9807-1d523b5183b0
2021-12-02 12:28:54.618  INFO 12916 --- [http-nio-8075-exec-7] c.i.e.s.i.AssessmentTemplateServiceImpl  : Returning all assessment templates
2021-12-02 12:29:05.080  INFO 12916 --- [http-nio-8075-exec-4] c.i.e.s.impl.AssessmentInformationImpl   : Getting all the assessment information
2021-12-02 12:29:07.661  INFO 12916 --- [http-nio-8075-exec-10] c.i.epe.service.impl.UserServiceImpl     : Getting user with id 692de74b-caf5-46b5-b5a5-37621c36e4fc
2021-12-02 12:29:07.691  INFO 12916 --- [http-nio-8075-exec-8] c.i.epe.service.impl.UserServiceImpl     : Getting user with id 692de74b-caf5-46b5-b5a5-37621c36e4fc
2021-12-02 12:29:08.667  INFO 12916 --- [http-nio-8075-exec-7] c.i.epe.service.impl.TeamServiceImpl     : Getting all the team members of team with id 692de74b-caf5-46b5-b5a5-37621c36e4fc
2021-12-02 12:29:09.700  INFO 12916 --- [http-nio-8075-exec-2] c.i.epe.service.impl.TeamServiceImpl     : Getting the team leader of the user 692de74b-caf5-46b5-b5a5-37621c36e4fc
2021-12-02 12:29:09.702  INFO 12916 --- [http-nio-8075-exec-6] c.i.epe.service.impl.UserServiceImpl     : Getting all users
2021-12-02 12:29:09.731  INFO 12916 --- [http-nio-8075-exec-8] c.i.epe.service.impl.TeamServiceImpl     : Getting the team leader of the user 692de74b-caf5-46b5-b5a5-37621c36e4fc
2021-12-02 12:29:09.735  INFO 12916 --- [http-nio-8075-exec-4] c.i.epe.service.impl.UserServiceImpl     : Getting all users
2021-12-02 12:29:11.185  INFO 12916 --- [http-nio-8075-exec-1] c.i.e.s.i.AssessmentTemplateServiceImpl  : Returning all assessment templates
2021-12-02 12:29:11.207  INFO 12916 --- [http-nio-8075-exec-7] c.i.e.s.i.AssessmentTemplateServiceImpl  : Returning all assessment templates
2021-12-02 12:29:12.890  INFO 12916 --- [http-nio-8075-exec-8] c.i.epe.service.impl.TeamServiceImpl     : Getting the team leader of the user 692de74b-caf5-46b5-b5a5-37621c36e4fc
2021-12-02 12:29:12.893  INFO 12916 --- [http-nio-8075-exec-6] c.i.epe.service.impl.UserServiceImpl     : Getting all users
2021-12-02 12:29:12.909  INFO 12916 --- [http-nio-8075-exec-3] c.i.epe.service.impl.TeamServiceImpl     : Getting the team leader of the user 692de74b-caf5-46b5-b5a5-37621c36e4fc
2021-12-02 12:29:12.917  INFO 12916 --- [http-nio-8075-exec-2] c.i.e.s.impl.AssessmentServiceImpl       : Getting information about assessment with id 50c6b7d6-c518-4623-a9fb-86680237f559
2021-12-02 12:29:12.920  INFO 12916 --- [http-nio-8075-exec-7] c.i.epe.service.impl.UserServiceImpl     : Getting all users
2021-12-02 12:29:12.933  INFO 12916 --- [http-nio-8075-exec-2] c.i.e.s.impl.AssessmentServiceImpl       : Started assessment with id 50c6b7d6-c518-4623-a9fb-86680237f559
2021-12-02 12:29:14.226  INFO 12916 --- [http-nio-8075-exec-5] c.i.e.s.impl.AssessmentInformationImpl   : Getting all the assessment information
2021-12-02 12:30:10.343  INFO 12916 --- [http-nio-8075-exec-1] c.i.e.s.impl.AssessmentInformationImpl   : Getting all the assessment information
2021-12-02 12:31:21.452  INFO 12916 --- [http-nio-8075-exec-2] c.i.e.s.impl.AssessmentInformationImpl   : Getting all the assessment information
