13:57:58.354 [background-preinit] INFO  o.h.validator.internal.util.Version - HV000001: Hibernate Validator 6.2.0.Final
13:57:58.363 [main] INFO  com.isdintership.epe.EpeApplication - Starting EpeApplication using Java 15.0.1 on WIN-BN043PJFA5A with PID 4540 (C:\Users\User\Desktop\employee-performance-evaluator\epe-backend\target\classes started by User in C:\Users\User\Desktop\employee-performance-evaluator)
13:57:58.365 [main] INFO  com.isdintership.epe.EpeApplication - The following profiles are active: local
13:58:01.261 [main] INFO  o.s.d.r.c.RepositoryConfigurationDelegate - Bootstrapping Spring Data JPA repositories in DEFAULT mode.
13:58:01.515 [main] INFO  o.s.d.r.c.RepositoryConfigurationDelegate - Finished Spring Data repository scanning in 197 ms. Found 8 JPA repository interfaces.
13:58:02.419 [main] INFO  o.s.c.s.PostProcessorRegistrationDelegate$BeanPostProcessorChecker - Bean 'org.springframework.security.access.expression.method.DefaultMethodSecurityExpressionHandler@35e98af' of type [org.springframework.security.access.expression.method.DefaultMethodSecurityExpressionHandler] is not eligible for getting processed by all BeanPostProcessors (for example: not eligible for auto-proxying)
13:58:02.438 [main] INFO  o.s.c.s.PostProcessorRegistrationDelegate$BeanPostProcessorChecker - Bean 'methodSecurityMetadataSource' of type [org.springframework.security.access.method.DelegatingMethodSecurityMetadataSource] is not eligible for getting processed by all BeanPostProcessors (for example: not eligible for auto-proxying)
13:58:02.986 [main] INFO  o.s.b.w.e.tomcat.TomcatWebServer - Tomcat initialized with port(s): 8075 (http)
13:58:03.000 [main] INFO  o.a.coyote.http11.Http11NioProtocol - Initializing ProtocolHandler ["http-nio-8075"]
13:58:03.000 [main] INFO  o.a.catalina.core.StandardService - Starting service [Tomcat]
13:58:03.001 [main] INFO  o.a.catalina.core.StandardEngine - Starting Servlet engine: [Apache Tomcat/9.0.54]
13:58:03.182 [main] INFO  o.a.c.c.C.[Tomcat].[localhost].[/] - Initializing Spring embedded WebApplicationContext
13:58:03.182 [main] INFO  o.s.b.w.s.c.ServletWebServerApplicationContext - Root WebApplicationContext: initialization completed in 4727 ms
13:58:04.028 [main] INFO  com.zaxxer.hikari.HikariDataSource - HikariPool-1 - Starting...
13:58:05.294 [main] ERROR com.zaxxer.hikari.pool.HikariPool - HikariPool-1 - Exception during pool initialization.
org.postgresql.util.PSQLException: ВАЖНО: пользователь "postgres" не прошёл проверку подлинности (по паролю) (pgjdbc: autodetected server-encoding to be windows-1251, if the message is not readable, please check database logs and/or host, port, dbname, user, password, pg_hba.conf)
	at org.postgresql.core.v3.ConnectionFactoryImpl.doAuthentication(ConnectionFactoryImpl.java:613)
	at org.postgresql.core.v3.ConnectionFactoryImpl.tryConnect(ConnectionFactoryImpl.java:161)
	at org.postgresql.core.v3.ConnectionFactoryImpl.openConnectionImpl(ConnectionFactoryImpl.java:213)
	at org.postgresql.core.ConnectionFactory.openConnection(ConnectionFactory.java:51)
	at org.postgresql.jdbc.PgConnection.<init>(PgConnection.java:225)
	at org.postgresql.Driver.makeConnection(Driver.java:465)
	at org.postgresql.Driver.connect(Driver.java:264)
	at com.zaxxer.hikari.util.DriverDataSource.getConnection(DriverDataSource.java:138)
	at com.zaxxer.hikari.pool.PoolBase.newConnection(PoolBase.java:364)
	at com.zaxxer.hikari.pool.PoolBase.newPoolEntry(PoolBase.java:206)
	at com.zaxxer.hikari.pool.HikariPool.createPoolEntry(HikariPool.java:476)
	at com.zaxxer.hikari.pool.HikariPool.checkFailFast(HikariPool.java:561)
	at com.zaxxer.hikari.pool.HikariPool.<init>(HikariPool.java:115)
	at com.zaxxer.hikari.HikariDataSource.getConnection(HikariDataSource.java:112)
	at org.springframework.jdbc.datasource.DataSourceUtils.fetchConnection(DataSourceUtils.java:159)
	at org.springframework.jdbc.datasource.DataSourceUtils.doGetConnection(DataSourceUtils.java:117)
	at org.springframework.jdbc.datasource.DataSourceUtils.getConnection(DataSourceUtils.java:80)
	at org.springframework.jdbc.core.JdbcTemplate.execute(JdbcTemplate.java:330)
	at org.springframework.boot.jdbc.EmbeddedDatabaseConnection.isEmbedded(EmbeddedDatabaseConnection.java:184)
	at org.springframework.boot.jdbc.init.DataSourceScriptDatabaseInitializer.isEmbeddedDatabase(DataSourceScriptDatabaseInitializer.java:70)
	at org.springframework.boot.sql.init.AbstractScriptDatabaseInitializer.isEnabled(AbstractScriptDatabaseInitializer.java:83)
	at org.springframework.boot.sql.init.AbstractScriptDatabaseInitializer.applyScripts(AbstractScriptDatabaseInitializer.java:106)
	at org.springframework.boot.sql.init.AbstractScriptDatabaseInitializer.applySchemaScripts(AbstractScriptDatabaseInitializer.java:97)
	at org.springframework.boot.sql.init.AbstractScriptDatabaseInitializer.initializeDatabase(AbstractScriptDatabaseInitializer.java:75)
	at org.springframework.boot.sql.init.AbstractScriptDatabaseInitializer.afterPropertiesSet(AbstractScriptDatabaseInitializer.java:65)
	at org.springframework.beans.factory.support.AbstractAutowireCapableBeanFactory.invokeInitMethods(AbstractAutowireCapableBeanFactory.java:1863)
	at org.springframework.beans.factory.support.AbstractAutowireCapableBeanFactory.initializeBean(AbstractAutowireCapableBeanFactory.java:1800)
	at org.springframework.beans.factory.support.AbstractAutowireCapableBeanFactory.doCreateBean(AbstractAutowireCapableBeanFactory.java:620)
	at org.springframework.beans.factory.support.AbstractAutowireCapableBeanFactory.createBean(AbstractAutowireCapableBeanFactory.java:542)
	at org.springframework.beans.factory.support.AbstractBeanFactory.lambda$doGetBean$0(AbstractBeanFactory.java:335)
	at org.springframework.beans.factory.support.DefaultSingletonBeanRegistry.getSingleton(DefaultSingletonBeanRegistry.java:234)
	at org.springframework.beans.factory.support.AbstractBeanFactory.doGetBean(AbstractBeanFactory.java:333)
	at org.springframework.beans.factory.support.AbstractBeanFactory.getBean(AbstractBeanFactory.java:208)
	at org.springframework.beans.factory.support.AbstractBeanFactory.doGetBean(AbstractBeanFactory.java:322)
	at org.springframework.beans.factory.support.AbstractBeanFactory.getBean(AbstractBeanFactory.java:208)
	at org.springframework.context.support.AbstractApplicationContext.getBean(AbstractApplicationContext.java:1154)
	at org.springframework.context.support.AbstractApplicationContext.finishBeanFactoryInitialization(AbstractApplicationContext.java:908)
	at org.springframework.context.support.AbstractApplicationContext.refresh(AbstractApplicationContext.java:583)
	at org.springframework.boot.web.servlet.context.ServletWebServerApplicationContext.refresh(ServletWebServerApplicationContext.java:145)
	at org.springframework.boot.SpringApplication.refresh(SpringApplication.java:754)
	at org.springframework.boot.SpringApplication.refreshContext(SpringApplication.java:434)
	at org.springframework.boot.SpringApplication.run(SpringApplication.java:338)
	at org.springframework.boot.SpringApplication.run(SpringApplication.java:1343)
	at org.springframework.boot.SpringApplication.run(SpringApplication.java:1332)
	at com.isdintership.epe.EpeApplication.main(EpeApplication.java:12)
13:58:05.305 [main] INFO  com.zaxxer.hikari.HikariDataSource - HikariPool-1 - Starting...
13:58:06.431 [main] ERROR com.zaxxer.hikari.pool.HikariPool - HikariPool-1 - Exception during pool initialization.
org.postgresql.util.PSQLException: ВАЖНО: пользователь "postgres" не прошёл проверку подлинности (по паролю) (pgjdbc: autodetected server-encoding to be windows-1251, if the message is not readable, please check database logs and/or host, port, dbname, user, password, pg_hba.conf)
	at org.postgresql.core.v3.ConnectionFactoryImpl.doAuthentication(ConnectionFactoryImpl.java:613)
	at org.postgresql.core.v3.ConnectionFactoryImpl.tryConnect(ConnectionFactoryImpl.java:161)
	at org.postgresql.core.v3.ConnectionFactoryImpl.openConnectionImpl(ConnectionFactoryImpl.java:213)
	at org.postgresql.core.ConnectionFactory.openConnection(ConnectionFactory.java:51)
	at org.postgresql.jdbc.PgConnection.<init>(PgConnection.java:225)
	at org.postgresql.Driver.makeConnection(Driver.java:465)
	at org.postgresql.Driver.connect(Driver.java:264)
	at com.zaxxer.hikari.util.DriverDataSource.getConnection(DriverDataSource.java:138)
	at com.zaxxer.hikari.pool.PoolBase.newConnection(PoolBase.java:364)
	at com.zaxxer.hikari.pool.PoolBase.newPoolEntry(PoolBase.java:206)
	at com.zaxxer.hikari.pool.HikariPool.createPoolEntry(HikariPool.java:476)
	at com.zaxxer.hikari.pool.HikariPool.checkFailFast(HikariPool.java:561)
	at com.zaxxer.hikari.pool.HikariPool.<init>(HikariPool.java:115)
	at com.zaxxer.hikari.HikariDataSource.getConnection(HikariDataSource.java:112)
	at org.springframework.jdbc.datasource.DataSourceUtils.fetchConnection(DataSourceUtils.java:159)
	at org.springframework.jdbc.datasource.DataSourceUtils.doGetConnection(DataSourceUtils.java:117)
	at org.springframework.jdbc.datasource.DataSourceUtils.getConnection(DataSourceUtils.java:80)
	at org.springframework.jdbc.core.JdbcTemplate.execute(JdbcTemplate.java:330)
	at org.springframework.boot.jdbc.EmbeddedDatabaseConnection.isEmbedded(EmbeddedDatabaseConnection.java:184)
	at org.springframework.boot.jdbc.init.DataSourceScriptDatabaseInitializer.isEmbeddedDatabase(DataSourceScriptDatabaseInitializer.java:70)
	at org.springframework.boot.sql.init.AbstractScriptDatabaseInitializer.isEnabled(AbstractScriptDatabaseInitializer.java:83)
	at org.springframework.boot.sql.init.AbstractScriptDatabaseInitializer.applyScripts(AbstractScriptDatabaseInitializer.java:106)
	at org.springframework.boot.sql.init.AbstractScriptDatabaseInitializer.applyDataScripts(AbstractScriptDatabaseInitializer.java:101)
	at org.springframework.boot.sql.init.AbstractScriptDatabaseInitializer.initializeDatabase(AbstractScriptDatabaseInitializer.java:76)
	at org.springframework.boot.sql.init.AbstractScriptDatabaseInitializer.afterPropertiesSet(AbstractScriptDatabaseInitializer.java:65)
	at org.springframework.beans.factory.support.AbstractAutowireCapableBeanFactory.invokeInitMethods(AbstractAutowireCapableBeanFactory.java:1863)
	at org.springframework.beans.factory.support.AbstractAutowireCapableBeanFactory.initializeBean(AbstractAutowireCapableBeanFactory.java:1800)
	at org.springframework.beans.factory.support.AbstractAutowireCapableBeanFactory.doCreateBean(AbstractAutowireCapableBeanFactory.java:620)
	at org.springframework.beans.factory.support.AbstractAutowireCapableBeanFactory.createBean(AbstractAutowireCapableBeanFactory.java:542)
	at org.springframework.beans.factory.support.AbstractBeanFactory.lambda$doGetBean$0(AbstractBeanFactory.java:335)
	at org.springframework.beans.factory.support.DefaultSingletonBeanRegistry.getSingleton(DefaultSingletonBeanRegistry.java:234)
	at org.springframework.beans.factory.support.AbstractBeanFactory.doGetBean(AbstractBeanFactory.java:333)
	at org.springframework.beans.factory.support.AbstractBeanFactory.getBean(AbstractBeanFactory.java:208)
	at org.springframework.beans.factory.support.AbstractBeanFactory.doGetBean(AbstractBeanFactory.java:322)
	at org.springframework.beans.factory.support.AbstractBeanFactory.getBean(AbstractBeanFactory.java:208)
	at org.springframework.context.support.AbstractApplicationContext.getBean(AbstractApplicationContext.java:1154)
	at org.springframework.context.support.AbstractApplicationContext.finishBeanFactoryInitialization(AbstractApplicationContext.java:908)
	at org.springframework.context.support.AbstractApplicationContext.refresh(AbstractApplicationContext.java:583)
	at org.springframework.boot.web.servlet.context.ServletWebServerApplicationContext.refresh(ServletWebServerApplicationContext.java:145)
	at org.springframework.boot.SpringApplication.refresh(SpringApplication.java:754)
	at org.springframework.boot.SpringApplication.refreshContext(SpringApplication.java:434)
	at org.springframework.boot.SpringApplication.run(SpringApplication.java:338)
	at org.springframework.boot.SpringApplication.run(SpringApplication.java:1343)
	at org.springframework.boot.SpringApplication.run(SpringApplication.java:1332)
	at com.isdintership.epe.EpeApplication.main(EpeApplication.java:12)
13:58:06.629 [main] INFO  o.h.jpa.internal.util.LogHelper - HHH000204: Processing PersistenceUnitInfo [name: default]
13:58:06.727 [main] INFO  org.hibernate.Version - HHH000412: Hibernate ORM core version 5.4.32.Final
13:58:06.966 [main] INFO  o.h.annotations.common.Version - HCANN000001: Hibernate Commons Annotations {5.1.2.Final}
13:58:07.214 [main] INFO  com.zaxxer.hikari.HikariDataSource - HikariPool-1 - Starting...
13:58:08.309 [main] ERROR com.zaxxer.hikari.pool.HikariPool - HikariPool-1 - Exception during pool initialization.
org.postgresql.util.PSQLException: ВАЖНО: пользователь "postgres" не прошёл проверку подлинности (по паролю) (pgjdbc: autodetected server-encoding to be windows-1251, if the message is not readable, please check database logs and/or host, port, dbname, user, password, pg_hba.conf)
	at org.postgresql.core.v3.ConnectionFactoryImpl.doAuthentication(ConnectionFactoryImpl.java:613)
	at org.postgresql.core.v3.ConnectionFactoryImpl.tryConnect(ConnectionFactoryImpl.java:161)
	at org.postgresql.core.v3.ConnectionFactoryImpl.openConnectionImpl(ConnectionFactoryImpl.java:213)
	at org.postgresql.core.ConnectionFactory.openConnection(ConnectionFactory.java:51)
	at org.postgresql.jdbc.PgConnection.<init>(PgConnection.java:225)
	at org.postgresql.Driver.makeConnection(Driver.java:465)
	at org.postgresql.Driver.connect(Driver.java:264)
	at com.zaxxer.hikari.util.DriverDataSource.getConnection(DriverDataSource.java:138)
	at com.zaxxer.hikari.pool.PoolBase.newConnection(PoolBase.java:364)
	at com.zaxxer.hikari.pool.PoolBase.newPoolEntry(PoolBase.java:206)
	at com.zaxxer.hikari.pool.HikariPool.createPoolEntry(HikariPool.java:476)
	at com.zaxxer.hikari.pool.HikariPool.checkFailFast(HikariPool.java:561)
	at com.zaxxer.hikari.pool.HikariPool.<init>(HikariPool.java:115)
	at com.zaxxer.hikari.HikariDataSource.getConnection(HikariDataSource.java:112)
	at org.hibernate.engine.jdbc.connections.internal.DatasourceConnectionProviderImpl.getConnection(DatasourceConnectionProviderImpl.java:122)
	at org.hibernate.engine.jdbc.env.internal.JdbcEnvironmentInitiator$ConnectionProviderJdbcConnectionAccess.obtainConnection(JdbcEnvironmentInitiator.java:180)
	at org.hibernate.engine.jdbc.env.internal.JdbcEnvironmentInitiator.initiateService(JdbcEnvironmentInitiator.java:68)
	at org.hibernate.engine.jdbc.env.internal.JdbcEnvironmentInitiator.initiateService(JdbcEnvironmentInitiator.java:35)
	at org.hibernate.boot.registry.internal.StandardServiceRegistryImpl.initiateService(StandardServiceRegistryImpl.java:101)
	at org.hibernate.service.internal.AbstractServiceRegistryImpl.createService(AbstractServiceRegistryImpl.java:263)
	at org.hibernate.service.internal.AbstractServiceRegistryImpl.initializeService(AbstractServiceRegistryImpl.java:237)
	at org.hibernate.service.internal.AbstractServiceRegistryImpl.getService(AbstractServiceRegistryImpl.java:214)
	at org.hibernate.id.factory.internal.DefaultIdentifierGeneratorFactory.injectServices(DefaultIdentifierGeneratorFactory.java:152)
	at org.hibernate.service.internal.AbstractServiceRegistryImpl.injectDependencies(AbstractServiceRegistryImpl.java:286)
	at org.hibernate.service.internal.AbstractServiceRegistryImpl.initializeService(AbstractServiceRegistryImpl.java:243)
	at org.hibernate.service.internal.AbstractServiceRegistryImpl.getService(AbstractServiceRegistryImpl.java:214)
	at org.hibernate.boot.internal.InFlightMetadataCollectorImpl.<init>(InFlightMetadataCollectorImpl.java:176)
	at org.hibernate.boot.model.process.spi.MetadataBuildingProcess.complete(MetadataBuildingProcess.java:127)
	at org.hibernate.jpa.boot.internal.EntityManagerFactoryBuilderImpl.metadata(EntityManagerFactoryBuilderImpl.java:1224)
	at org.hibernate.jpa.boot.internal.EntityManagerFactoryBuilderImpl.build(EntityManagerFactoryBuilderImpl.java:1255)
	at org.springframework.orm.jpa.vendor.SpringHibernateJpaPersistenceProvider.createContainerEntityManagerFactory(SpringHibernateJpaPersistenceProvider.java:58)
	at org.springframework.orm.jpa.LocalContainerEntityManagerFactoryBean.createNativeEntityManagerFactory(LocalContainerEntityManagerFactoryBean.java:365)
	at org.springframework.orm.jpa.AbstractEntityManagerFactoryBean.buildNativeEntityManagerFactory(AbstractEntityManagerFactoryBean.java:409)
	at org.springframework.orm.jpa.AbstractEntityManagerFactoryBean.afterPropertiesSet(AbstractEntityManagerFactoryBean.java:396)
	at org.springframework.orm.jpa.LocalContainerEntityManagerFactoryBean.afterPropertiesSet(LocalContainerEntityManagerFactoryBean.java:341)
	at org.springframework.beans.factory.support.AbstractAutowireCapableBeanFactory.invokeInitMethods(AbstractAutowireCapableBeanFactory.java:1863)
	at org.springframework.beans.factory.support.AbstractAutowireCapableBeanFactory.initializeBean(AbstractAutowireCapableBeanFactory.java:1800)
	at org.springframework.beans.factory.support.AbstractAutowireCapableBeanFactory.doCreateBean(AbstractAutowireCapableBeanFactory.java:620)
	at org.springframework.beans.factory.support.AbstractAutowireCapableBeanFactory.createBean(AbstractAutowireCapableBeanFactory.java:542)
	at org.springframework.beans.factory.support.AbstractBeanFactory.lambda$doGetBean$0(AbstractBeanFactory.java:335)
	at org.springframework.beans.factory.support.DefaultSingletonBeanRegistry.getSingleton(DefaultSingletonBeanRegistry.java:234)
	at org.springframework.beans.factory.support.AbstractBeanFactory.doGetBean(AbstractBeanFactory.java:333)
	at org.springframework.beans.factory.support.AbstractBeanFactory.getBean(AbstractBeanFactory.java:208)
	at org.springframework.context.support.AbstractApplicationContext.getBean(AbstractApplicationContext.java:1154)
	at org.springframework.context.support.AbstractApplicationContext.finishBeanFactoryInitialization(AbstractApplicationContext.java:908)
	at org.springframework.context.support.AbstractApplicationContext.refresh(AbstractApplicationContext.java:583)
	at org.springframework.boot.web.servlet.context.ServletWebServerApplicationContext.refresh(ServletWebServerApplicationContext.java:145)
	at org.springframework.boot.SpringApplication.refresh(SpringApplication.java:754)
	at org.springframework.boot.SpringApplication.refreshContext(SpringApplication.java:434)
	at org.springframework.boot.SpringApplication.run(SpringApplication.java:338)
	at org.springframework.boot.SpringApplication.run(SpringApplication.java:1343)
	at org.springframework.boot.SpringApplication.run(SpringApplication.java:1332)
	at com.isdintership.epe.EpeApplication.main(EpeApplication.java:12)
13:58:08.313 [main] WARN  o.h.e.j.e.i.JdbcEnvironmentInitiator - HHH000342: Could not obtain connection to query metadata
org.postgresql.util.PSQLException: ВАЖНО: пользователь "postgres" не прошёл проверку подлинности (по паролю) (pgjdbc: autodetected server-encoding to be windows-1251, if the message is not readable, please check database logs and/or host, port, dbname, user, password, pg_hba.conf)
	at org.postgresql.core.v3.ConnectionFactoryImpl.doAuthentication(ConnectionFactoryImpl.java:613)
	at org.postgresql.core.v3.ConnectionFactoryImpl.tryConnect(ConnectionFactoryImpl.java:161)
	at org.postgresql.core.v3.ConnectionFactoryImpl.openConnectionImpl(ConnectionFactoryImpl.java:213)
	at org.postgresql.core.ConnectionFactory.openConnection(ConnectionFactory.java:51)
	at org.postgresql.jdbc.PgConnection.<init>(PgConnection.java:225)
	at org.postgresql.Driver.makeConnection(Driver.java:465)
	at org.postgresql.Driver.connect(Driver.java:264)
	at com.zaxxer.hikari.util.DriverDataSource.getConnection(DriverDataSource.java:138)
	at com.zaxxer.hikari.pool.PoolBase.newConnection(PoolBase.java:364)
	at com.zaxxer.hikari.pool.PoolBase.newPoolEntry(PoolBase.java:206)
	at com.zaxxer.hikari.pool.HikariPool.createPoolEntry(HikariPool.java:476)
	at com.zaxxer.hikari.pool.HikariPool.checkFailFast(HikariPool.java:561)
	at com.zaxxer.hikari.pool.HikariPool.<init>(HikariPool.java:115)
	at com.zaxxer.hikari.HikariDataSource.getConnection(HikariDataSource.java:112)
	at org.hibernate.engine.jdbc.connections.internal.DatasourceConnectionProviderImpl.getConnection(DatasourceConnectionProviderImpl.java:122)
	at org.hibernate.engine.jdbc.env.internal.JdbcEnvironmentInitiator$ConnectionProviderJdbcConnectionAccess.obtainConnection(JdbcEnvironmentInitiator.java:180)
	at org.hibernate.engine.jdbc.env.internal.JdbcEnvironmentInitiator.initiateService(JdbcEnvironmentInitiator.java:68)
	at org.hibernate.engine.jdbc.env.internal.JdbcEnvironmentInitiator.initiateService(JdbcEnvironmentInitiator.java:35)
	at org.hibernate.boot.registry.internal.StandardServiceRegistryImpl.initiateService(StandardServiceRegistryImpl.java:101)
	at org.hibernate.service.internal.AbstractServiceRegistryImpl.createService(AbstractServiceRegistryImpl.java:263)
	at org.hibernate.service.internal.AbstractServiceRegistryImpl.initializeService(AbstractServiceRegistryImpl.java:237)
	at org.hibernate.service.internal.AbstractServiceRegistryImpl.getService(AbstractServiceRegistryImpl.java:214)
	at org.hibernate.id.factory.internal.DefaultIdentifierGeneratorFactory.injectServices(DefaultIdentifierGeneratorFactory.java:152)
	at org.hibernate.service.internal.AbstractServiceRegistryImpl.injectDependencies(AbstractServiceRegistryImpl.java:286)
	at org.hibernate.service.internal.AbstractServiceRegistryImpl.initializeService(AbstractServiceRegistryImpl.java:243)
	at org.hibernate.service.internal.AbstractServiceRegistryImpl.getService(AbstractServiceRegistryImpl.java:214)
	at org.hibernate.boot.internal.InFlightMetadataCollectorImpl.<init>(InFlightMetadataCollectorImpl.java:176)
	at org.hibernate.boot.model.process.spi.MetadataBuildingProcess.complete(MetadataBuildingProcess.java:127)
	at org.hibernate.jpa.boot.internal.EntityManagerFactoryBuilderImpl.metadata(EntityManagerFactoryBuilderImpl.java:1224)
	at org.hibernate.jpa.boot.internal.EntityManagerFactoryBuilderImpl.build(EntityManagerFactoryBuilderImpl.java:1255)
	at org.springframework.orm.jpa.vendor.SpringHibernateJpaPersistenceProvider.createContainerEntityManagerFactory(SpringHibernateJpaPersistenceProvider.java:58)
	at org.springframework.orm.jpa.LocalContainerEntityManagerFactoryBean.createNativeEntityManagerFactory(LocalContainerEntityManagerFactoryBean.java:365)
	at org.springframework.orm.jpa.AbstractEntityManagerFactoryBean.buildNativeEntityManagerFactory(AbstractEntityManagerFactoryBean.java:409)
	at org.springframework.orm.jpa.AbstractEntityManagerFactoryBean.afterPropertiesSet(AbstractEntityManagerFactoryBean.java:396)
	at org.springframework.orm.jpa.LocalContainerEntityManagerFactoryBean.afterPropertiesSet(LocalContainerEntityManagerFactoryBean.java:341)
	at org.springframework.beans.factory.support.AbstractAutowireCapableBeanFactory.invokeInitMethods(AbstractAutowireCapableBeanFactory.java:1863)
	at org.springframework.beans.factory.support.AbstractAutowireCapableBeanFactory.initializeBean(AbstractAutowireCapableBeanFactory.java:1800)
	at org.springframework.beans.factory.support.AbstractAutowireCapableBeanFactory.doCreateBean(AbstractAutowireCapableBeanFactory.java:620)
	at org.springframework.beans.factory.support.AbstractAutowireCapableBeanFactory.createBean(AbstractAutowireCapableBeanFactory.java:542)
	at org.springframework.beans.factory.support.AbstractBeanFactory.lambda$doGetBean$0(AbstractBeanFactory.java:335)
	at org.springframework.beans.factory.support.DefaultSingletonBeanRegistry.getSingleton(DefaultSingletonBeanRegistry.java:234)
	at org.springframework.beans.factory.support.AbstractBeanFactory.doGetBean(AbstractBeanFactory.java:333)
	at org.springframework.beans.factory.support.AbstractBeanFactory.getBean(AbstractBeanFactory.java:208)
	at org.springframework.context.support.AbstractApplicationContext.getBean(AbstractApplicationContext.java:1154)
	at org.springframework.context.support.AbstractApplicationContext.finishBeanFactoryInitialization(AbstractApplicationContext.java:908)
	at org.springframework.context.support.AbstractApplicationContext.refresh(AbstractApplicationContext.java:583)
	at org.springframework.boot.web.servlet.context.ServletWebServerApplicationContext.refresh(ServletWebServerApplicationContext.java:145)
	at org.springframework.boot.SpringApplication.refresh(SpringApplication.java:754)
	at org.springframework.boot.SpringApplication.refreshContext(SpringApplication.java:434)
	at org.springframework.boot.SpringApplication.run(SpringApplication.java:338)
	at org.springframework.boot.SpringApplication.run(SpringApplication.java:1343)
	at org.springframework.boot.SpringApplication.run(SpringApplication.java:1332)
	at com.isdintership.epe.EpeApplication.main(EpeApplication.java:12)
13:58:08.334 [main] INFO  org.hibernate.dialect.Dialect - HHH000400: Using dialect: org.hibernate.dialect.PostgreSQLDialect
13:58:09.772 [main] INFO  com.zaxxer.hikari.HikariDataSource - HikariPool-1 - Starting...
13:58:11.007 [main] ERROR com.zaxxer.hikari.pool.HikariPool - HikariPool-1 - Exception during pool initialization.
org.postgresql.util.PSQLException: ВАЖНО: пользователь "postgres" не прошёл проверку подлинности (по паролю) (pgjdbc: autodetected server-encoding to be windows-1251, if the message is not readable, please check database logs and/or host, port, dbname, user, password, pg_hba.conf)
	at org.postgresql.core.v3.ConnectionFactoryImpl.doAuthentication(ConnectionFactoryImpl.java:613)
	at org.postgresql.core.v3.ConnectionFactoryImpl.tryConnect(ConnectionFactoryImpl.java:161)
	at org.postgresql.core.v3.ConnectionFactoryImpl.openConnectionImpl(ConnectionFactoryImpl.java:213)
	at org.postgresql.core.ConnectionFactory.openConnection(ConnectionFactory.java:51)
	at org.postgresql.jdbc.PgConnection.<init>(PgConnection.java:225)
	at org.postgresql.Driver.makeConnection(Driver.java:465)
	at org.postgresql.Driver.connect(Driver.java:264)
	at com.zaxxer.hikari.util.DriverDataSource.getConnection(DriverDataSource.java:138)
	at com.zaxxer.hikari.pool.PoolBase.newConnection(PoolBase.java:364)
	at com.zaxxer.hikari.pool.PoolBase.newPoolEntry(PoolBase.java:206)
	at com.zaxxer.hikari.pool.HikariPool.createPoolEntry(HikariPool.java:476)
	at com.zaxxer.hikari.pool.HikariPool.checkFailFast(HikariPool.java:561)
	at com.zaxxer.hikari.pool.HikariPool.<init>(HikariPool.java:115)
	at com.zaxxer.hikari.HikariDataSource.getConnection(HikariDataSource.java:112)
	at org.hibernate.engine.jdbc.connections.internal.DatasourceConnectionProviderImpl.getConnection(DatasourceConnectionProviderImpl.java:122)
	at org.hibernate.engine.jdbc.env.internal.JdbcEnvironmentInitiator$ConnectionProviderJdbcConnectionAccess.obtainConnection(JdbcEnvironmentInitiator.java:180)
	at org.hibernate.resource.transaction.backend.jdbc.internal.DdlTransactionIsolatorNonJtaImpl.getIsolatedConnection(DdlTransactionIsolatorNonJtaImpl.java:43)
	at org.hibernate.tool.schema.internal.exec.ImprovedExtractionContextImpl.getJdbcConnection(ImprovedExtractionContextImpl.java:60)
	at org.hibernate.tool.schema.extract.internal.SequenceInformationExtractorLegacyImpl.extractMetadata(SequenceInformationExtractorLegacyImpl.java:40)
	at org.hibernate.tool.schema.extract.internal.DatabaseInformationImpl.initializeSequences(DatabaseInformationImpl.java:65)
	at org.hibernate.tool.schema.extract.internal.DatabaseInformationImpl.<init>(DatabaseInformationImpl.java:59)
	at org.hibernate.tool.schema.internal.Helper.buildDatabaseInformation(Helper.java:155)
	at org.hibernate.tool.schema.internal.AbstractSchemaMigrator.doMigration(AbstractSchemaMigrator.java:96)
	at org.hibernate.tool.schema.spi.SchemaManagementToolCoordinator.performDatabaseAction(SchemaManagementToolCoordinator.java:184)
	at org.hibernate.tool.schema.spi.SchemaManagementToolCoordinator.process(SchemaManagementToolCoordinator.java:73)
	at org.hibernate.internal.SessionFactoryImpl.<init>(SessionFactoryImpl.java:318)
	at org.hibernate.boot.internal.SessionFactoryBuilderImpl.build(SessionFactoryBuilderImpl.java:468)
	at org.hibernate.jpa.boot.internal.EntityManagerFactoryBuilderImpl.build(EntityManagerFactoryBuilderImpl.java:1259)
	at org.springframework.orm.jpa.vendor.SpringHibernateJpaPersistenceProvider.createContainerEntityManagerFactory(SpringHibernateJpaPersistenceProvider.java:58)
	at org.springframework.orm.jpa.LocalContainerEntityManagerFactoryBean.createNativeEntityManagerFactory(LocalContainerEntityManagerFactoryBean.java:365)
	at org.springframework.orm.jpa.AbstractEntityManagerFactoryBean.buildNativeEntityManagerFactory(AbstractEntityManagerFactoryBean.java:409)
	at org.springframework.orm.jpa.AbstractEntityManagerFactoryBean.afterPropertiesSet(AbstractEntityManagerFactoryBean.java:396)
	at org.springframework.orm.jpa.LocalContainerEntityManagerFactoryBean.afterPropertiesSet(LocalContainerEntityManagerFactoryBean.java:341)
	at org.springframework.beans.factory.support.AbstractAutowireCapableBeanFactory.invokeInitMethods(AbstractAutowireCapableBeanFactory.java:1863)
	at org.springframework.beans.factory.support.AbstractAutowireCapableBeanFactory.initializeBean(AbstractAutowireCapableBeanFactory.java:1800)
	at org.springframework.beans.factory.support.AbstractAutowireCapableBeanFactory.doCreateBean(AbstractAutowireCapableBeanFactory.java:620)
	at org.springframework.beans.factory.support.AbstractAutowireCapableBeanFactory.createBean(AbstractAutowireCapableBeanFactory.java:542)
	at org.springframework.beans.factory.support.AbstractBeanFactory.lambda$doGetBean$0(AbstractBeanFactory.java:335)
	at org.springframework.beans.factory.support.DefaultSingletonBeanRegistry.getSingleton(DefaultSingletonBeanRegistry.java:234)
	at org.springframework.beans.factory.support.AbstractBeanFactory.doGetBean(AbstractBeanFactory.java:333)
	at org.springframework.beans.factory.support.AbstractBeanFactory.getBean(AbstractBeanFactory.java:208)
	at org.springframework.context.support.AbstractApplicationContext.getBean(AbstractApplicationContext.java:1154)
	at org.springframework.context.support.AbstractApplicationContext.finishBeanFactoryInitialization(AbstractApplicationContext.java:908)
	at org.springframework.context.support.AbstractApplicationContext.refresh(AbstractApplicationContext.java:583)
	at org.springframework.boot.web.servlet.context.ServletWebServerApplicationContext.refresh(ServletWebServerApplicationContext.java:145)
	at org.springframework.boot.SpringApplication.refresh(SpringApplication.java:754)
	at org.springframework.boot.SpringApplication.refreshContext(SpringApplication.java:434)
	at org.springframework.boot.SpringApplication.run(SpringApplication.java:338)
	at org.springframework.boot.SpringApplication.run(SpringApplication.java:1343)
	at org.springframework.boot.SpringApplication.run(SpringApplication.java:1332)
	at com.isdintership.epe.EpeApplication.main(EpeApplication.java:12)
13:58:11.013 [main] WARN  o.h.e.jdbc.spi.SqlExceptionHelper - SQL Error: 0, SQLState: 28P01
13:58:11.013 [main] ERROR o.h.e.jdbc.spi.SqlExceptionHelper - ВАЖНО: пользователь "postgres" не прошёл проверку подлинности (по паролю) (pgjdbc: autodetected server-encoding to be windows-1251, if the message is not readable, please check database logs and/or host, port, dbname, user, password, pg_hba.conf)
13:58:11.031 [main] ERROR o.s.o.j.LocalContainerEntityManagerFactoryBean - Failed to initialize JPA EntityManagerFactory: [PersistenceUnit: default] Unable to build Hibernate SessionFactory; nested exception is org.hibernate.exception.GenericJDBCException: Unable to open JDBC Connection for DDL execution
13:58:11.036 [main] WARN  o.s.b.w.s.c.AnnotationConfigServletWebServerApplicationContext - Exception encountered during context initialization - cancelling refresh attempt: org.springframework.beans.factory.BeanCreationException: Error creating bean with name 'entityManagerFactory' defined in class path resource [org/springframework/boot/autoconfigure/orm/jpa/HibernateJpaConfiguration.class]: Invocation of init method failed; nested exception is javax.persistence.PersistenceException: [PersistenceUnit: default] Unable to build Hibernate SessionFactory; nested exception is org.hibernate.exception.GenericJDBCException: Unable to open JDBC Connection for DDL execution
13:58:11.045 [main] INFO  o.a.catalina.core.StandardService - Stopping service [Tomcat]
13:58:11.098 [main] INFO  o.s.b.a.l.ConditionEvaluationReportLoggingListener - 

Error starting ApplicationContext. To display the conditions report re-run your application with 'debug' enabled.
13:58:11.142 [main] ERROR o.s.boot.SpringApplication - Application run failed
org.springframework.beans.factory.BeanCreationException: Error creating bean with name 'entityManagerFactory' defined in class path resource [org/springframework/boot/autoconfigure/orm/jpa/HibernateJpaConfiguration.class]: Invocation of init method failed; nested exception is javax.persistence.PersistenceException: [PersistenceUnit: default] Unable to build Hibernate SessionFactory; nested exception is org.hibernate.exception.GenericJDBCException: Unable to open JDBC Connection for DDL execution
	at org.springframework.beans.factory.support.AbstractAutowireCapableBeanFactory.initializeBean(AbstractAutowireCapableBeanFactory.java:1804)
	at org.springframework.beans.factory.support.AbstractAutowireCapableBeanFactory.doCreateBean(AbstractAutowireCapableBeanFactory.java:620)
	at org.springframework.beans.factory.support.AbstractAutowireCapableBeanFactory.createBean(AbstractAutowireCapableBeanFactory.java:542)
	at org.springframework.beans.factory.support.AbstractBeanFactory.lambda$doGetBean$0(AbstractBeanFactory.java:335)
	at org.springframework.beans.factory.support.DefaultSingletonBeanRegistry.getSingleton(DefaultSingletonBeanRegistry.java:234)
	at org.springframework.beans.factory.support.AbstractBeanFactory.doGetBean(AbstractBeanFactory.java:333)
	at org.springframework.beans.factory.support.AbstractBeanFactory.getBean(AbstractBeanFactory.java:208)
	at org.springframework.context.support.AbstractApplicationContext.getBean(AbstractApplicationContext.java:1154)
	at org.springframework.context.support.AbstractApplicationContext.finishBeanFactoryInitialization(AbstractApplicationContext.java:908)
	at org.springframework.context.support.AbstractApplicationContext.refresh(AbstractApplicationContext.java:583)
	at org.springframework.boot.web.servlet.context.ServletWebServerApplicationContext.refresh(ServletWebServerApplicationContext.java:145)
	at org.springframework.boot.SpringApplication.refresh(SpringApplication.java:754)
	at org.springframework.boot.SpringApplication.refreshContext(SpringApplication.java:434)
	at org.springframework.boot.SpringApplication.run(SpringApplication.java:338)
	at org.springframework.boot.SpringApplication.run(SpringApplication.java:1343)
	at org.springframework.boot.SpringApplication.run(SpringApplication.java:1332)
	at com.isdintership.epe.EpeApplication.main(EpeApplication.java:12)
Caused by: javax.persistence.PersistenceException: [PersistenceUnit: default] Unable to build Hibernate SessionFactory; nested exception is org.hibernate.exception.GenericJDBCException: Unable to open JDBC Connection for DDL execution
	at org.springframework.orm.jpa.AbstractEntityManagerFactoryBean.buildNativeEntityManagerFactory(AbstractEntityManagerFactoryBean.java:421)
	at org.springframework.orm.jpa.AbstractEntityManagerFactoryBean.afterPropertiesSet(AbstractEntityManagerFactoryBean.java:396)
	at org.springframework.orm.jpa.LocalContainerEntityManagerFactoryBean.afterPropertiesSet(LocalContainerEntityManagerFactoryBean.java:341)
	at org.springframework.beans.factory.support.AbstractAutowireCapableBeanFactory.invokeInitMethods(AbstractAutowireCapableBeanFactory.java:1863)
	at org.springframework.beans.factory.support.AbstractAutowireCapableBeanFactory.initializeBean(AbstractAutowireCapableBeanFactory.java:1800)
	... 16 common frames omitted
Caused by: org.hibernate.exception.GenericJDBCException: Unable to open JDBC Connection for DDL execution
	at org.hibernate.exception.internal.StandardSQLExceptionConverter.convert(StandardSQLExceptionConverter.java:47)
	at org.hibernate.engine.jdbc.spi.SqlExceptionHelper.convert(SqlExceptionHelper.java:113)
	at org.hibernate.engine.jdbc.spi.SqlExceptionHelper.convert(SqlExceptionHelper.java:99)
	at org.hibernate.resource.transaction.backend.jdbc.internal.DdlTransactionIsolatorNonJtaImpl.getIsolatedConnection(DdlTransactionIsolatorNonJtaImpl.java:69)
	at org.hibernate.tool.schema.internal.exec.ImprovedExtractionContextImpl.getJdbcConnection(ImprovedExtractionContextImpl.java:60)
	at org.hibernate.tool.schema.extract.internal.SequenceInformationExtractorLegacyImpl.extractMetadata(SequenceInformationExtractorLegacyImpl.java:40)
	at org.hibernate.tool.schema.extract.internal.DatabaseInformationImpl.initializeSequences(DatabaseInformationImpl.java:65)
	at org.hibernate.tool.schema.extract.internal.DatabaseInformationImpl.<init>(DatabaseInformationImpl.java:59)
	at org.hibernate.tool.schema.internal.Helper.buildDatabaseInformation(Helper.java:155)
	at org.hibernate.tool.schema.internal.AbstractSchemaMigrator.doMigration(AbstractSchemaMigrator.java:96)
	at org.hibernate.tool.schema.spi.SchemaManagementToolCoordinator.performDatabaseAction(SchemaManagementToolCoordinator.java:184)
	at org.hibernate.tool.schema.spi.SchemaManagementToolCoordinator.process(SchemaManagementToolCoordinator.java:73)
	at org.hibernate.internal.SessionFactoryImpl.<init>(SessionFactoryImpl.java:318)
	at org.hibernate.boot.internal.SessionFactoryBuilderImpl.build(SessionFactoryBuilderImpl.java:468)
	at org.hibernate.jpa.boot.internal.EntityManagerFactoryBuilderImpl.build(EntityManagerFactoryBuilderImpl.java:1259)
	at org.springframework.orm.jpa.vendor.SpringHibernateJpaPersistenceProvider.createContainerEntityManagerFactory(SpringHibernateJpaPersistenceProvider.java:58)
	at org.springframework.orm.jpa.LocalContainerEntityManagerFactoryBean.createNativeEntityManagerFactory(LocalContainerEntityManagerFactoryBean.java:365)
	at org.springframework.orm.jpa.AbstractEntityManagerFactoryBean.buildNativeEntityManagerFactory(AbstractEntityManagerFactoryBean.java:409)
	... 20 common frames omitted
Caused by: org.postgresql.util.PSQLException: ВАЖНО: пользователь "postgres" не прошёл проверку подлинности (по паролю) (pgjdbc: autodetected server-encoding to be windows-1251, if the message is not readable, please check database logs and/or host, port, dbname, user, password, pg_hba.conf)
	at org.postgresql.core.v3.ConnectionFactoryImpl.doAuthentication(ConnectionFactoryImpl.java:613)
	at org.postgresql.core.v3.ConnectionFactoryImpl.tryConnect(ConnectionFactoryImpl.java:161)
	at org.postgresql.core.v3.ConnectionFactoryImpl.openConnectionImpl(ConnectionFactoryImpl.java:213)
	at org.postgresql.core.ConnectionFactory.openConnection(ConnectionFactory.java:51)
	at org.postgresql.jdbc.PgConnection.<init>(PgConnection.java:225)
	at org.postgresql.Driver.makeConnection(Driver.java:465)
	at org.postgresql.Driver.connect(Driver.java:264)
	at com.zaxxer.hikari.util.DriverDataSource.getConnection(DriverDataSource.java:138)
	at com.zaxxer.hikari.pool.PoolBase.newConnection(PoolBase.java:364)
	at com.zaxxer.hikari.pool.PoolBase.newPoolEntry(PoolBase.java:206)
	at com.zaxxer.hikari.pool.HikariPool.createPoolEntry(HikariPool.java:476)
	at com.zaxxer.hikari.pool.HikariPool.checkFailFast(HikariPool.java:561)
	at com.zaxxer.hikari.pool.HikariPool.<init>(HikariPool.java:115)
	at com.zaxxer.hikari.HikariDataSource.getConnection(HikariDataSource.java:112)
	at org.hibernate.engine.jdbc.connections.internal.DatasourceConnectionProviderImpl.getConnection(DatasourceConnectionProviderImpl.java:122)
	at org.hibernate.engine.jdbc.env.internal.JdbcEnvironmentInitiator$ConnectionProviderJdbcConnectionAccess.obtainConnection(JdbcEnvironmentInitiator.java:180)
	at org.hibernate.resource.transaction.backend.jdbc.internal.DdlTransactionIsolatorNonJtaImpl.getIsolatedConnection(DdlTransactionIsolatorNonJtaImpl.java:43)
	... 34 common frames omitted
13:58:30.740 [main] INFO  com.isdintership.epe.EpeApplication - Starting EpeApplication using Java 15.0.1 on WIN-BN043PJFA5A with PID 10972 (C:\Users\User\Desktop\employee-performance-evaluator\epe-backend\target\classes started by User in C:\Users\User\Desktop\employee-performance-evaluator)
13:58:30.740 [background-preinit] INFO  o.h.validator.internal.util.Version - HV000001: Hibernate Validator 6.2.0.Final
13:58:30.745 [main] INFO  com.isdintership.epe.EpeApplication - The following profiles are active: local
13:58:33.315 [main] INFO  o.s.d.r.c.RepositoryConfigurationDelegate - Bootstrapping Spring Data JPA repositories in DEFAULT mode.
13:58:33.493 [main] INFO  o.s.d.r.c.RepositoryConfigurationDelegate - Finished Spring Data repository scanning in 166 ms. Found 8 JPA repository interfaces.
13:58:34.397 [main] INFO  o.s.c.s.PostProcessorRegistrationDelegate$BeanPostProcessorChecker - Bean 'org.springframework.security.access.expression.method.DefaultMethodSecurityExpressionHandler@1f15e689' of type [org.springframework.security.access.expression.method.DefaultMethodSecurityExpressionHandler] is not eligible for getting processed by all BeanPostProcessors (for example: not eligible for auto-proxying)
13:58:34.414 [main] INFO  o.s.c.s.PostProcessorRegistrationDelegate$BeanPostProcessorChecker - Bean 'methodSecurityMetadataSource' of type [org.springframework.security.access.method.DelegatingMethodSecurityMetadataSource] is not eligible for getting processed by all BeanPostProcessors (for example: not eligible for auto-proxying)
13:58:34.946 [main] INFO  o.s.b.w.e.tomcat.TomcatWebServer - Tomcat initialized with port(s): 8075 (http)
13:58:34.961 [main] INFO  o.a.coyote.http11.Http11NioProtocol - Initializing ProtocolHandler ["http-nio-8075"]
13:58:34.961 [main] INFO  o.a.catalina.core.StandardService - Starting service [Tomcat]
13:58:34.962 [main] INFO  o.a.catalina.core.StandardEngine - Starting Servlet engine: [Apache Tomcat/9.0.54]
13:58:35.239 [main] INFO  o.a.c.c.C.[Tomcat].[localhost].[/] - Initializing Spring embedded WebApplicationContext
13:58:35.240 [main] INFO  o.s.b.w.s.c.ServletWebServerApplicationContext - Root WebApplicationContext: initialization completed in 4359 ms
13:58:36.221 [main] INFO  com.zaxxer.hikari.HikariDataSource - HikariPool-1 - Starting...
13:58:36.605 [main] INFO  com.zaxxer.hikari.HikariDataSource - HikariPool-1 - Start completed.
13:58:36.789 [main] INFO  o.h.jpa.internal.util.LogHelper - HHH000204: Processing PersistenceUnitInfo [name: default]
13:58:36.884 [main] INFO  org.hibernate.Version - HHH000412: Hibernate ORM core version 5.4.32.Final
13:58:37.083 [main] INFO  o.h.annotations.common.Version - HCANN000001: Hibernate Commons Annotations {5.1.2.Final}
13:58:37.269 [main] INFO  org.hibernate.dialect.Dialect - HHH000400: Using dialect: org.hibernate.dialect.PostgreSQLDialect
13:58:39.324 [main] INFO  o.h.e.t.j.p.i.JtaPlatformInitiator - HHH000490: Using JtaPlatform implementation: [org.hibernate.engine.transaction.jta.platform.internal.NoJtaPlatform]
13:58:39.348 [main] INFO  o.s.o.j.LocalContainerEntityManagerFactoryBean - Initialized JPA EntityManagerFactory for persistence unit 'default'
13:58:42.814 [main] INFO  o.s.b.a.e.web.EndpointLinksResolver - Exposing 15 endpoint(s) beneath base path '/api/actuator'
13:58:44.844 [main] INFO  o.s.s.web.DefaultSecurityFilterChain - Will secure any request with [com.isdintership.epe.security.ExceptionHandlerFilter@2353354a, com.isdintership.epe.security.SimpleCORSFilter@1ac0cdb0, org.springframework.security.web.context.request.async.WebAsyncManagerIntegrationFilter@980ac1f, org.springframework.security.web.context.SecurityContextPersistenceFilter@7d487147, org.springframework.security.web.header.HeaderWriterFilter@64d49e35, org.springframework.security.web.authentication.logout.LogoutFilter@5fd8302e, com.isdintership.epe.security.jwt.JwtTokenFilter@37edb7fa, org.springframework.security.web.savedrequest.RequestCacheAwareFilter@4a89722e, org.springframework.security.web.servletapi.SecurityContextHolderAwareRequestFilter@bf2aa3f, org.springframework.security.web.authentication.AnonymousAuthenticationFilter@6af447b6, org.springframework.security.web.session.SessionManagementFilter@570f96b7, org.springframework.security.web.access.ExceptionTranslationFilter@9b84747, org.springframework.security.web.access.intercept.FilterSecurityInterceptor@6a2d1f6d]
13:58:45.117 [main] INFO  o.a.coyote.http11.Http11NioProtocol - Starting ProtocolHandler ["http-nio-8075"]
13:58:45.151 [main] INFO  o.s.b.w.e.tomcat.TomcatWebServer - Tomcat started on port(s): 8075 (http) with context path ''
13:58:46.935 [main] INFO  com.isdintership.epe.EpeApplication - Started EpeApplication in 16.947 seconds (JVM running for 18.965)
13:59:39.218 [background-preinit] INFO  o.h.validator.internal.util.Version - HV000001: Hibernate Validator 6.2.0.Final
13:59:39.226 [main] INFO  com.isdintership.epe.EpeApplication - Starting EpeApplication using Java 15.0.1 on WIN-BN043PJFA5A with PID 10088 (C:\Users\User\Desktop\employee-performance-evaluator\epe-backend\target\classes started by User in C:\Users\User\Desktop\employee-performance-evaluator)
13:59:39.227 [main] INFO  com.isdintership.epe.EpeApplication - The following profiles are active: local
13:59:42.328 [main] INFO  o.s.d.r.c.RepositoryConfigurationDelegate - Bootstrapping Spring Data JPA repositories in DEFAULT mode.
13:59:42.576 [main] INFO  o.s.d.r.c.RepositoryConfigurationDelegate - Finished Spring Data repository scanning in 233 ms. Found 8 JPA repository interfaces.
13:59:43.505 [main] INFO  o.s.c.s.PostProcessorRegistrationDelegate$BeanPostProcessorChecker - Bean 'org.springframework.security.access.expression.method.DefaultMethodSecurityExpressionHandler@126f8f24' of type [org.springframework.security.access.expression.method.DefaultMethodSecurityExpressionHandler] is not eligible for getting processed by all BeanPostProcessors (for example: not eligible for auto-proxying)
13:59:43.525 [main] INFO  o.s.c.s.PostProcessorRegistrationDelegate$BeanPostProcessorChecker - Bean 'methodSecurityMetadataSource' of type [org.springframework.security.access.method.DelegatingMethodSecurityMetadataSource] is not eligible for getting processed by all BeanPostProcessors (for example: not eligible for auto-proxying)
13:59:44.097 [main] INFO  o.s.b.w.e.tomcat.TomcatWebServer - Tomcat initialized with port(s): 8075 (http)
13:59:44.111 [main] INFO  o.a.coyote.http11.Http11NioProtocol - Initializing ProtocolHandler ["http-nio-8075"]
13:59:44.111 [main] INFO  o.a.catalina.core.StandardService - Starting service [Tomcat]
13:59:44.112 [main] INFO  o.a.catalina.core.StandardEngine - Starting Servlet engine: [Apache Tomcat/9.0.54]
13:59:44.356 [main] INFO  o.a.c.c.C.[Tomcat].[localhost].[/] - Initializing Spring embedded WebApplicationContext
13:59:44.356 [main] INFO  o.s.b.w.s.c.ServletWebServerApplicationContext - Root WebApplicationContext: initialization completed in 5044 ms
13:59:45.269 [main] INFO  com.zaxxer.hikari.HikariDataSource - HikariPool-1 - Starting...
13:59:45.772 [main] INFO  com.zaxxer.hikari.HikariDataSource - HikariPool-1 - Start completed.
13:59:45.984 [main] INFO  o.h.jpa.internal.util.LogHelper - HHH000204: Processing PersistenceUnitInfo [name: default]
13:59:46.093 [main] INFO  org.hibernate.Version - HHH000412: Hibernate ORM core version 5.4.32.Final
13:59:46.272 [main] INFO  o.h.annotations.common.Version - HCANN000001: Hibernate Commons Annotations {5.1.2.Final}
13:59:46.468 [main] INFO  org.hibernate.dialect.Dialect - HHH000400: Using dialect: org.hibernate.dialect.PostgreSQLDialect
13:59:48.354 [main] INFO  o.h.e.t.j.p.i.JtaPlatformInitiator - HHH000490: Using JtaPlatform implementation: [org.hibernate.engine.transaction.jta.platform.internal.NoJtaPlatform]
13:59:48.379 [main] INFO  o.s.o.j.LocalContainerEntityManagerFactoryBean - Initialized JPA EntityManagerFactory for persistence unit 'default'
14:01:06.308 [main] INFO  com.isdintership.epe.EpeApplication - Starting EpeApplication using Java 15.0.1 on WIN-BN043PJFA5A with PID 15352 (C:\Users\User\Desktop\employee-performance-evaluator\epe-backend\target\classes started by User in C:\Users\User\Desktop\employee-performance-evaluator)
14:01:06.307 [background-preinit] INFO  o.h.validator.internal.util.Version - HV000001: Hibernate Validator 6.2.0.Final
14:01:06.313 [main] INFO  com.isdintership.epe.EpeApplication - The following profiles are active: local
14:01:09.318 [main] INFO  o.s.d.r.c.RepositoryConfigurationDelegate - Bootstrapping Spring Data JPA repositories in DEFAULT mode.
14:01:09.543 [main] INFO  o.s.d.r.c.RepositoryConfigurationDelegate - Finished Spring Data repository scanning in 209 ms. Found 8 JPA repository interfaces.
14:01:10.615 [main] INFO  o.s.c.s.PostProcessorRegistrationDelegate$BeanPostProcessorChecker - Bean 'org.springframework.security.access.expression.method.DefaultMethodSecurityExpressionHandler@781aff8b' of type [org.springframework.security.access.expression.method.DefaultMethodSecurityExpressionHandler] is not eligible for getting processed by all BeanPostProcessors (for example: not eligible for auto-proxying)
14:01:10.634 [main] INFO  o.s.c.s.PostProcessorRegistrationDelegate$BeanPostProcessorChecker - Bean 'methodSecurityMetadataSource' of type [org.springframework.security.access.method.DelegatingMethodSecurityMetadataSource] is not eligible for getting processed by all BeanPostProcessors (for example: not eligible for auto-proxying)
14:01:11.371 [main] INFO  o.s.b.w.e.tomcat.TomcatWebServer - Tomcat initialized with port(s): 8075 (http)
14:01:11.394 [main] INFO  o.a.coyote.http11.Http11NioProtocol - Initializing ProtocolHandler ["http-nio-8075"]
14:01:11.395 [main] INFO  o.a.catalina.core.StandardService - Starting service [Tomcat]
14:01:11.396 [main] INFO  o.a.catalina.core.StandardEngine - Starting Servlet engine: [Apache Tomcat/9.0.54]
14:01:11.641 [main] INFO  o.a.c.c.C.[Tomcat].[localhost].[/] - Initializing Spring embedded WebApplicationContext
14:01:11.641 [main] INFO  o.s.b.w.s.c.ServletWebServerApplicationContext - Root WebApplicationContext: initialization completed in 5231 ms
14:01:12.831 [main] INFO  com.zaxxer.hikari.HikariDataSource - HikariPool-1 - Starting...
14:01:13.272 [main] INFO  com.zaxxer.hikari.HikariDataSource - HikariPool-1 - Start completed.
14:01:13.445 [main] INFO  o.h.jpa.internal.util.LogHelper - HHH000204: Processing PersistenceUnitInfo [name: default]
14:01:13.517 [main] INFO  org.hibernate.Version - HHH000412: Hibernate ORM core version 5.4.32.Final
14:01:13.741 [main] INFO  o.h.annotations.common.Version - HCANN000001: Hibernate Commons Annotations {5.1.2.Final}
14:01:13.943 [main] INFO  org.hibernate.dialect.Dialect - HHH000400: Using dialect: org.hibernate.dialect.PostgreSQLDialect
14:01:17.370 [main] INFO  o.h.e.t.j.p.i.JtaPlatformInitiator - HHH000490: Using JtaPlatform implementation: [org.hibernate.engine.transaction.jta.platform.internal.NoJtaPlatform]
14:01:17.389 [main] INFO  o.s.o.j.LocalContainerEntityManagerFactoryBean - Initialized JPA EntityManagerFactory for persistence unit 'default'
14:01:20.769 [main] INFO  o.s.b.a.e.web.EndpointLinksResolver - Exposing 15 endpoint(s) beneath base path '/api/actuator'
14:01:23.402 [main] INFO  o.s.s.web.DefaultSecurityFilterChain - Will secure any request with [com.isdintership.epe.security.ExceptionHandlerFilter@4c2c44e8, com.isdintership.epe.security.SimpleCORSFilter@5f61e002, org.springframework.security.web.context.request.async.WebAsyncManagerIntegrationFilter@34329e03, org.springframework.security.web.context.SecurityContextPersistenceFilter@43e7ca6f, org.springframework.security.web.header.HeaderWriterFilter@4a6c33a0, org.springframework.security.web.authentication.logout.LogoutFilter@561e8bab, com.isdintership.epe.security.jwt.JwtTokenFilter@7d6b0636, org.springframework.security.web.savedrequest.RequestCacheAwareFilter@480b785a, org.springframework.security.web.servletapi.SecurityContextHolderAwareRequestFilter@f2df380, org.springframework.security.web.authentication.AnonymousAuthenticationFilter@3c971473, org.springframework.security.web.session.SessionManagementFilter@3c9e82a6, org.springframework.security.web.access.ExceptionTranslationFilter@7c3920a7, org.springframework.security.web.access.intercept.FilterSecurityInterceptor@5a1216b0]
14:01:23.722 [main] INFO  o.a.coyote.http11.Http11NioProtocol - Starting ProtocolHandler ["http-nio-8075"]
14:01:23.771 [main] INFO  o.s.b.w.e.tomcat.TomcatWebServer - Tomcat started on port(s): 8075 (http) with context path ''
14:01:25.593 [main] INFO  com.isdintership.epe.EpeApplication - Started EpeApplication in 20.164 seconds (JVM running for 22.313)
14:01:25.796 [RMI TCP Connection(5)-172.17.44.45] INFO  o.a.c.c.C.[Tomcat].[localhost].[/] - Initializing Spring DispatcherServlet 'dispatcherServlet'
14:01:25.796 [RMI TCP Connection(5)-172.17.44.45] INFO  o.s.web.servlet.DispatcherServlet - Initializing Servlet 'dispatcherServlet'
14:01:25.804 [RMI TCP Connection(5)-172.17.44.45] INFO  o.s.web.servlet.DispatcherServlet - Completed initialization in 8 ms
14:02:46.628 [http-nio-8075-exec-3] INFO  c.i.epe.service.impl.UserServiceImpl - Logging user girlea.adrian@isa.utm.md
14:02:47.465 [http-nio-8075-exec-5] INFO  c.i.e.s.i.AssessmentInformationImpl - Getting all the assessment information
14:08:28.631 [http-nio-8075-exec-3] INFO  c.i.e.s.i.AssessmentInformationImpl - Getting all the assessment information
14:08:46.849 [http-nio-8075-exec-7] INFO  c.i.epe.service.impl.TeamServiceImpl - Getting all teams
14:08:46.887 [http-nio-8075-exec-9] INFO  c.i.epe.service.impl.TeamServiceImpl - Getting all teams
14:08:46.912 [http-nio-8075-exec-8] INFO  c.i.epe.service.impl.UserServiceImpl - Getting all users
14:08:46.979 [http-nio-8075-exec-10] INFO  c.i.epe.service.impl.UserServiceImpl - Getting all users
14:08:49.948 [http-nio-8075-exec-2] INFO  c.i.epe.service.impl.TeamServiceImpl - Getting all the team members of team with id facae512-2d1a-4163-a6d1-f62473b77aca
14:08:51.075 [http-nio-8075-exec-3] INFO  c.i.epe.service.impl.UserServiceImpl - Getting all users
14:08:51.110 [http-nio-8075-exec-8] INFO  c.i.epe.service.impl.TeamServiceImpl - Getting the team leader of the user facae512-2d1a-4163-a6d1-f62473b77aca
14:08:51.223 [http-nio-8075-exec-4] INFO  c.i.epe.service.impl.TeamServiceImpl - Getting the team leader of the user facae512-2d1a-4163-a6d1-f62473b77aca
14:08:51.255 [http-nio-8075-exec-10] INFO  c.i.epe.service.impl.UserServiceImpl - Getting all users
14:08:52.153 [http-nio-8075-exec-8] INFO  c.i.e.s.impl.AssessmentServiceImpl - Getting all assigned assessments for user with id facae512-2d1a-4163-a6d1-f62473b77aca and status ACTIVE
14:08:52.154 [http-nio-8075-exec-1] INFO  c.i.e.s.impl.AssessmentServiceImpl - Getting all assigned assessments for user with id facae512-2d1a-4163-a6d1-f62473b77aca and status INACTIVE
14:24:38.192 [http-nio-8075-exec-3] INFO  c.i.e.s.impl.AssessmentServiceImpl - Getting all assigned assessments for user with id facae512-2d1a-4163-a6d1-f62473b77aca and status ACTIVE
14:24:38.196 [http-nio-8075-exec-8] INFO  c.i.e.s.impl.AssessmentServiceImpl - Getting all assigned assessments for user with id facae512-2d1a-4163-a6d1-f62473b77aca and status INACTIVE
14:43:37.292 [http-nio-8075-exec-8] ERROR o.a.c.c.C.[.[.[.[dispatcherServlet] - Servlet.service() for servlet [dispatcherServlet] in context with path [] threw exception
java.util.ConcurrentModificationException: null
	at java.base/java.util.ArrayList$Itr.checkForComodification(ArrayList.java:1013)
	at java.base/java.util.ArrayList$Itr.next(ArrayList.java:967)
	at com.isdintership.epe.security.SimpleCORSFilter.doFilter(SimpleCORSFilter.java:53)
	at org.apache.catalina.core.ApplicationFilterChain.internalDoFilter(ApplicationFilterChain.java:189)
	at org.apache.catalina.core.ApplicationFilterChain.doFilter(ApplicationFilterChain.java:162)
	at org.apache.catalina.core.StandardWrapperValve.invoke(StandardWrapperValve.java:197)
	at org.apache.catalina.core.StandardContextValve.invoke(StandardContextValve.java:97)
	at org.apache.catalina.authenticator.AuthenticatorBase.invoke(AuthenticatorBase.java:540)
	at org.apache.catalina.core.StandardHostValve.invoke(StandardHostValve.java:135)
	at org.apache.catalina.valves.ErrorReportValve.invoke(ErrorReportValve.java:92)
	at org.apache.catalina.core.StandardEngineValve.invoke(StandardEngineValve.java:78)
	at org.apache.catalina.connector.CoyoteAdapter.service(CoyoteAdapter.java:357)
	at org.apache.coyote.http11.Http11Processor.service(Http11Processor.java:382)
	at org.apache.coyote.AbstractProcessorLight.process(AbstractProcessorLight.java:65)
	at org.apache.coyote.AbstractProtocol$ConnectionHandler.process(AbstractProtocol.java:895)
	at org.apache.tomcat.util.net.NioEndpoint$SocketProcessor.doRun(NioEndpoint.java:1722)
	at org.apache.tomcat.util.net.SocketProcessorBase.run(SocketProcessorBase.java:49)
	at org.apache.tomcat.util.threads.ThreadPoolExecutor.runWorker(ThreadPoolExecutor.java:1191)
	at org.apache.tomcat.util.threads.ThreadPoolExecutor$Worker.run(ThreadPoolExecutor.java:659)
	at org.apache.tomcat.util.threads.TaskThread$WrappingRunnable.run(TaskThread.java:61)
	at java.base/java.lang.Thread.run(Thread.java:832)
14:43:37.390 [http-nio-8075-exec-8] INFO  c.i.e.s.impl.AssessmentServiceImpl - Gettin the total number of assessments
14:43:37.476 [http-nio-8075-exec-10] INFO  c.i.epe.service.impl.TeamServiceImpl - Getting the total number of team leaders
14:43:37.500 [http-nio-8075-exec-5] INFO  c.i.e.s.impl.AssessmentServiceImpl - Gettin all assessments from this year
22:38:30.662 [main] INFO  com.isdintership.epe.EpeApplication - Starting EpeApplication using Java 15.0.1 on WIN-BN043PJFA5A with PID 16372 (C:\Users\User\Desktop\employee-performance-evaluator\epe-backend\target\classes started by User in C:\Users\User\Desktop\employee-performance-evaluator)
22:38:30.660 [background-preinit] INFO  o.h.validator.internal.util.Version - HV000001: Hibernate Validator 6.2.0.Final
22:38:30.664 [main] INFO  com.isdintership.epe.EpeApplication - The following profiles are active: local
22:38:32.386 [main] INFO  o.s.d.r.c.RepositoryConfigurationDelegate - Bootstrapping Spring Data JPA repositories in DEFAULT mode.
22:38:32.499 [main] INFO  o.s.d.r.c.RepositoryConfigurationDelegate - Finished Spring Data repository scanning in 105 ms. Found 8 JPA repository interfaces.
22:38:33.044 [main] INFO  o.s.c.s.PostProcessorRegistrationDelegate$BeanPostProcessorChecker - Bean 'org.springframework.security.access.expression.method.DefaultMethodSecurityExpressionHandler@632b305d' of type [org.springframework.security.access.expression.method.DefaultMethodSecurityExpressionHandler] is not eligible for getting processed by all BeanPostProcessors (for example: not eligible for auto-proxying)
22:38:33.053 [main] INFO  o.s.c.s.PostProcessorRegistrationDelegate$BeanPostProcessorChecker - Bean 'methodSecurityMetadataSource' of type [org.springframework.security.access.method.DelegatingMethodSecurityMetadataSource] is not eligible for getting processed by all BeanPostProcessors (for example: not eligible for auto-proxying)
22:38:33.381 [main] INFO  o.s.b.w.e.tomcat.TomcatWebServer - Tomcat initialized with port(s): 8075 (http)
22:38:33.392 [main] INFO  o.a.coyote.http11.Http11NioProtocol - Initializing ProtocolHandler ["http-nio-8075"]
22:38:33.392 [main] INFO  o.a.catalina.core.StandardService - Starting service [Tomcat]
22:38:33.392 [main] INFO  o.a.catalina.core.StandardEngine - Starting Servlet engine: [Apache Tomcat/9.0.54]
22:38:33.532 [main] INFO  o.a.c.c.C.[Tomcat].[localhost].[/] - Initializing Spring embedded WebApplicationContext
22:38:33.532 [main] INFO  o.s.b.w.s.c.ServletWebServerApplicationContext - Root WebApplicationContext: initialization completed in 2799 ms
22:38:34.140 [main] INFO  com.zaxxer.hikari.HikariDataSource - HikariPool-1 - Starting...
22:38:34.370 [main] INFO  com.zaxxer.hikari.HikariDataSource - HikariPool-1 - Start completed.
22:38:34.470 [main] INFO  o.h.jpa.internal.util.LogHelper - HHH000204: Processing PersistenceUnitInfo [name: default]
22:38:34.517 [main] INFO  org.hibernate.Version - HHH000412: Hibernate ORM core version 5.4.32.Final
22:38:34.625 [main] INFO  o.h.annotations.common.Version - HCANN000001: Hibernate Commons Annotations {5.1.2.Final}
22:38:34.737 [main] INFO  org.hibernate.dialect.Dialect - HHH000400: Using dialect: org.hibernate.dialect.PostgreSQLDialect
22:38:35.949 [main] INFO  o.h.e.t.j.p.i.JtaPlatformInitiator - HHH000490: Using JtaPlatform implementation: [org.hibernate.engine.transaction.jta.platform.internal.NoJtaPlatform]
22:38:35.958 [main] INFO  o.s.o.j.LocalContainerEntityManagerFactoryBean - Initialized JPA EntityManagerFactory for persistence unit 'default'
22:38:37.697 [main] INFO  o.s.b.a.e.web.EndpointLinksResolver - Exposing 15 endpoint(s) beneath base path '/api/actuator'
22:38:38.766 [main] INFO  o.s.s.web.DefaultSecurityFilterChain - Will secure any request with [com.isdintership.epe.security.ExceptionHandlerFilter@50778bde, com.isdintership.epe.security.SimpleCORSFilter@36dafa24, org.springframework.security.web.context.request.async.WebAsyncManagerIntegrationFilter@181909f0, org.springframework.security.web.context.SecurityContextPersistenceFilter@22a9fa23, org.springframework.security.web.header.HeaderWriterFilter@5188c0f2, org.springframework.security.web.authentication.logout.LogoutFilter@774b798, com.isdintership.epe.security.jwt.JwtTokenFilter@1f9af742, org.springframework.security.web.savedrequest.RequestCacheAwareFilter@561e8bab, org.springframework.security.web.servletapi.SecurityContextHolderAwareRequestFilter@1dec84e3, org.springframework.security.web.authentication.AnonymousAuthenticationFilter@113ba21, org.springframework.security.web.session.SessionManagementFilter@60580e42, org.springframework.security.web.access.ExceptionTranslationFilter@f2df380, org.springframework.security.web.access.intercept.FilterSecurityInterceptor@60f9fb56]
22:38:38.912 [main] INFO  o.a.coyote.http11.Http11NioProtocol - Starting ProtocolHandler ["http-nio-8075"]
22:38:38.929 [main] INFO  o.s.b.w.e.tomcat.TomcatWebServer - Tomcat started on port(s): 8075 (http) with context path ''
22:38:39.775 [main] INFO  com.isdintership.epe.EpeApplication - Started EpeApplication in 9.812 seconds (JVM running for 11.482)
22:38:40.305 [RMI TCP Connection(4)-192.168.1.26] INFO  o.a.c.c.C.[Tomcat].[localhost].[/] - Initializing Spring DispatcherServlet 'dispatcherServlet'
22:38:40.305 [RMI TCP Connection(4)-192.168.1.26] INFO  o.s.web.servlet.DispatcherServlet - Initializing Servlet 'dispatcherServlet'
22:38:40.309 [RMI TCP Connection(4)-192.168.1.26] INFO  o.s.web.servlet.DispatcherServlet - Completed initialization in 4 ms
23:17:43.217 [main] INFO  com.isdintership.epe.EpeApplication - Starting EpeApplication using Java 15.0.1 on WIN-BN043PJFA5A with PID 19068 (C:\Users\User\Desktop\employee-performance-evaluator\epe-backend\target\classes started by User in C:\Users\User\Desktop\employee-performance-evaluator)
23:17:43.215 [background-preinit] INFO  o.h.validator.internal.util.Version - HV000001: Hibernate Validator 6.2.0.Final
23:17:43.218 [main] INFO  com.isdintership.epe.EpeApplication - The following profiles are active: local
23:17:45.096 [main] INFO  o.s.d.r.c.RepositoryConfigurationDelegate - Bootstrapping Spring Data JPA repositories in DEFAULT mode.
23:17:45.216 [main] INFO  o.s.d.r.c.RepositoryConfigurationDelegate - Finished Spring Data repository scanning in 111 ms. Found 8 JPA repository interfaces.
23:17:45.765 [main] INFO  o.s.c.s.PostProcessorRegistrationDelegate$BeanPostProcessorChecker - Bean 'org.springframework.security.access.expression.method.DefaultMethodSecurityExpressionHandler@616a06e3' of type [org.springframework.security.access.expression.method.DefaultMethodSecurityExpressionHandler] is not eligible for getting processed by all BeanPostProcessors (for example: not eligible for auto-proxying)
23:17:45.775 [main] INFO  o.s.c.s.PostProcessorRegistrationDelegate$BeanPostProcessorChecker - Bean 'methodSecurityMetadataSource' of type [org.springframework.security.access.method.DelegatingMethodSecurityMetadataSource] is not eligible for getting processed by all BeanPostProcessors (for example: not eligible for auto-proxying)
23:17:46.134 [main] INFO  o.s.b.w.e.tomcat.TomcatWebServer - Tomcat initialized with port(s): 8075 (http)
23:17:46.144 [main] INFO  o.a.coyote.http11.Http11NioProtocol - Initializing ProtocolHandler ["http-nio-8075"]
23:17:46.144 [main] INFO  o.a.catalina.core.StandardService - Starting service [Tomcat]
23:17:46.144 [main] INFO  o.a.catalina.core.StandardEngine - Starting Servlet engine: [Apache Tomcat/9.0.54]
23:17:46.301 [main] INFO  o.a.c.c.C.[Tomcat].[localhost].[/] - Initializing Spring embedded WebApplicationContext
23:17:46.301 [main] INFO  o.s.b.w.s.c.ServletWebServerApplicationContext - Root WebApplicationContext: initialization completed in 3031 ms
23:17:46.912 [main] INFO  com.zaxxer.hikari.HikariDataSource - HikariPool-1 - Starting...
23:17:47.109 [main] INFO  com.zaxxer.hikari.HikariDataSource - HikariPool-1 - Start completed.
23:17:47.205 [main] INFO  o.h.jpa.internal.util.LogHelper - HHH000204: Processing PersistenceUnitInfo [name: default]
23:17:47.254 [main] INFO  org.hibernate.Version - HHH000412: Hibernate ORM core version 5.4.32.Final
23:17:47.346 [main] INFO  o.h.annotations.common.Version - HCANN000001: Hibernate Commons Annotations {5.1.2.Final}
23:17:47.445 [main] INFO  org.hibernate.dialect.Dialect - HHH000400: Using dialect: org.hibernate.dialect.PostgreSQLDialect
23:17:48.533 [main] INFO  o.h.e.t.j.p.i.JtaPlatformInitiator - HHH000490: Using JtaPlatform implementation: [org.hibernate.engine.transaction.jta.platform.internal.NoJtaPlatform]
23:17:48.542 [main] INFO  o.s.o.j.LocalContainerEntityManagerFactoryBean - Initialized JPA EntityManagerFactory for persistence unit 'default'
23:17:50.315 [main] INFO  o.s.b.a.e.web.EndpointLinksResolver - Exposing 15 endpoint(s) beneath base path '/api/actuator'
23:17:51.536 [main] INFO  o.s.s.web.DefaultSecurityFilterChain - Will secure any request with [com.isdintership.epe.security.ExceptionHandlerFilter@1934339, com.isdintership.epe.security.SimpleCORSFilter@2b098563, org.springframework.security.web.context.request.async.WebAsyncManagerIntegrationFilter@751e7d99, org.springframework.security.web.context.SecurityContextPersistenceFilter@f2df380, org.springframework.security.web.header.HeaderWriterFilter@1ca876b7, org.springframework.security.web.authentication.logout.LogoutFilter@7d487147, com.isdintership.epe.security.jwt.JwtTokenFilter@c3df740, org.springframework.security.web.savedrequest.RequestCacheAwareFilter@4d992634, org.springframework.security.web.servletapi.SecurityContextHolderAwareRequestFilter@665fb1d8, org.springframework.security.web.authentication.AnonymousAuthenticationFilter@297c0311, org.springframework.security.web.session.SessionManagementFilter@1bef1304, org.springframework.security.web.access.ExceptionTranslationFilter@167da81d, org.springframework.security.web.access.intercept.FilterSecurityInterceptor@47b4fcd5]
23:17:51.679 [main] INFO  o.a.coyote.http11.Http11NioProtocol - Starting ProtocolHandler ["http-nio-8075"]
23:17:51.697 [main] INFO  o.s.b.w.e.tomcat.TomcatWebServer - Tomcat started on port(s): 8075 (http) with context path ''
23:17:52.608 [main] INFO  com.isdintership.epe.EpeApplication - Started EpeApplication in 9.838 seconds (JVM running for 11.184)
23:17:53.073 [RMI TCP Connection(2)-192.168.1.26] INFO  o.a.c.c.C.[Tomcat].[localhost].[/] - Initializing Spring DispatcherServlet 'dispatcherServlet'
23:17:53.073 [RMI TCP Connection(2)-192.168.1.26] INFO  o.s.web.servlet.DispatcherServlet - Initializing Servlet 'dispatcherServlet'
23:17:53.076 [RMI TCP Connection(2)-192.168.1.26] INFO  o.s.web.servlet.DispatcherServlet - Completed initialization in 3 ms
23:19:05.998 [http-nio-8075-exec-8] INFO  c.i.epe.service.impl.UserServiceImpl - Logging user girlea.adrian@isa.utm.md
23:19:06.643 [http-nio-8075-exec-6] INFO  c.i.e.s.i.AssessmentInformationImpl - Getting all the assessment information
23:19:10.401 [http-nio-8075-exec-7] INFO  c.i.e.s.i.AssessmentInformationImpl - Getting all the assessment information
23:19:12.502 [http-nio-8075-exec-9] INFO  c.i.e.s.i.AssessmentInformationImpl - Getting all the assessment information
23:19:14.169 [http-nio-8075-exec-10] INFO  c.i.epe.service.impl.UserServiceImpl - Getting user with id facae512-2d1a-4163-a6d1-f62473b77aca
23:19:14.194 [http-nio-8075-exec-2] INFO  c.i.epe.service.impl.UserServiceImpl - Getting user with id facae512-2d1a-4163-a6d1-f62473b77aca
23:19:21.691 [http-nio-8075-exec-6] INFO  c.i.epe.service.impl.UserServiceImpl - Getting Optional[User{email='girlea.adrian@isa.utm.md', firstname='Adrian', lastname='Girlea', birthDate=2000-09-07, employmentDate=2021-10-30, phoneNumber='+37378391911', job=com.isdintership.epe.entity.Job@32, bio='here goes your bio', password='$2a$10$Gc2/ScIJNaNdm6uK/rEtau49cz2KU3dsD2yD.83kkQhTqT/SQUkMy', role=com.isdintership.epe.entity.Role@83d2f91, team=null, buddyId=null}]'s buddies
23:19:24.970 [http-nio-8075-exec-9] INFO  c.i.epe.service.impl.UserServiceImpl - Getting Optional[User{email='girlea.adrian@isa.utm.md', firstname='Adrian', lastname='Girlea', birthDate=2000-09-07, employmentDate=2021-10-30, phoneNumber='+37378391911', job=com.isdintership.epe.entity.Job@32, bio='here goes your bio', password='$2a$10$Gc2/ScIJNaNdm6uK/rEtau49cz2KU3dsD2yD.83kkQhTqT/SQUkMy', role=com.isdintership.epe.entity.Role@1af2ad46, team=null, buddyId=null}]'s buddies
23:19:29.539 [http-nio-8075-exec-2] INFO  c.i.epe.service.impl.UserServiceImpl - Getting Optional[User{email='girlea.adrian@isa.utm.md', firstname='Adrian', lastname='Girlea', birthDate=2000-09-07, employmentDate=2021-10-30, phoneNumber='+37378391911', job=com.isdintership.epe.entity.Job@32, bio='here goes your bio', password='$2a$10$Gc2/ScIJNaNdm6uK/rEtau49cz2KU3dsD2yD.83kkQhTqT/SQUkMy', role=com.isdintership.epe.entity.Role@1c81fa12, team=null, buddyId=null}]'s buddies
23:19:36.443 [http-nio-8075-exec-8] INFO  c.i.epe.service.impl.UserServiceImpl - Getting user with id facae512-2d1a-4163-a6d1-f62473b77aca
23:19:36.477 [http-nio-8075-exec-7] INFO  c.i.epe.service.impl.UserServiceImpl - Getting user with id facae512-2d1a-4163-a6d1-f62473b77aca
23:19:37.561 [http-nio-8075-exec-1] INFO  c.i.e.s.impl.AssessmentServiceImpl - Getting all assigned assessments for user with id facae512-2d1a-4163-a6d1-f62473b77aca and status ACTIVE
23:19:37.561 [http-nio-8075-exec-9] INFO  c.i.e.s.impl.AssessmentServiceImpl - Getting all assigned assessments for user with id facae512-2d1a-4163-a6d1-f62473b77aca and status INACTIVE
23:19:46.302 [http-nio-8075-exec-3] INFO  c.i.epe.service.impl.UserServiceImpl - Getting user with id facae512-2d1a-4163-a6d1-f62473b77aca
23:19:46.339 [http-nio-8075-exec-5] INFO  c.i.epe.service.impl.UserServiceImpl - Getting user with id facae512-2d1a-4163-a6d1-f62473b77aca
23:19:47.775 [http-nio-8075-exec-6] INFO  c.i.e.s.i.AssessmentInformationImpl - Getting all the assessment information
23:19:49.370 [http-nio-8075-exec-7] INFO  c.i.e.s.i.AssessmentInformationImpl - Getting all the assessment information
23:19:50.268 [http-nio-8075-exec-9] INFO  c.i.epe.service.impl.UserServiceImpl - Getting user with id facae512-2d1a-4163-a6d1-f62473b77aca
23:19:50.293 [http-nio-8075-exec-4] INFO  c.i.epe.service.impl.UserServiceImpl - Getting user with id facae512-2d1a-4163-a6d1-f62473b77aca
23:19:51.697 [http-nio-8075-exec-2] INFO  c.i.epe.service.impl.UserServiceImpl - Getting Optional[User{email='girlea.adrian@isa.utm.md', firstname='Adrian', lastname='Girlea', birthDate=2000-09-07, employmentDate=2021-10-30, phoneNumber='+37378391911', job=com.isdintership.epe.entity.Job@32, bio='here goes your bio', password='$2a$10$Gc2/ScIJNaNdm6uK/rEtau49cz2KU3dsD2yD.83kkQhTqT/SQUkMy', role=com.isdintership.epe.entity.Role@50933c43, team=null, buddyId=null}]'s buddies
23:20:06.000 [http-nio-8075-exec-5] INFO  c.i.e.s.impl.AssessmentServiceImpl - Getting all assigned assessments for user with id facae512-2d1a-4163-a6d1-f62473b77aca and status ACTIVE
23:20:06.003 [http-nio-8075-exec-7] INFO  c.i.e.s.impl.AssessmentServiceImpl - Getting all assigned assessments for user with id facae512-2d1a-4163-a6d1-f62473b77aca and status INACTIVE
23:20:16.739 [http-nio-8075-exec-9] INFO  c.i.epe.service.impl.TeamServiceImpl - Getting all the team members of team with id facae512-2d1a-4163-a6d1-f62473b77aca
23:20:17.784 [http-nio-8075-exec-5] INFO  c.i.epe.service.impl.TeamServiceImpl - Getting the team leader of the user facae512-2d1a-4163-a6d1-f62473b77aca
23:20:17.801 [http-nio-8075-exec-10] INFO  c.i.epe.service.impl.UserServiceImpl - Getting all users
23:20:17.831 [http-nio-8075-exec-9] INFO  c.i.epe.service.impl.TeamServiceImpl - Getting the team leader of the user facae512-2d1a-4163-a6d1-f62473b77aca
23:20:17.844 [http-nio-8075-exec-7] INFO  c.i.epe.service.impl.UserServiceImpl - Getting all users
23:20:25.813 [http-nio-8075-exec-4] INFO  c.i.e.s.i.AssessmentTemplateServiceImpl - Returning all assessment templates
23:20:25.849 [http-nio-8075-exec-3] INFO  c.i.e.s.i.AssessmentTemplateServiceImpl - Returning all assessment templates
23:20:28.645 [http-nio-8075-exec-5] ERROR c.i.e.s.impl.AssessmentServiceImpl - Job position Java Developer from assessment template doesn't correspond to user job position C++ Developer
23:20:28.651 [http-nio-8075-exec-9] INFO  c.i.epe.service.impl.TeamServiceImpl - Getting the team leader of the user facae512-2d1a-4163-a6d1-f62473b77aca
23:20:28.655 [http-nio-8075-exec-2] INFO  c.i.epe.service.impl.UserServiceImpl - Getting all users
23:20:28.680 [http-nio-8075-exec-3] INFO  c.i.epe.service.impl.TeamServiceImpl - Getting the team leader of the user facae512-2d1a-4163-a6d1-f62473b77aca
23:20:28.689 [http-nio-8075-exec-1] INFO  c.i.epe.service.impl.UserServiceImpl - Getting all users
23:20:31.324 [http-nio-8075-exec-8] INFO  c.i.e.s.i.AssessmentTemplateServiceImpl - Returning all assessment templates
23:20:31.343 [http-nio-8075-exec-10] INFO  c.i.e.s.i.AssessmentTemplateServiceImpl - Returning all assessment templates
23:21:17.727 [http-nio-8075-exec-9] INFO  c.i.e.s.impl.AssessmentServiceImpl - Getting all assessments
23:21:33.832 [main] INFO  com.isdintership.epe.EpeApplication - Starting EpeApplication using Java 15.0.1 on WIN-BN043PJFA5A with PID 18520 (C:\Users\User\Desktop\employee-performance-evaluator\epe-backend\target\classes started by User in C:\Users\User\Desktop\employee-performance-evaluator)
23:21:33.832 [background-preinit] INFO  o.h.validator.internal.util.Version - HV000001: Hibernate Validator 6.2.0.Final
23:21:33.835 [main] INFO  com.isdintership.epe.EpeApplication - The following profiles are active: local
23:21:35.300 [main] INFO  o.s.d.r.c.RepositoryConfigurationDelegate - Bootstrapping Spring Data JPA repositories in DEFAULT mode.
23:21:35.412 [main] INFO  o.s.d.r.c.RepositoryConfigurationDelegate - Finished Spring Data repository scanning in 104 ms. Found 8 JPA repository interfaces.
23:21:35.864 [main] INFO  o.s.c.s.PostProcessorRegistrationDelegate$BeanPostProcessorChecker - Bean 'org.springframework.security.access.expression.method.DefaultMethodSecurityExpressionHandler@42297bdf' of type [org.springframework.security.access.expression.method.DefaultMethodSecurityExpressionHandler] is not eligible for getting processed by all BeanPostProcessors (for example: not eligible for auto-proxying)
23:21:35.872 [main] INFO  o.s.c.s.PostProcessorRegistrationDelegate$BeanPostProcessorChecker - Bean 'methodSecurityMetadataSource' of type [org.springframework.security.access.method.DelegatingMethodSecurityMetadataSource] is not eligible for getting processed by all BeanPostProcessors (for example: not eligible for auto-proxying)
23:21:36.148 [main] INFO  o.s.b.w.e.tomcat.TomcatWebServer - Tomcat initialized with port(s): 8075 (http)
23:21:36.157 [main] INFO  o.a.coyote.http11.Http11NioProtocol - Initializing ProtocolHandler ["http-nio-8075"]
23:21:36.158 [main] INFO  o.a.catalina.core.StandardService - Starting service [Tomcat]
23:21:36.159 [main] INFO  o.a.catalina.core.StandardEngine - Starting Servlet engine: [Apache Tomcat/9.0.54]
23:21:36.273 [main] INFO  o.a.c.c.C.[Tomcat].[localhost].[/] - Initializing Spring embedded WebApplicationContext
23:21:36.273 [main] INFO  o.s.b.w.s.c.ServletWebServerApplicationContext - Root WebApplicationContext: initialization completed in 2383 ms
23:21:36.759 [main] INFO  com.zaxxer.hikari.HikariDataSource - HikariPool-1 - Starting...
23:21:36.907 [main] INFO  com.zaxxer.hikari.HikariDataSource - HikariPool-1 - Start completed.
23:21:36.992 [main] INFO  o.h.jpa.internal.util.LogHelper - HHH000204: Processing PersistenceUnitInfo [name: default]
23:21:37.040 [main] INFO  org.hibernate.Version - HHH000412: Hibernate ORM core version 5.4.32.Final
23:21:37.152 [main] INFO  o.h.annotations.common.Version - HCANN000001: Hibernate Commons Annotations {5.1.2.Final}
23:21:37.251 [main] INFO  org.hibernate.dialect.Dialect - HHH000400: Using dialect: org.hibernate.dialect.PostgreSQLDialect
23:21:38.298 [main] INFO  o.h.e.t.j.p.i.JtaPlatformInitiator - HHH000490: Using JtaPlatform implementation: [org.hibernate.engine.transaction.jta.platform.internal.NoJtaPlatform]
23:21:38.307 [main] INFO  o.s.o.j.LocalContainerEntityManagerFactoryBean - Initialized JPA EntityManagerFactory for persistence unit 'default'
23:21:40.264 [main] INFO  o.s.b.a.e.web.EndpointLinksResolver - Exposing 15 endpoint(s) beneath base path '/api/actuator'
23:21:41.603 [main] INFO  o.s.s.web.DefaultSecurityFilterChain - Will secure any request with [com.isdintership.epe.security.ExceptionHandlerFilter@7ef8e623, com.isdintership.epe.security.SimpleCORSFilter@7c7ed72a, org.springframework.security.web.context.request.async.WebAsyncManagerIntegrationFilter@76737130, org.springframework.security.web.context.SecurityContextPersistenceFilter@e8bd42f, org.springframework.security.web.header.HeaderWriterFilter@142ac60e, org.springframework.security.web.authentication.logout.LogoutFilter@e7529ac, com.isdintership.epe.security.jwt.JwtTokenFilter@6a2d1f6d, org.springframework.security.web.savedrequest.RequestCacheAwareFilter@77510da, org.springframework.security.web.servletapi.SecurityContextHolderAwareRequestFilter@53b10e9a, org.springframework.security.web.authentication.AnonymousAuthenticationFilter@6f2a13c7, org.springframework.security.web.session.SessionManagementFilter@7859bd9a, org.springframework.security.web.access.ExceptionTranslationFilter@3a7e13c0, org.springframework.security.web.access.intercept.FilterSecurityInterceptor@521981d9]
23:21:41.788 [main] INFO  o.a.coyote.http11.Http11NioProtocol - Starting ProtocolHandler ["http-nio-8075"]
23:21:41.811 [main] INFO  o.s.b.w.e.tomcat.TomcatWebServer - Tomcat started on port(s): 8075 (http) with context path ''
23:21:42.792 [main] INFO  com.isdintership.epe.EpeApplication - Started EpeApplication in 9.414 seconds (JVM running for 10.845)
23:21:43.739 [RMI TCP Connection(2)-192.168.1.26] INFO  o.a.c.c.C.[Tomcat].[localhost].[/] - Initializing Spring DispatcherServlet 'dispatcherServlet'
23:21:43.739 [RMI TCP Connection(2)-192.168.1.26] INFO  o.s.web.servlet.DispatcherServlet - Initializing Servlet 'dispatcherServlet'
23:21:43.743 [RMI TCP Connection(2)-192.168.1.26] INFO  o.s.web.servlet.DispatcherServlet - Completed initialization in 4 ms
23:21:57.966 [http-nio-8075-exec-1] INFO  c.i.e.s.impl.AssessmentServiceImpl - Getting all assessments
23:22:18.654 [http-nio-8075-exec-3] INFO  c.i.e.s.impl.AssessmentServiceImpl - Updating user with id 1fcaa347-89fb-4255-9e90-45f657e81072
23:24:03.295 [http-nio-8075-exec-5] INFO  c.i.e.s.impl.AssessmentServiceImpl - Getting all assessments
23:24:11.007 [http-nio-8075-exec-7] INFO  c.i.e.s.impl.AssessmentServiceImpl - Updating user with id a4dbfa13-dd1c-41a9-834a-532eae594aa8
23:24:28.908 [http-nio-8075-exec-10] INFO  c.i.e.s.i.AssessmentInformationImpl - Getting all the assessment information
23:25:07.316 [http-nio-8075-exec-1] INFO  c.i.e.s.i.AssessmentInformationImpl - Getting all the assessment information
23:25:14.287 [http-nio-8075-exec-2] INFO  c.i.e.s.i.AssessmentInformationImpl - Getting all the assessment information
23:26:09.780 [http-nio-8075-exec-4] INFO  c.i.e.s.i.AssessmentInformationImpl - Getting all the assessment information
23:26:31.450 [http-nio-8075-exec-5] INFO  c.i.e.s.i.AssessmentInformationImpl - Getting all the assessment information
23:28:21.437 [http-nio-8075-exec-7] INFO  c.i.e.s.i.AssessmentInformationImpl - Getting all the assessment information
23:30:04.822 [http-nio-8075-exec-9] INFO  c.i.e.s.i.AssessmentInformationImpl - Getting all the assessment information
23:30:09.552 [http-nio-8075-exec-10] INFO  c.i.e.s.impl.AssessmentServiceImpl - Getting all assessments
23:30:42.489 [http-nio-8075-exec-1] INFO  c.i.e.s.impl.AssessmentServiceImpl - Getting all assessments
23:30:54.328 [http-nio-8075-exec-2] INFO  c.i.e.s.impl.AssessmentServiceImpl - Getting all assessments
23:31:02.102 [http-nio-8075-exec-3] INFO  c.i.epe.service.impl.TeamServiceImpl - Getting all the team members of team with id facae512-2d1a-4163-a6d1-f62473b77aca
23:31:03.154 [http-nio-8075-exec-7] INFO  c.i.epe.service.impl.TeamServiceImpl - Getting the team leader of the user facae512-2d1a-4163-a6d1-f62473b77aca
23:31:03.179 [http-nio-8075-exec-4] INFO  c.i.epe.service.impl.UserServiceImpl - Getting all users
23:31:03.183 [http-nio-8075-exec-10] INFO  c.i.epe.service.impl.TeamServiceImpl - Getting the team leader of the user facae512-2d1a-4163-a6d1-f62473b77aca
23:31:03.210 [http-nio-8075-exec-1] INFO  c.i.epe.service.impl.UserServiceImpl - Getting all users
23:31:04.314 [http-nio-8075-exec-2] INFO  c.i.e.s.i.AssessmentTemplateServiceImpl - Returning all assessment templates
23:31:04.330 [http-nio-8075-exec-3] INFO  c.i.e.s.i.AssessmentTemplateServiceImpl - Returning all assessment templates
23:31:05.731 [http-nio-8075-exec-10] INFO  c.i.epe.service.impl.TeamServiceImpl - Getting the team leader of the user facae512-2d1a-4163-a6d1-f62473b77aca
23:31:05.752 [http-nio-8075-exec-7] INFO  c.i.epe.service.impl.UserServiceImpl - Getting all users
23:31:05.764 [http-nio-8075-exec-2] INFO  c.i.epe.service.impl.TeamServiceImpl - Getting the team leader of the user facae512-2d1a-4163-a6d1-f62473b77aca
23:31:05.771 [http-nio-8075-exec-6] INFO  c.i.e.s.impl.AssessmentServiceImpl - Getting information about assessment with id 4317ab6b-7f37-4068-9f78-b4f1a6b42d5c
23:31:05.775 [http-nio-8075-exec-6] INFO  c.i.e.s.impl.AssessmentServiceImpl - Started assessment with id 4317ab6b-7f37-4068-9f78-b4f1a6b42d5c
23:31:05.788 [http-nio-8075-exec-7] INFO  c.i.epe.service.impl.UserServiceImpl - Getting all users
23:31:06.800 [http-nio-8075-exec-5] INFO  c.i.e.s.impl.AssessmentServiceImpl - Getting all assessments
23:31:12.513 [http-nio-8075-exec-4] INFO  c.i.e.s.impl.AssessmentServiceImpl - Updating user with id 4317ab6b-7f37-4068-9f78-b4f1a6b42d5c
23:32:19.334 [http-nio-8075-exec-6] INFO  c.i.e.s.impl.AssessmentServiceImpl - Getting all assessments
23:32:20.431 [http-nio-8075-exec-7] INFO  c.i.epe.service.impl.TeamServiceImpl - Getting all the team members of team with id facae512-2d1a-4163-a6d1-f62473b77aca
23:32:21.472 [http-nio-8075-exec-10] INFO  c.i.epe.service.impl.TeamServiceImpl - Getting the team leader of the user facae512-2d1a-4163-a6d1-f62473b77aca
23:32:21.482 [http-nio-8075-exec-5] INFO  c.i.epe.service.impl.UserServiceImpl - Getting all users
23:32:21.508 [http-nio-8075-exec-1] INFO  c.i.epe.service.impl.TeamServiceImpl - Getting the team leader of the user facae512-2d1a-4163-a6d1-f62473b77aca
23:32:21.518 [http-nio-8075-exec-9] INFO  c.i.epe.service.impl.UserServiceImpl - Getting all users
23:32:22.493 [http-nio-8075-exec-6] INFO  c.i.e.s.i.AssessmentTemplateServiceImpl - Returning all assessment templates
23:32:22.521 [http-nio-8075-exec-7] INFO  c.i.e.s.i.AssessmentTemplateServiceImpl - Returning all assessment templates
23:32:23.995 [http-nio-8075-exec-1] INFO  c.i.epe.service.impl.TeamServiceImpl - Getting the team leader of the user facae512-2d1a-4163-a6d1-f62473b77aca
23:32:23.995 [http-nio-8075-exec-10] INFO  c.i.e.s.impl.AssessmentServiceImpl - Getting information about assessment with id bfdb8b8c-93b2-4f3f-b628-954e01b92c9a
23:32:24.000 [http-nio-8075-exec-10] INFO  c.i.e.s.impl.AssessmentServiceImpl - Started assessment with id bfdb8b8c-93b2-4f3f-b628-954e01b92c9a
23:32:24.009 [http-nio-8075-exec-4] INFO  c.i.epe.service.impl.UserServiceImpl - Getting all users
23:32:24.023 [http-nio-8075-exec-6] INFO  c.i.epe.service.impl.TeamServiceImpl - Getting the team leader of the user facae512-2d1a-4163-a6d1-f62473b77aca
23:32:24.043 [http-nio-8075-exec-7] INFO  c.i.epe.service.impl.UserServiceImpl - Getting all users
23:32:25.707 [http-nio-8075-exec-8] INFO  c.i.e.s.impl.AssessmentServiceImpl - Getting all assessments
23:32:30.885 [http-nio-8075-exec-1] INFO  c.i.e.s.impl.AssessmentServiceImpl - Updating user with id bfdb8b8c-93b2-4f3f-b628-954e01b92c9a
