00:02:13.806 [background-preinit] INFO  o.h.validator.internal.util.Version - HV000001: Hibernate Validator 6.2.0.Final
00:02:13.809 [main] INFO  com.isdintership.epe.EpeApplication - Starting EpeApplication using Java 15.0.1 on DESKTOP-98RMHLG with PID 16156 (D:\Projects\employee-performance-evaluator\epe-backend\target\classes started by Максим in D:\Projects\employee-performance-evaluator\epe-backend)
00:02:13.810 [main] INFO  com.isdintership.epe.EpeApplication - The following profiles are active: local
00:02:15.502 [main] INFO  o.s.d.r.c.RepositoryConfigurationDelegate - Bootstrapping Spring Data JPA repositories in DEFAULT mode.
00:02:15.612 [main] INFO  o.s.d.r.c.RepositoryConfigurationDelegate - Finished Spring Data repository scanning in 102 ms. Found 8 JPA repository interfaces.
00:02:16.023 [main] INFO  o.s.c.s.PostProcessorRegistrationDelegate$BeanPostProcessorChecker - Bean 'org.springframework.security.access.expression.method.DefaultMethodSecurityExpressionHandler@2ee39e73' of type [org.springframework.security.access.expression.method.DefaultMethodSecurityExpressionHandler] is not eligible for getting processed by all BeanPostProcessors (for example: not eligible for auto-proxying)
00:02:16.029 [main] INFO  o.s.c.s.PostProcessorRegistrationDelegate$BeanPostProcessorChecker - Bean 'methodSecurityMetadataSource' of type [org.springframework.security.access.method.DelegatingMethodSecurityMetadataSource] is not eligible for getting processed by all BeanPostProcessors (for example: not eligible for auto-proxying)
00:02:16.343 [main] INFO  o.s.b.w.e.tomcat.TomcatWebServer - Tomcat initialized with port(s): 8075 (http)
00:02:16.351 [main] INFO  o.a.coyote.http11.Http11NioProtocol - Initializing ProtocolHandler ["http-nio-8075"]
00:02:16.353 [main] INFO  o.a.catalina.core.StandardService - Starting service [Tomcat]
00:02:16.353 [main] INFO  o.a.catalina.core.StandardEngine - Starting Servlet engine: [Apache Tomcat/9.0.54]
00:02:16.485 [main] INFO  o.a.c.c.C.[Tomcat].[localhost].[/] - Initializing Spring embedded WebApplicationContext
00:02:16.485 [main] INFO  o.s.b.w.s.c.ServletWebServerApplicationContext - Root WebApplicationContext: initialization completed in 2592 ms
00:02:16.956 [main] INFO  o.h.jpa.internal.util.LogHelper - HHH000204: Processing PersistenceUnitInfo [name: default]
00:02:17.048 [main] INFO  org.hibernate.Version - HHH000412: Hibernate ORM core version 5.4.32.Final
00:02:17.185 [main] INFO  o.h.annotations.common.Version - HCANN000001: Hibernate Commons Annotations {5.1.2.Final}
00:02:17.277 [main] INFO  com.zaxxer.hikari.HikariDataSource - HikariPool-1 - Starting...
00:02:17.507 [main] INFO  com.zaxxer.hikari.HikariDataSource - HikariPool-1 - Start completed.
00:02:17.534 [main] INFO  org.hibernate.dialect.Dialect - HHH000400: Using dialect: org.hibernate.dialect.PostgreSQLDialect
00:02:18.485 [main] INFO  o.h.e.t.j.p.i.JtaPlatformInitiator - HHH000490: Using JtaPlatform implementation: [org.hibernate.engine.transaction.jta.platform.internal.NoJtaPlatform]
00:02:18.493 [main] INFO  o.s.o.j.LocalContainerEntityManagerFactoryBean - Initialized JPA EntityManagerFactory for persistence unit 'default'
00:02:20.110 [main] INFO  o.s.b.a.e.web.EndpointLinksResolver - Exposing 15 endpoint(s) beneath base path '/api/actuator'
00:02:21.124 [main] INFO  o.s.s.web.DefaultSecurityFilterChain - Will secure any request with [com.isdintership.epe.security.ExceptionHandlerFilter@305552d6, com.isdintership.epe.security.SimpleCORSFilter@61ab6521, org.springframework.security.web.context.request.async.WebAsyncManagerIntegrationFilter@1bef1304, org.springframework.security.web.context.SecurityContextPersistenceFilter@7f5582db, org.springframework.security.web.header.HeaderWriterFilter@4190b111, org.springframework.security.web.authentication.logout.LogoutFilter@27b89e0a, com.isdintership.epe.security.jwt.JwtTokenFilter@835718b, org.springframework.security.web.savedrequest.RequestCacheAwareFilter@736de3b6, org.springframework.security.web.servletapi.SecurityContextHolderAwareRequestFilter@30130a31, org.springframework.security.web.authentication.AnonymousAuthenticationFilter@2e6dc94c, org.springframework.security.web.session.SessionManagementFilter@35266985, org.springframework.security.web.access.ExceptionTranslationFilter@16716cc0, org.springframework.security.web.access.intercept.FilterSecurityInterceptor@b24e21f]
00:02:21.231 [main] INFO  o.a.coyote.http11.Http11NioProtocol - Starting ProtocolHandler ["http-nio-8075"]
00:02:21.261 [main] INFO  o.s.b.w.e.tomcat.TomcatWebServer - Tomcat started on port(s): 8075 (http) with context path ''
00:02:22.068 [main] INFO  com.isdintership.epe.EpeApplication - Started EpeApplication in 8.68 seconds (JVM running for 10.431)
00:02:22.553 [RMI TCP Connection(2)-10.40.0.66] INFO  o.a.c.c.C.[Tomcat].[localhost].[/] - Initializing Spring DispatcherServlet 'dispatcherServlet'
00:02:22.553 [RMI TCP Connection(2)-10.40.0.66] INFO  o.s.web.servlet.DispatcherServlet - Initializing Servlet 'dispatcherServlet'
00:02:22.556 [RMI TCP Connection(2)-10.40.0.66] INFO  o.s.web.servlet.DispatcherServlet - Completed initialization in 3 ms
00:24:00.889 [SpringApplicationShutdownHook] INFO  o.s.o.j.LocalContainerEntityManagerFactoryBean - Closing JPA EntityManagerFactory for persistence unit 'default'
00:24:00.893 [SpringApplicationShutdownHook] INFO  com.zaxxer.hikari.HikariDataSource - HikariPool-1 - Shutdown initiated...
00:24:00.900 [SpringApplicationShutdownHook] INFO  com.zaxxer.hikari.HikariDataSource - HikariPool-1 - Shutdown completed.
